running egg_info
writing ../build/yolo/yolo.egg-info/PKG-INFO
writing dependency_links to ../build/yolo/yolo.egg-info/dependency_links.txt
writing entry points to ../build/yolo/yolo.egg-info/entry_points.txt
writing requirements to ../build/yolo/yolo.egg-info/requires.txt
writing top-level names to ../build/yolo/yolo.egg-info/top_level.txt
reading manifest file '../build/yolo/yolo.egg-info/SOURCES.txt'
writing manifest file '../build/yolo/yolo.egg-info/SOURCES.txt'
running build
running build_py
copying yolo/yolo_publisher.py -> /home/surya/ros2_ws/src/build/yolo/build/lib/yolo
copying yolo/yolo_subscriber.py -> /home/surya/ros2_ws/src/build/yolo/build/lib/yolo
running install
running install_lib
copying /home/surya/ros2_ws/src/build/yolo/build/lib/yolo/yolo_publisher.py -> /home/surya/ros2_ws/src/install/yolo/lib/python3.10/site-packages/yolo
copying /home/surya/ros2_ws/src/build/yolo/build/lib/yolo/yolo_subscriber.py -> /home/surya/ros2_ws/src/install/yolo/lib/python3.10/site-packages/yolo
byte-compiling /home/surya/ros2_ws/src/install/yolo/lib/python3.10/site-packages/yolo/yolo_publisher.py to yolo_publisher.cpython-310.pyc
byte-compiling /home/surya/ros2_ws/src/install/yolo/lib/python3.10/site-packages/yolo/yolo_subscriber.py to yolo_subscriber.cpython-310.pyc
running install_data
running install_egg_info
removing '/home/surya/ros2_ws/src/install/yolo/lib/python3.10/site-packages/yolo-0.0.0-py3.10.egg-info' (and everything under it)
Copying ../build/yolo/yolo.egg-info to /home/surya/ros2_ws/src/install/yolo/lib/python3.10/site-packages/yolo-0.0.0-py3.10.egg-info
running install_scripts
writing list of installed files to '/home/surya/ros2_ws/src/build/yolo/install.log'
