[0.625s] Invoking command in '/home/surya/ros2_ws/src/yolo': PYTHONPATH=/home/surya/ros2_ws/src/build/yolo/prefix_override:/usr/lib/python3/dist-packages/colcon_core/task/python/colcon_distutils_commands:/home/surya/ros2_ws/src/install/yolo/lib/python3.10/site-packages:${PYTHONPATH} /usr/bin/python3 -W ignore:setup.py install is deprecated -W ignore:easy_install command is deprecated setup.py egg_info --egg-base ../build/yolo build --build-base /home/surya/ros2_ws/src/build/yolo/build install --record /home/surya/ros2_ws/src/build/yolo/install.log --single-version-externally-managed install_data
[0.805s] running egg_info
[0.805s] writing ../build/yolo/yolo.egg-info/PKG-INFO
[0.806s] writing dependency_links to ../build/yolo/yolo.egg-info/dependency_links.txt
[0.806s] writing entry points to ../build/yolo/yolo.egg-info/entry_points.txt
[0.806s] writing requirements to ../build/yolo/yolo.egg-info/requires.txt
[0.806s] writing top-level names to ../build/yolo/yolo.egg-info/top_level.txt
[0.807s] reading manifest file '../build/yolo/yolo.egg-info/SOURCES.txt'
[0.807s] writing manifest file '../build/yolo/yolo.egg-info/SOURCES.txt'
[0.808s] running build
[0.808s] running build_py
[0.808s] copying yolo/yolo_publisher.py -> /home/surya/ros2_ws/src/build/yolo/build/lib/yolo
[0.808s] copying yolo/yolo_subscriber.py -> /home/surya/ros2_ws/src/build/yolo/build/lib/yolo
[0.808s] running install
[0.808s] running install_lib
[0.809s] copying /home/surya/ros2_ws/src/build/yolo/build/lib/yolo/yolo_publisher.py -> /home/surya/ros2_ws/src/install/yolo/lib/python3.10/site-packages/yolo
[0.809s] copying /home/surya/ros2_ws/src/build/yolo/build/lib/yolo/yolo_subscriber.py -> /home/surya/ros2_ws/src/install/yolo/lib/python3.10/site-packages/yolo
[0.809s] byte-compiling /home/surya/ros2_ws/src/install/yolo/lib/python3.10/site-packages/yolo/yolo_publisher.py to yolo_publisher.cpython-310.pyc
[0.810s] byte-compiling /home/surya/ros2_ws/src/install/yolo/lib/python3.10/site-packages/yolo/yolo_subscriber.py to yolo_subscriber.cpython-310.pyc
[0.810s] running install_data
[0.810s] running install_egg_info
[0.811s] removing '/home/surya/ros2_ws/src/install/yolo/lib/python3.10/site-packages/yolo-0.0.0-py3.10.egg-info' (and everything under it)
[0.811s] Copying ../build/yolo/yolo.egg-info to /home/surya/ros2_ws/src/install/yolo/lib/python3.10/site-packages/yolo-0.0.0-py3.10.egg-info
[0.812s] running install_scripts
[0.827s] writing list of installed files to '/home/surya/ros2_ws/src/build/yolo/install.log'
[0.846s] Invoked command in '/home/surya/ros2_ws/src/yolo' returned '0': PYTHONPATH=/home/surya/ros2_ws/src/build/yolo/prefix_override:/usr/lib/python3/dist-packages/colcon_core/task/python/colcon_distutils_commands:/home/surya/ros2_ws/src/install/yolo/lib/python3.10/site-packages:${PYTHONPATH} /usr/bin/python3 -W ignore:setup.py install is deprecated -W ignore:easy_install command is deprecated setup.py egg_info --egg-base ../build/yolo build --build-base /home/surya/ros2_ws/src/build/yolo/build install --record /home/surya/ros2_ws/src/build/yolo/install.log --single-version-externally-managed install_data
