[0.013s] Invoking command in '/home/surya/ros2_ws/src/build/yolov8_msgs': CMAKE_PREFIX_PATH=${CMAKE_PREFIX_PATH}:/home/surya/ros2_ws/install/turtlesim_controller:/home/surya/ros2_ws/install/opencv_ros:/home/surya/ros2_ws/install/opencv:/home/surya/ros2_ws/install/lidar_based_contoller:/opt/ros/humble /usr/bin/cmake /home/surya/ros2_ws/src/yolov8_msgs -DCMAKE_INSTALL_PREFIX=/home/surya/ros2_ws/src/install/yolov8_msgs
[0.079s] -- The C compiler identification is GNU 11.4.0
[0.147s] -- The CXX compiler identification is GNU 11.4.0
[0.157s] -- Detecting C compiler ABI info
[0.246s] -- Detecting C compiler ABI info - done
[0.254s] -- Check for working C compiler: /usr/bin/cc - skipped
[0.254s] -- Detecting C compile features
[0.254s] -- Detecting C compile features - done
[0.258s] -- Detecting CXX compiler ABI info
[0.360s] -- Detecting CXX compiler ABI info - done
[0.367s] -- Check for working CXX compiler: /usr/bin/c++ - skipped
[0.367s] -- Detecting CXX compile features
[0.368s] -- Detecting CXX compile features - done
[0.372s] -- Found ament_cmake: 1.3.11 (/opt/ros/humble/share/ament_cmake/cmake)
[0.544s] -- Found Python3: /usr/bin/python3 (found version "3.10.12") found components: Interpreter 
[0.628s] -- Found rosidl_default_generators: 1.2.0 (/opt/ros/humble/share/rosidl_default_generators/cmake)
[0.632s] -- Using all available rosidl_typesupport_c: rosidl_typesupport_fastrtps_c;rosidl_typesupport_introspection_c
[0.640s] -- Found rosidl_adapter: 3.1.6 (/opt/ros/humble/share/rosidl_adapter/cmake)
[0.678s] -- Using all available rosidl_typesupport_cpp: rosidl_typesupport_fastrtps_cpp;rosidl_typesupport_introspection_cpp
[0.839s] [31mCMake Error at /opt/ros/humble/share/rosidl_adapter/cmake/rosidl_adapt_interfaces.cmake:59 (message):
[0.839s]   execute_process(/usr/bin/python3 -m rosidl_adapter --package-name
[0.839s]   yolov8_msgs --arguments-file
[0.839s]   /home/surya/ros2_ws/src/build/yolov8_msgs/rosidl_adapter__arguments__yolov8_msgs.json
[0.839s]   --output-dir
[0.839s]   /home/surya/ros2_ws/src/build/yolov8_msgs/rosidl_adapter/yolov8_msgs
[0.839s]   --output-file
[0.839s]   /home/surya/ros2_ws/src/build/yolov8_msgs/rosidl_adapter/yolov8_msgs.idls)
[0.839s]   returned error code 1:
[0.839s] 
[0.839s]   Traceback (most recent call last):
[0.839s] 
[0.839s]     File "/usr/lib/python3.10/runpy.py", line 196, in _run_module_as_main
[0.839s]       return _run_code(code, main_globals, None,
[0.839s]     File "/usr/lib/python3.10/runpy.py", line 86, in _run_code
[0.840s]       exec(code, run_globals)
[0.840s]     File "/opt/ros/humble/local/lib/python3.10/dist-packages/rosidl_adapter/__main__.py", line 19, in <module>
[0.840s]       sys.exit(main())
[0.840s]     File "/opt/ros/humble/local/lib/python3.10/dist-packages/rosidl_adapter/main.py", line 53, in main
[0.840s]       abs_idl_file = convert_to_idl(
[0.840s]     File "/opt/ros/humble/local/lib/python3.10/dist-packages/rosidl_adapter/__init__.py", line 19, in convert_to_idl
[0.840s]       return convert_msg_to_idl(
[0.840s]     File "/opt/ros/humble/local/lib/python3.10/dist-packages/rosidl_adapter/msg/__init__.py", line 28, in convert_msg_to_idl
[0.840s]       msg = parse_message_string(package_name, input_file.stem, content)
[0.840s]     File "/opt/ros/humble/local/lib/python3.10/dist-packages/rosidl_adapter/parser.py", line 544, in parse_message_string
[0.840s]       msg = MessageSpecification(pkg_name, msg_name, fields, constants)
[0.840s]     File "/opt/ros/humble/local/lib/python3.10/dist-packages/rosidl_adapter/parser.py", line 388, in __init__
[0.840s]       self.base_type = BaseType(
[0.840s]     File "/opt/ros/humble/local/lib/python3.10/dist-packages/rosidl_adapter/parser.py", line 205, in __init__
[0.840s]       raise InvalidResourceName(
[0.840s] 
[0.840s]   rosidl_adapter.parser.InvalidResourceName: 'detections' is an invalid
[0.840s]   message name.  It should have the pattern '^[A-Z][A-Za-z0-9]*$'
[0.840s] 
[0.840s] Call Stack (most recent call first):
[0.840s]   /opt/ros/humble/share/rosidl_cmake/cmake/rosidl_generate_interfaces.cmake:130 (rosidl_adapt_interfaces)
[0.840s]   CMakeLists.txt:12 (rosidl_generate_interfaces)
[0.840s] 
[0.840s] [0m
[0.840s] -- Configuring incomplete, errors occurred!
[0.840s] See also "/home/surya/ros2_ws/src/build/yolov8_msgs/CMakeFiles/CMakeOutput.log".
[0.845s] Invoked command in '/home/surya/ros2_ws/src/build/yolov8_msgs' returned '1': CMAKE_PREFIX_PATH=${CMAKE_PREFIX_PATH}:/home/surya/ros2_ws/install/turtlesim_controller:/home/surya/ros2_ws/install/opencv_ros:/home/surya/ros2_ws/install/opencv:/home/surya/ros2_ws/install/lidar_based_contoller:/opt/ros/humble /usr/bin/cmake /home/surya/ros2_ws/src/yolov8_msgs -DCMAKE_INSTALL_PREFIX=/home/surya/ros2_ws/src/install/yolov8_msgs
