[0.504s] Invoking command in '/home/surya/ros2_ws/src/action_server': PYTHONPATH=/home/surya/ros2_ws/src/action_server/build/action_server/prefix_override:/usr/lib/python3/dist-packages/colcon_core/task/python/colcon_distutils_commands:/home/surya/ros2_ws/src/action_server/install/action_server/lib/python3.10/site-packages:${PYTHONPATH} /usr/bin/python3 -W ignore:setup.py install is deprecated -W ignore:easy_install command is deprecated setup.py egg_info --egg-base build/action_server build --build-base /home/surya/ros2_ws/src/action_server/build/action_server/build install --record /home/surya/ros2_ws/src/action_server/build/action_server/install.log --single-version-externally-managed install_data
[0.695s] running egg_info
[0.695s] writing build/action_server/action_server.egg-info/PKG-INFO
[0.695s] writing dependency_links to build/action_server/action_server.egg-info/dependency_links.txt
[0.695s] writing entry points to build/action_server/action_server.egg-info/entry_points.txt
[0.695s] writing requirements to build/action_server/action_server.egg-info/requires.txt
[0.696s] writing top-level names to build/action_server/action_server.egg-info/top_level.txt
[0.696s] reading manifest file 'build/action_server/action_server.egg-info/SOURCES.txt'
[0.697s] writing manifest file 'build/action_server/action_server.egg-info/SOURCES.txt'
[0.697s] running build
[0.697s] running build_py
[0.697s] copying action_server/rotation_client.py -> /home/surya/ros2_ws/src/action_server/build/action_server/build/lib/action_server
[0.697s] running install
[0.698s] running install_lib
[0.698s] copying /home/surya/ros2_ws/src/action_server/build/action_server/build/lib/action_server/rotation_client.py -> /home/surya/ros2_ws/src/action_server/install/action_server/lib/python3.10/site-packages/action_server
[0.699s] byte-compiling /home/surya/ros2_ws/src/action_server/install/action_server/lib/python3.10/site-packages/action_server/rotation_client.py to rotation_client.cpython-310.pyc
[0.699s] running install_data
[0.699s] running install_egg_info
[0.701s] removing '/home/surya/ros2_ws/src/action_server/install/action_server/lib/python3.10/site-packages/action_server-0.0.0-py3.10.egg-info' (and everything under it)
[0.701s] Copying build/action_server/action_server.egg-info to /home/surya/ros2_ws/src/action_server/install/action_server/lib/python3.10/site-packages/action_server-0.0.0-py3.10.egg-info
[0.702s] running install_scripts
[0.717s] Installing rotation_client script to /home/surya/ros2_ws/src/action_server/install/action_server/lib/action_server
[0.718s] Installing rotation_server script to /home/surya/ros2_ws/src/action_server/install/action_server/lib/action_server
[0.718s] writing list of installed files to '/home/surya/ros2_ws/src/action_server/build/action_server/install.log'
[0.737s] Invoked command in '/home/surya/ros2_ws/src/action_server' returned '0': PYTHONPATH=/home/surya/ros2_ws/src/action_server/build/action_server/prefix_override:/usr/lib/python3/dist-packages/colcon_core/task/python/colcon_distutils_commands:/home/surya/ros2_ws/src/action_server/install/action_server/lib/python3.10/site-packages:${PYTHONPATH} /usr/bin/python3 -W ignore:setup.py install is deprecated -W ignore:easy_install command is deprecated setup.py egg_info --egg-base build/action_server build --build-base /home/surya/ros2_ws/src/action_server/build/action_server/build install --record /home/surya/ros2_ws/src/action_server/build/action_server/install.log --single-version-externally-managed install_data
