[0.012s] Invoking command in '/home/surya/ros2_ws/src/build/my_custom_interface': CMAKE_PREFIX_PATH=/home/surya/ros2_ws/install/week1:/home/surya/ros2_ws/install/tweak:/home/surya/ros2_ws/install/tutorial_interfaces:/home/surya/ros2_ws/install/service:/home/surya/ros2_ws/install/second_robot:/home/surya/ros2_ws/install/my_robot_controller:/opt/ros/humble /usr/bin/cmake /home/surya/ros2_ws/src/my_custom_interface -DCMAKE_INSTALL_PREFIX=/home/surya/ros2_ws/src/install/my_custom_interface
[0.076s] -- The C compiler identification is GNU 11.4.0
[0.139s] -- The CXX compiler identification is GNU 11.4.0
[0.148s] -- Detecting C compiler ABI info
[0.236s] -- Detecting C compiler ABI info - done
[0.243s] -- Check for working C compiler: /usr/bin/cc - skipped
[0.243s] -- Detecting C compile features
[0.244s] -- Detecting C compile features - done
[0.247s] -- Detecting CXX compiler ABI info
[0.325s] -- Detecting CXX compiler ABI info - done
[0.330s] -- Check for working CXX compiler: /usr/bin/c++ - skipped
[0.331s] -- Detecting CXX compile features
[0.331s] -- Detecting CXX compile features - done
[0.333s] -- Found ament_cmake: 1.3.11 (/opt/ros/humble/share/ament_cmake/cmake)
[0.454s] -- Found Python3: /usr/bin/python3 (found version "3.10.12") found components: Interpreter 
[0.525s] -- Found geometry_msgs: 4.8.0 (/opt/ros/humble/share/geometry_msgs/cmake)
[0.555s] -- Found rosidl_generator_c: 3.1.6 (/opt/ros/humble/share/rosidl_generator_c/cmake)
[0.559s] -- Found rosidl_adapter: 3.1.6 (/opt/ros/humble/share/rosidl_adapter/cmake)
[0.566s] -- Found rosidl_generator_cpp: 3.1.6 (/opt/ros/humble/share/rosidl_generator_cpp/cmake)
[0.575s] -- Using all available rosidl_typesupport_c: rosidl_typesupport_fastrtps_c;rosidl_typesupport_introspection_c
[0.587s] -- Using all available rosidl_typesupport_cpp: rosidl_typesupport_fastrtps_cpp;rosidl_typesupport_introspection_cpp
[0.615s] -- Found rosidl_default_generators: 1.2.0 (/opt/ros/humble/share/rosidl_default_generators/cmake)
[0.828s] -- Found ament_cmake_ros: 0.10.0 (/opt/ros/humble/share/ament_cmake_ros/cmake)
[1.154s] -- Using all available rosidl_typesupport_c: rosidl_typesupport_fastrtps_c;rosidl_typesupport_introspection_c
[1.280s] -- Using all available rosidl_typesupport_cpp: rosidl_typesupport_fastrtps_cpp;rosidl_typesupport_introspection_cpp
[1.299s] -- Found PythonInterp: /usr/bin/python3 (found suitable version "3.10.12", minimum required is "3.6") 
[1.300s] -- Found python_cmake_module: 0.10.0 (/opt/ros/humble/share/python_cmake_module/cmake)
[1.321s] -- Found PythonLibs: /usr/lib/x86_64-linux-gnu/libpython3.10.so (found suitable version "3.10.12", minimum required is "3.5") 
[1.321s] -- Using PYTHON_EXECUTABLE: /usr/bin/python3
[1.321s] -- Using PYTHON_INCLUDE_DIRS: /usr/include/python3.10
[1.321s] -- Using PYTHON_LIBRARIES: /usr/lib/x86_64-linux-gnu/libpython3.10.so
[1.341s] -- Found PythonExtra: .so  
[1.386s] -- Found ament_lint_auto: 0.12.12 (/opt/ros/humble/share/ament_lint_auto/cmake)
[1.402s] -- Added test 'lint_cmake' to check CMake code style
[1.403s] -- Added test 'xmllint' to check XML markup files
[1.405s] -- Configuring done
[1.432s] -- Generating done
[1.440s] -- Build files have been written to: /home/surya/ros2_ws/src/build/my_custom_interface
[1.448s] Invoked command in '/home/surya/ros2_ws/src/build/my_custom_interface' returned '0': CMAKE_PREFIX_PATH=/home/surya/ros2_ws/install/week1:/home/surya/ros2_ws/install/tweak:/home/surya/ros2_ws/install/tutorial_interfaces:/home/surya/ros2_ws/install/service:/home/surya/ros2_ws/install/second_robot:/home/surya/ros2_ws/install/my_robot_controller:/opt/ros/humble /usr/bin/cmake /home/surya/ros2_ws/src/my_custom_interface -DCMAKE_INSTALL_PREFIX=/home/surya/ros2_ws/src/install/my_custom_interface
[1.451s] Invoking command in '/home/surya/ros2_ws/src/build/my_custom_interface': CMAKE_PREFIX_PATH=/home/surya/ros2_ws/install/week1:/home/surya/ros2_ws/install/tweak:/home/surya/ros2_ws/install/tutorial_interfaces:/home/surya/ros2_ws/install/service:/home/surya/ros2_ws/install/second_robot:/home/surya/ros2_ws/install/my_robot_controller:/opt/ros/humble /usr/bin/cmake --build /home/surya/ros2_ws/src/build/my_custom_interface -- -j16 -l16
[1.485s] [  3%] [34m[1mGenerating C code for ROS interfaces[0m
[1.494s] [  6%] [34m[1mGenerating C++ code for ROS interfaces[0m
[1.503s] [  6%] Built target ament_cmake_python_copy_my_custom_interface
[1.673s] [  9%] [32mBuilding C object CMakeFiles/my_custom_interface__rosidl_generator_c.dir/rosidl_generator_c/my_custom_interface/msg/detail/target_coordinates__functions.c.o[0m
[1.673s] [  9%] Built target my_custom_interface__cpp
[1.682s] [ 16%] [34m[1mGenerating C++ introspection for ROS interfaces[0m
[1.682s] [ 19%] [34m[1mGenerating C++ type support for eProsima Fast-RTPS[0m
[1.682s] [ 19%] [34m[1mGenerating C++ type support dispatch for ROS interfaces[0m
[1.683s] running egg_info
[1.684s] creating my_custom_interface.egg-info
[1.684s] writing my_custom_interface.egg-info/PKG-INFO
[1.684s] writing dependency_links to my_custom_interface.egg-info/dependency_links.txt
[1.684s] writing top-level names to my_custom_interface.egg-info/top_level.txt
[1.684s] writing manifest file 'my_custom_interface.egg-info/SOURCES.txt'
[1.686s] reading manifest file 'my_custom_interface.egg-info/SOURCES.txt'
[1.686s] writing manifest file 'my_custom_interface.egg-info/SOURCES.txt'
[1.715s] [ 22%] [32m[1mLinking C shared library libmy_custom_interface__rosidl_generator_c.so[0m
[1.715s] [ 22%] Built target ament_cmake_python_build_my_custom_interface_egg
[1.751s] [ 22%] Built target my_custom_interface__rosidl_generator_c
[1.760s] [ 25%] [34m[1mGenerating C introspection for ROS interfaces[0m
[1.760s] [ 32%] [34m[1mGenerating C type support dispatch for ROS interfaces[0m
[1.760s] [ 32%] [34m[1mGenerating C type support for eProsima Fast-RTPS[0m
[1.851s] [ 35%] [32mBuilding CXX object CMakeFiles/my_custom_interface__rosidl_typesupport_cpp.dir/rosidl_typesupport_cpp/my_custom_interface/msg/target_coordinates__type_support.cpp.o[0m
[1.868s] [ 41%] [32mBuilding CXX object CMakeFiles/my_custom_interface__rosidl_typesupport_fastrtps_cpp.dir/rosidl_typesupport_fastrtps_cpp/my_custom_interface/msg/detail/dds_fastrtps/target_coordinates__type_support.cpp.o[0m
[1.868s] [ 41%] [32mBuilding CXX object CMakeFiles/my_custom_interface__rosidl_typesupport_introspection_cpp.dir/rosidl_typesupport_introspection_cpp/my_custom_interface/msg/detail/target_coordinates__type_support.cpp.o[0m
[1.939s] [ 45%] [32mBuilding CXX object CMakeFiles/my_custom_interface__rosidl_typesupport_c.dir/rosidl_typesupport_c/my_custom_interface/msg/target_coordinates__type_support.cpp.o[0m
[1.945s] [ 48%] [32mBuilding C object CMakeFiles/my_custom_interface__rosidl_typesupport_introspection_c.dir/rosidl_typesupport_introspection_c/my_custom_interface/msg/detail/target_coordinates__type_support.c.o[0m
[1.954s] [ 51%] [32mBuilding CXX object CMakeFiles/my_custom_interface__rosidl_typesupport_fastrtps_c.dir/rosidl_typesupport_fastrtps_c/my_custom_interface/msg/detail/target_coordinates__type_support_c.cpp.o[0m
[1.965s] [ 54%] [32m[1mLinking CXX shared library libmy_custom_interface__rosidl_typesupport_c.so[0m
[1.975s] [ 58%] [32m[1mLinking C shared library libmy_custom_interface__rosidl_typesupport_introspection_c.so[0m
[2.005s] [ 58%] Built target my_custom_interface__rosidl_typesupport_c
[2.005s] [ 58%] Built target my_custom_interface__rosidl_typesupport_introspection_c
[2.056s] [ 61%] [32m[1mLinking CXX shared library libmy_custom_interface__rosidl_typesupport_cpp.so[0m
[2.096s] [ 61%] Built target my_custom_interface__rosidl_typesupport_cpp
[2.152s] [ 64%] [32m[1mLinking CXX shared library libmy_custom_interface__rosidl_typesupport_introspection_cpp.so[0m
[2.157s] [ 67%] [32m[1mLinking CXX shared library libmy_custom_interface__rosidl_typesupport_fastrtps_cpp.so[0m
[2.210s] [ 67%] Built target my_custom_interface__rosidl_typesupport_introspection_cpp
[2.211s] [ 70%] [32m[1mLinking CXX shared library libmy_custom_interface__rosidl_typesupport_fastrtps_c.so[0m
[2.221s] [ 70%] Built target my_custom_interface__rosidl_typesupport_fastrtps_cpp
[2.273s] [ 70%] Built target my_custom_interface__rosidl_typesupport_fastrtps_c
[2.292s] [ 70%] Built target my_custom_interface
[2.311s] [ 74%] [34m[1mGenerating Python code for ROS interfaces[0m
[2.516s] [ 74%] Built target my_custom_interface__py
[2.535s] [ 77%] [32mBuilding C object CMakeFiles/my_custom_interface__rosidl_generator_py.dir/rosidl_generator_py/my_custom_interface/msg/_target_coordinates_s.c.o[0m
[2.611s] [ 80%] [32m[1mLinking C shared library rosidl_generator_py/my_custom_interface/libmy_custom_interface__rosidl_generator_py.so[0m
[2.650s] [ 80%] Built target my_custom_interface__rosidl_generator_py
[2.669s] [ 87%] [32mBuilding C object CMakeFiles/my_custom_interface__rosidl_typesupport_fastrtps_c__pyext.dir/rosidl_generator_py/my_custom_interface/_my_custom_interface_s.ep.rosidl_typesupport_fastrtps_c.c.o[0m
[2.669s] [ 87%] [32mBuilding C object CMakeFiles/my_custom_interface__rosidl_typesupport_c__pyext.dir/rosidl_generator_py/my_custom_interface/_my_custom_interface_s.ep.rosidl_typesupport_c.c.o[0m
[2.669s] [ 90%] [32mBuilding C object CMakeFiles/my_custom_interface__rosidl_typesupport_introspection_c__pyext.dir/rosidl_generator_py/my_custom_interface/_my_custom_interface_s.ep.rosidl_typesupport_introspection_c.c.o[0m
[2.745s] [ 96%] [32m[1mLinking C shared library rosidl_generator_py/my_custom_interface/my_custom_interface_s__rosidl_typesupport_fastrtps_c.cpython-310-x86_64-linux-gnu.so[0m
[2.745s] [100%] [32m[1mLinking C shared library rosidl_generator_py/my_custom_interface/my_custom_interface_s__rosidl_typesupport_c.cpython-310-x86_64-linux-gnu.so[0m
[2.745s] [100%] [32m[1mLinking C shared library rosidl_generator_py/my_custom_interface/my_custom_interface_s__rosidl_typesupport_introspection_c.cpython-310-x86_64-linux-gnu.so[0m
[2.779s] [100%] Built target my_custom_interface__rosidl_typesupport_fastrtps_c__pyext
[2.779s] [100%] Built target my_custom_interface__rosidl_typesupport_c__pyext
[2.779s] [100%] Built target my_custom_interface__rosidl_typesupport_introspection_c__pyext
[2.789s] Invoked command in '/home/surya/ros2_ws/src/build/my_custom_interface' returned '0': CMAKE_PREFIX_PATH=/home/surya/ros2_ws/install/week1:/home/surya/ros2_ws/install/tweak:/home/surya/ros2_ws/install/tutorial_interfaces:/home/surya/ros2_ws/install/service:/home/surya/ros2_ws/install/second_robot:/home/surya/ros2_ws/install/my_robot_controller:/opt/ros/humble /usr/bin/cmake --build /home/surya/ros2_ws/src/build/my_custom_interface -- -j16 -l16
[2.798s] Invoking command in '/home/surya/ros2_ws/src/build/my_custom_interface': CMAKE_PREFIX_PATH=/home/surya/ros2_ws/install/week1:/home/surya/ros2_ws/install/tweak:/home/surya/ros2_ws/install/tutorial_interfaces:/home/surya/ros2_ws/install/service:/home/surya/ros2_ws/install/second_robot:/home/surya/ros2_ws/install/my_robot_controller:/opt/ros/humble /usr/bin/cmake --install /home/surya/ros2_ws/src/build/my_custom_interface
[2.804s] -- Install configuration: ""
[2.804s] -- Installing: /home/surya/ros2_ws/src/install/my_custom_interface/share/ament_index/resource_index/rosidl_interfaces/my_custom_interface
[2.805s] -- Installing: /home/surya/ros2_ws/src/install/my_custom_interface/include/my_custom_interface/my_custom_interface
[2.805s] -- Installing: /home/surya/ros2_ws/src/install/my_custom_interface/include/my_custom_interface/my_custom_interface/msg
[2.805s] -- Installing: /home/surya/ros2_ws/src/install/my_custom_interface/include/my_custom_interface/my_custom_interface/msg/target_coordinates.h
[2.805s] -- Installing: /home/surya/ros2_ws/src/install/my_custom_interface/include/my_custom_interface/my_custom_interface/msg/rosidl_generator_c__visibility_control.h
[2.805s] -- Installing: /home/surya/ros2_ws/src/install/my_custom_interface/include/my_custom_interface/my_custom_interface/msg/detail
[2.805s] -- Installing: /home/surya/ros2_ws/src/install/my_custom_interface/include/my_custom_interface/my_custom_interface/msg/detail/target_coordinates__functions.c
[2.805s] -- Installing: /home/surya/ros2_ws/src/install/my_custom_interface/include/my_custom_interface/my_custom_interface/msg/detail/target_coordinates__struct.h
[2.805s] -- Installing: /home/surya/ros2_ws/src/install/my_custom_interface/include/my_custom_interface/my_custom_interface/msg/detail/target_coordinates__type_support.h
[2.805s] -- Installing: /home/surya/ros2_ws/src/install/my_custom_interface/include/my_custom_interface/my_custom_interface/msg/detail/target_coordinates__functions.h
[2.806s] -- Installing: /home/surya/ros2_ws/src/install/my_custom_interface/share/my_custom_interface/environment/library_path.sh
[2.806s] -- Installing: /home/surya/ros2_ws/src/install/my_custom_interface/share/my_custom_interface/environment/library_path.dsv
[2.806s] -- Installing: /home/surya/ros2_ws/src/install/my_custom_interface/lib/libmy_custom_interface__rosidl_generator_c.so
[2.806s] -- Set runtime path of "/home/surya/ros2_ws/src/install/my_custom_interface/lib/libmy_custom_interface__rosidl_generator_c.so" to ""
[2.806s] -- Up-to-date: /home/surya/ros2_ws/src/install/my_custom_interface/include/my_custom_interface/my_custom_interface
[2.806s] -- Up-to-date: /home/surya/ros2_ws/src/install/my_custom_interface/include/my_custom_interface/my_custom_interface/msg
[2.806s] -- Up-to-date: /home/surya/ros2_ws/src/install/my_custom_interface/include/my_custom_interface/my_custom_interface/msg/detail
[2.806s] -- Installing: /home/surya/ros2_ws/src/install/my_custom_interface/include/my_custom_interface/my_custom_interface/msg/detail/target_coordinates__rosidl_typesupport_fastrtps_c.h
[2.806s] -- Installing: /home/surya/ros2_ws/src/install/my_custom_interface/include/my_custom_interface/my_custom_interface/msg/rosidl_typesupport_fastrtps_c__visibility_control.h
[2.807s] -- Installing: /home/surya/ros2_ws/src/install/my_custom_interface/lib/libmy_custom_interface__rosidl_typesupport_fastrtps_c.so
[2.807s] -- Set runtime path of "/home/surya/ros2_ws/src/install/my_custom_interface/lib/libmy_custom_interface__rosidl_typesupport_fastrtps_c.so" to ""
[2.807s] -- Up-to-date: /home/surya/ros2_ws/src/install/my_custom_interface/include/my_custom_interface/my_custom_interface
[2.807s] -- Up-to-date: /home/surya/ros2_ws/src/install/my_custom_interface/include/my_custom_interface/my_custom_interface/msg
[2.807s] -- Up-to-date: /home/surya/ros2_ws/src/install/my_custom_interface/include/my_custom_interface/my_custom_interface/msg/detail
[2.807s] -- Installing: /home/surya/ros2_ws/src/install/my_custom_interface/include/my_custom_interface/my_custom_interface/msg/detail/target_coordinates__traits.hpp
[2.807s] -- Installing: /home/surya/ros2_ws/src/install/my_custom_interface/include/my_custom_interface/my_custom_interface/msg/detail/target_coordinates__builder.hpp
[2.807s] -- Installing: /home/surya/ros2_ws/src/install/my_custom_interface/include/my_custom_interface/my_custom_interface/msg/detail/target_coordinates__struct.hpp
[2.807s] -- Installing: /home/surya/ros2_ws/src/install/my_custom_interface/include/my_custom_interface/my_custom_interface/msg/detail/target_coordinates__type_support.hpp
[2.808s] -- Installing: /home/surya/ros2_ws/src/install/my_custom_interface/include/my_custom_interface/my_custom_interface/msg/target_coordinates.hpp
[2.808s] -- Installing: /home/surya/ros2_ws/src/install/my_custom_interface/include/my_custom_interface/my_custom_interface/msg/rosidl_generator_cpp__visibility_control.hpp
[2.808s] -- Up-to-date: /home/surya/ros2_ws/src/install/my_custom_interface/include/my_custom_interface/my_custom_interface
[2.808s] -- Up-to-date: /home/surya/ros2_ws/src/install/my_custom_interface/include/my_custom_interface/my_custom_interface/msg
[2.808s] -- Installing: /home/surya/ros2_ws/src/install/my_custom_interface/include/my_custom_interface/my_custom_interface/msg/rosidl_typesupport_fastrtps_cpp__visibility_control.h
[2.808s] -- Up-to-date: /home/surya/ros2_ws/src/install/my_custom_interface/include/my_custom_interface/my_custom_interface/msg/detail
[2.808s] -- Installing: /home/surya/ros2_ws/src/install/my_custom_interface/include/my_custom_interface/my_custom_interface/msg/detail/target_coordinates__rosidl_typesupport_fastrtps_cpp.hpp
[2.808s] -- Installing: /home/surya/ros2_ws/src/install/my_custom_interface/include/my_custom_interface/my_custom_interface/msg/detail/dds_fastrtps
[2.808s] -- Installing: /home/surya/ros2_ws/src/install/my_custom_interface/lib/libmy_custom_interface__rosidl_typesupport_fastrtps_cpp.so
[2.808s] -- Set runtime path of "/home/surya/ros2_ws/src/install/my_custom_interface/lib/libmy_custom_interface__rosidl_typesupport_fastrtps_cpp.so" to ""
[2.809s] -- Up-to-date: /home/surya/ros2_ws/src/install/my_custom_interface/include/my_custom_interface/my_custom_interface
[2.809s] -- Up-to-date: /home/surya/ros2_ws/src/install/my_custom_interface/include/my_custom_interface/my_custom_interface/msg
[2.809s] -- Up-to-date: /home/surya/ros2_ws/src/install/my_custom_interface/include/my_custom_interface/my_custom_interface/msg/detail
[2.809s] -- Installing: /home/surya/ros2_ws/src/install/my_custom_interface/include/my_custom_interface/my_custom_interface/msg/detail/target_coordinates__rosidl_typesupport_introspection_c.h
[2.809s] -- Installing: /home/surya/ros2_ws/src/install/my_custom_interface/include/my_custom_interface/my_custom_interface/msg/detail/target_coordinates__type_support.c
[2.809s] -- Installing: /home/surya/ros2_ws/src/install/my_custom_interface/include/my_custom_interface/my_custom_interface/msg/rosidl_typesupport_introspection_c__visibility_control.h
[2.809s] -- Installing: /home/surya/ros2_ws/src/install/my_custom_interface/lib/libmy_custom_interface__rosidl_typesupport_introspection_c.so
[2.809s] -- Set runtime path of "/home/surya/ros2_ws/src/install/my_custom_interface/lib/libmy_custom_interface__rosidl_typesupport_introspection_c.so" to ""
[2.809s] -- Installing: /home/surya/ros2_ws/src/install/my_custom_interface/lib/libmy_custom_interface__rosidl_typesupport_c.so
[2.810s] -- Set runtime path of "/home/surya/ros2_ws/src/install/my_custom_interface/lib/libmy_custom_interface__rosidl_typesupport_c.so" to ""
[2.810s] -- Up-to-date: /home/surya/ros2_ws/src/install/my_custom_interface/include/my_custom_interface/my_custom_interface
[2.810s] -- Up-to-date: /home/surya/ros2_ws/src/install/my_custom_interface/include/my_custom_interface/my_custom_interface/msg
[2.810s] -- Up-to-date: /home/surya/ros2_ws/src/install/my_custom_interface/include/my_custom_interface/my_custom_interface/msg/detail
[2.810s] -- Installing: /home/surya/ros2_ws/src/install/my_custom_interface/include/my_custom_interface/my_custom_interface/msg/detail/target_coordinates__rosidl_typesupport_introspection_cpp.hpp
[2.810s] -- Installing: /home/surya/ros2_ws/src/install/my_custom_interface/include/my_custom_interface/my_custom_interface/msg/detail/target_coordinates__type_support.cpp
[2.810s] -- Installing: /home/surya/ros2_ws/src/install/my_custom_interface/lib/libmy_custom_interface__rosidl_typesupport_introspection_cpp.so
[2.810s] -- Set runtime path of "/home/surya/ros2_ws/src/install/my_custom_interface/lib/libmy_custom_interface__rosidl_typesupport_introspection_cpp.so" to ""
[2.810s] -- Installing: /home/surya/ros2_ws/src/install/my_custom_interface/lib/libmy_custom_interface__rosidl_typesupport_cpp.so
[2.811s] -- Set runtime path of "/home/surya/ros2_ws/src/install/my_custom_interface/lib/libmy_custom_interface__rosidl_typesupport_cpp.so" to ""
[2.811s] -- Installing: /home/surya/ros2_ws/src/install/my_custom_interface/share/my_custom_interface/environment/pythonpath.sh
[2.811s] -- Installing: /home/surya/ros2_ws/src/install/my_custom_interface/share/my_custom_interface/environment/pythonpath.dsv
[2.811s] -- Installing: /home/surya/ros2_ws/src/install/my_custom_interface/local/lib/python3.10/dist-packages/my_custom_interface-0.0.0-py3.10.egg-info
[2.811s] -- Installing: /home/surya/ros2_ws/src/install/my_custom_interface/local/lib/python3.10/dist-packages/my_custom_interface-0.0.0-py3.10.egg-info/dependency_links.txt
[2.811s] -- Installing: /home/surya/ros2_ws/src/install/my_custom_interface/local/lib/python3.10/dist-packages/my_custom_interface-0.0.0-py3.10.egg-info/top_level.txt
[2.811s] -- Installing: /home/surya/ros2_ws/src/install/my_custom_interface/local/lib/python3.10/dist-packages/my_custom_interface-0.0.0-py3.10.egg-info/PKG-INFO
[2.811s] -- Installing: /home/surya/ros2_ws/src/install/my_custom_interface/local/lib/python3.10/dist-packages/my_custom_interface-0.0.0-py3.10.egg-info/SOURCES.txt
[2.811s] -- Installing: /home/surya/ros2_ws/src/install/my_custom_interface/local/lib/python3.10/dist-packages/my_custom_interface
[2.812s] -- Installing: /home/surya/ros2_ws/src/install/my_custom_interface/local/lib/python3.10/dist-packages/my_custom_interface/_my_custom_interface_s.ep.rosidl_typesupport_fastrtps_c.c
[2.812s] -- Installing: /home/surya/ros2_ws/src/install/my_custom_interface/local/lib/python3.10/dist-packages/my_custom_interface/_my_custom_interface_s.ep.rosidl_typesupport_introspection_c.c
[2.812s] -- Installing: /home/surya/ros2_ws/src/install/my_custom_interface/local/lib/python3.10/dist-packages/my_custom_interface/my_custom_interface_s__rosidl_typesupport_introspection_c.cpython-310-x86_64-linux-gnu.so
[2.812s] -- Installing: /home/surya/ros2_ws/src/install/my_custom_interface/local/lib/python3.10/dist-packages/my_custom_interface/_my_custom_interface_s.ep.rosidl_typesupport_c.c
[2.812s] -- Installing: /home/surya/ros2_ws/src/install/my_custom_interface/local/lib/python3.10/dist-packages/my_custom_interface/libmy_custom_interface__rosidl_generator_py.so
[2.812s] -- Installing: /home/surya/ros2_ws/src/install/my_custom_interface/local/lib/python3.10/dist-packages/my_custom_interface/__init__.py
[2.812s] -- Installing: /home/surya/ros2_ws/src/install/my_custom_interface/local/lib/python3.10/dist-packages/my_custom_interface/my_custom_interface_s__rosidl_typesupport_c.cpython-310-x86_64-linux-gnu.so
[2.812s] -- Installing: /home/surya/ros2_ws/src/install/my_custom_interface/local/lib/python3.10/dist-packages/my_custom_interface/msg
[2.812s] -- Installing: /home/surya/ros2_ws/src/install/my_custom_interface/local/lib/python3.10/dist-packages/my_custom_interface/msg/_target_coordinates.py
[2.813s] -- Installing: /home/surya/ros2_ws/src/install/my_custom_interface/local/lib/python3.10/dist-packages/my_custom_interface/msg/__init__.py
[2.813s] -- Installing: /home/surya/ros2_ws/src/install/my_custom_interface/local/lib/python3.10/dist-packages/my_custom_interface/msg/_target_coordinates_s.c
[2.813s] -- Installing: /home/surya/ros2_ws/src/install/my_custom_interface/local/lib/python3.10/dist-packages/my_custom_interface/my_custom_interface_s__rosidl_typesupport_fastrtps_c.cpython-310-x86_64-linux-gnu.so
[2.841s] Listing '/home/surya/ros2_ws/src/install/my_custom_interface/local/lib/python3.10/dist-packages/my_custom_interface'...
[2.841s] Compiling '/home/surya/ros2_ws/src/install/my_custom_interface/local/lib/python3.10/dist-packages/my_custom_interface/__init__.py'...
[2.841s] Listing '/home/surya/ros2_ws/src/install/my_custom_interface/local/lib/python3.10/dist-packages/my_custom_interface/msg'...
[2.841s] Compiling '/home/surya/ros2_ws/src/install/my_custom_interface/local/lib/python3.10/dist-packages/my_custom_interface/msg/__init__.py'...
[2.841s] Compiling '/home/surya/ros2_ws/src/install/my_custom_interface/local/lib/python3.10/dist-packages/my_custom_interface/msg/_target_coordinates.py'...
[2.845s] -- Installing: /home/surya/ros2_ws/src/install/my_custom_interface/local/lib/python3.10/dist-packages/my_custom_interface/my_custom_interface_s__rosidl_typesupport_fastrtps_c.cpython-310-x86_64-linux-gnu.so
[2.845s] -- Set runtime path of "/home/surya/ros2_ws/src/install/my_custom_interface/local/lib/python3.10/dist-packages/my_custom_interface/my_custom_interface_s__rosidl_typesupport_fastrtps_c.cpython-310-x86_64-linux-gnu.so" to ""
[2.845s] -- Installing: /home/surya/ros2_ws/src/install/my_custom_interface/local/lib/python3.10/dist-packages/my_custom_interface/my_custom_interface_s__rosidl_typesupport_introspection_c.cpython-310-x86_64-linux-gnu.so
[2.845s] -- Set runtime path of "/home/surya/ros2_ws/src/install/my_custom_interface/local/lib/python3.10/dist-packages/my_custom_interface/my_custom_interface_s__rosidl_typesupport_introspection_c.cpython-310-x86_64-linux-gnu.so" to ""
[2.845s] -- Installing: /home/surya/ros2_ws/src/install/my_custom_interface/local/lib/python3.10/dist-packages/my_custom_interface/my_custom_interface_s__rosidl_typesupport_c.cpython-310-x86_64-linux-gnu.so
[2.845s] -- Set runtime path of "/home/surya/ros2_ws/src/install/my_custom_interface/local/lib/python3.10/dist-packages/my_custom_interface/my_custom_interface_s__rosidl_typesupport_c.cpython-310-x86_64-linux-gnu.so" to ""
[2.846s] -- Installing: /home/surya/ros2_ws/src/install/my_custom_interface/lib/libmy_custom_interface__rosidl_generator_py.so
[2.846s] -- Set runtime path of "/home/surya/ros2_ws/src/install/my_custom_interface/lib/libmy_custom_interface__rosidl_generator_py.so" to ""
[2.846s] -- Installing: /home/surya/ros2_ws/src/install/my_custom_interface/share/my_custom_interface/msg/TargetCoordinates.idl
[2.846s] -- Installing: /home/surya/ros2_ws/src/install/my_custom_interface/share/my_custom_interface/msg/TargetCoordinates.msg
[2.846s] -- Installing: /home/surya/ros2_ws/src/install/my_custom_interface/share/ament_index/resource_index/package_run_dependencies/my_custom_interface
[2.846s] -- Installing: /home/surya/ros2_ws/src/install/my_custom_interface/share/ament_index/resource_index/parent_prefix_path/my_custom_interface
[2.846s] -- Installing: /home/surya/ros2_ws/src/install/my_custom_interface/share/my_custom_interface/environment/ament_prefix_path.sh
[2.847s] -- Installing: /home/surya/ros2_ws/src/install/my_custom_interface/share/my_custom_interface/environment/ament_prefix_path.dsv
[2.847s] -- Installing: /home/surya/ros2_ws/src/install/my_custom_interface/share/my_custom_interface/environment/path.sh
[2.847s] -- Installing: /home/surya/ros2_ws/src/install/my_custom_interface/share/my_custom_interface/environment/path.dsv
[2.847s] -- Installing: /home/surya/ros2_ws/src/install/my_custom_interface/share/my_custom_interface/local_setup.bash
[2.847s] -- Installing: /home/surya/ros2_ws/src/install/my_custom_interface/share/my_custom_interface/local_setup.sh
[2.847s] -- Installing: /home/surya/ros2_ws/src/install/my_custom_interface/share/my_custom_interface/local_setup.zsh
[2.847s] -- Installing: /home/surya/ros2_ws/src/install/my_custom_interface/share/my_custom_interface/local_setup.dsv
[2.847s] -- Installing: /home/surya/ros2_ws/src/install/my_custom_interface/share/my_custom_interface/package.dsv
[2.848s] -- Installing: /home/surya/ros2_ws/src/install/my_custom_interface/share/ament_index/resource_index/packages/my_custom_interface
[2.848s] -- Installing: /home/surya/ros2_ws/src/install/my_custom_interface/share/my_custom_interface/cmake/export_my_custom_interface__rosidl_generator_cExport.cmake
[2.848s] -- Installing: /home/surya/ros2_ws/src/install/my_custom_interface/share/my_custom_interface/cmake/export_my_custom_interface__rosidl_generator_cExport-noconfig.cmake
[2.848s] -- Installing: /home/surya/ros2_ws/src/install/my_custom_interface/share/my_custom_interface/cmake/export_my_custom_interface__rosidl_typesupport_fastrtps_cExport.cmake
[2.848s] -- Installing: /home/surya/ros2_ws/src/install/my_custom_interface/share/my_custom_interface/cmake/export_my_custom_interface__rosidl_typesupport_fastrtps_cExport-noconfig.cmake
[2.848s] -- Installing: /home/surya/ros2_ws/src/install/my_custom_interface/share/my_custom_interface/cmake/export_my_custom_interface__rosidl_generator_cppExport.cmake
[2.849s] -- Installing: /home/surya/ros2_ws/src/install/my_custom_interface/share/my_custom_interface/cmake/export_my_custom_interface__rosidl_typesupport_fastrtps_cppExport.cmake
[2.849s] -- Installing: /home/surya/ros2_ws/src/install/my_custom_interface/share/my_custom_interface/cmake/export_my_custom_interface__rosidl_typesupport_fastrtps_cppExport-noconfig.cmake
[2.849s] -- Installing: /home/surya/ros2_ws/src/install/my_custom_interface/share/my_custom_interface/cmake/my_custom_interface__rosidl_typesupport_introspection_cExport.cmake
[2.849s] -- Installing: /home/surya/ros2_ws/src/install/my_custom_interface/share/my_custom_interface/cmake/my_custom_interface__rosidl_typesupport_introspection_cExport-noconfig.cmake
[2.849s] -- Installing: /home/surya/ros2_ws/src/install/my_custom_interface/share/my_custom_interface/cmake/my_custom_interface__rosidl_typesupport_cExport.cmake
[2.849s] -- Installing: /home/surya/ros2_ws/src/install/my_custom_interface/share/my_custom_interface/cmake/my_custom_interface__rosidl_typesupport_cExport-noconfig.cmake
[2.849s] -- Installing: /home/surya/ros2_ws/src/install/my_custom_interface/share/my_custom_interface/cmake/my_custom_interface__rosidl_typesupport_introspection_cppExport.cmake
[2.849s] -- Installing: /home/surya/ros2_ws/src/install/my_custom_interface/share/my_custom_interface/cmake/my_custom_interface__rosidl_typesupport_introspection_cppExport-noconfig.cmake
[2.850s] -- Installing: /home/surya/ros2_ws/src/install/my_custom_interface/share/my_custom_interface/cmake/my_custom_interface__rosidl_typesupport_cppExport.cmake
[2.850s] -- Installing: /home/surya/ros2_ws/src/install/my_custom_interface/share/my_custom_interface/cmake/my_custom_interface__rosidl_typesupport_cppExport-noconfig.cmake
[2.850s] -- Installing: /home/surya/ros2_ws/src/install/my_custom_interface/share/my_custom_interface/cmake/export_my_custom_interface__rosidl_generator_pyExport.cmake
[2.850s] -- Installing: /home/surya/ros2_ws/src/install/my_custom_interface/share/my_custom_interface/cmake/export_my_custom_interface__rosidl_generator_pyExport-noconfig.cmake
[2.850s] -- Installing: /home/surya/ros2_ws/src/install/my_custom_interface/share/my_custom_interface/cmake/rosidl_cmake-extras.cmake
[2.850s] -- Installing: /home/surya/ros2_ws/src/install/my_custom_interface/share/my_custom_interface/cmake/ament_cmake_export_dependencies-extras.cmake
[2.850s] -- Installing: /home/surya/ros2_ws/src/install/my_custom_interface/share/my_custom_interface/cmake/ament_cmake_export_include_directories-extras.cmake
[2.851s] -- Installing: /home/surya/ros2_ws/src/install/my_custom_interface/share/my_custom_interface/cmake/ament_cmake_export_libraries-extras.cmake
[2.851s] -- Installing: /home/surya/ros2_ws/src/install/my_custom_interface/share/my_custom_interface/cmake/ament_cmake_export_targets-extras.cmake
[2.851s] -- Installing: /home/surya/ros2_ws/src/install/my_custom_interface/share/my_custom_interface/cmake/rosidl_cmake_export_typesupport_targets-extras.cmake
[2.851s] -- Installing: /home/surya/ros2_ws/src/install/my_custom_interface/share/my_custom_interface/cmake/rosidl_cmake_export_typesupport_libraries-extras.cmake
[2.851s] -- Installing: /home/surya/ros2_ws/src/install/my_custom_interface/share/my_custom_interface/cmake/my_custom_interfaceConfig.cmake
[2.851s] -- Installing: /home/surya/ros2_ws/src/install/my_custom_interface/share/my_custom_interface/cmake/my_custom_interfaceConfig-version.cmake
[2.851s] -- Installing: /home/surya/ros2_ws/src/install/my_custom_interface/share/my_custom_interface/package.xml
[2.854s] Invoked command in '/home/surya/ros2_ws/src/build/my_custom_interface' returned '0': CMAKE_PREFIX_PATH=/home/surya/ros2_ws/install/week1:/home/surya/ros2_ws/install/tweak:/home/surya/ros2_ws/install/tutorial_interfaces:/home/surya/ros2_ws/install/service:/home/surya/ros2_ws/install/second_robot:/home/surya/ros2_ws/install/my_robot_controller:/opt/ros/humble /usr/bin/cmake --install /home/surya/ros2_ws/src/build/my_custom_interface
