-- Found ament_cmake: 1.3.11 (/opt/ros/humble/share/ament_cmake/cmake)
-- Found rosidl_default_generators: 1.2.0 (/opt/ros/humble/share/rosidl_default_generators/cmake)
-- Using all available rosidl_typesupport_c: rosidl_typesupport_fastrtps_c;rosidl_typesupport_introspection_c
-- Found rosidl_adapter: 3.1.6 (/opt/ros/humble/share/rosidl_adapter/cmake)
-- Using all available rosidl_typesupport_cpp: rosidl_typesupport_fastrtps_cpp;rosidl_typesupport_introspection_cpp
-- Found ament_cmake_ros: 0.10.0 (/opt/ros/humble/share/ament_cmake_ros/cmake)
-- Using all available rosidl_typesupport_c: rosidl_typesupport_fastrtps_c;rosidl_typesupport_introspection_c
-- Using all available rosidl_typesupport_cpp: rosidl_typesupport_fastrtps_cpp;rosidl_typesupport_introspection_cpp
-- Found PythonInterp: /usr/bin/python3 (found suitable version "3.10.12", minimum required is "3.6") 
-- Found python_cmake_module: 0.10.0 (/opt/ros/humble/share/python_cmake_module/cmake)
-- Found PythonLibs: /usr/lib/x86_64-linux-gnu/libpython3.10.so (found suitable version "3.10.12", minimum required is "3.5") 
-- Using PYTHON_EXECUTABLE: /usr/bin/python3
-- Using PYTHON_INCLUDE_DIRS: /usr/include/python3.10
-- Using PYTHON_LIBRARIES: /usr/lib/x86_64-linux-gnu/libpython3.10.so
-- Found PythonExtra: .so  
-- Found ament_lint_auto: 0.12.12 (/opt/ros/humble/share/ament_lint_auto/cmake)
-- Added test 'lint_cmake' to check CMake code style
-- Added test 'xmllint' to check XML markup files
-- Configuring done
-- Generating done
-- Build files have been written to: /home/surya/ros2_ws/src/build/yolov8_msgs
[  2%] [34m[1mGenerating C code for ROS interfaces[0m
[  5%] [34m[1mGenerating C++ code for ROS interfaces[0m
[  5%] Built target ament_cmake_python_copy_yolov8_msgs
running egg_info
creating yolov8_msgs.egg-info
writing yolov8_msgs.egg-info/PKG-INFO
writing dependency_links to yolov8_msgs.egg-info/dependency_links.txt
writing top-level names to yolov8_msgs.egg-info/top_level.txt
writing manifest file 'yolov8_msgs.egg-info/SOURCES.txt'
reading manifest file 'yolov8_msgs.egg-info/SOURCES.txt'
writing manifest file 'yolov8_msgs.egg-info/SOURCES.txt'
[  7%] Built target yolov8_msgs__cpp
[  7%] [32mBuilding C object CMakeFiles/yolov8_msgs__rosidl_generator_c.dir/rosidl_generator_c/yolov8_msgs/msg/detail/yolo__functions.c.o[0m
[ 10%] [32mBuilding C object CMakeFiles/yolov8_msgs__rosidl_generator_c.dir/rosidl_generator_c/yolov8_msgs/msg/detail/detections__functions.c.o[0m
[ 17%] [34m[1mGenerating C++ type support dispatch for ROS interfaces[0m
[ 17%] [34m[1mGenerating C++ type support for eProsima Fast-RTPS[0m
[ 17%] [34m[1mGenerating C++ introspection for ROS interfaces[0m
[ 17%] Built target ament_cmake_python_build_yolov8_msgs_egg
[ 20%] [32m[1mLinking C shared library libyolov8_msgs__rosidl_generator_c.so[0m
[ 20%] Built target yolov8_msgs__rosidl_generator_c
[ 28%] [34m[1mGenerating C type support for eProsima Fast-RTPS[0m
[ 28%] [34m[1mGenerating C introspection for ROS interfaces[0m
[ 28%] [34m[1mGenerating C type support dispatch for ROS interfaces[0m
[ 30%] [32mBuilding CXX object CMakeFiles/yolov8_msgs__rosidl_typesupport_cpp.dir/rosidl_typesupport_cpp/yolov8_msgs/msg/yolo__type_support.cpp.o[0m
[ 33%] [32mBuilding CXX object CMakeFiles/yolov8_msgs__rosidl_typesupport_cpp.dir/rosidl_typesupport_cpp/yolov8_msgs/msg/detections__type_support.cpp.o[0m
[ 38%] [32mBuilding CXX object CMakeFiles/yolov8_msgs__rosidl_typesupport_introspection_cpp.dir/rosidl_typesupport_introspection_cpp/yolov8_msgs/msg/detail/detections__type_support.cpp.o[0m
[ 38%] [32mBuilding CXX object CMakeFiles/yolov8_msgs__rosidl_typesupport_introspection_cpp.dir/rosidl_typesupport_introspection_cpp/yolov8_msgs/msg/detail/yolo__type_support.cpp.o[0m
[ 41%] [32mBuilding CXX object CMakeFiles/yolov8_msgs__rosidl_typesupport_fastrtps_cpp.dir/rosidl_typesupport_fastrtps_cpp/yolov8_msgs/msg/detail/dds_fastrtps/yolo__type_support.cpp.o[0m
[ 43%] [32mBuilding CXX object CMakeFiles/yolov8_msgs__rosidl_typesupport_fastrtps_cpp.dir/rosidl_typesupport_fastrtps_cpp/yolov8_msgs/msg/detail/dds_fastrtps/detections__type_support.cpp.o[0m
[ 46%] [32mBuilding CXX object CMakeFiles/yolov8_msgs__rosidl_typesupport_c.dir/rosidl_typesupport_c/yolov8_msgs/msg/yolo__type_support.cpp.o[0m
[ 48%] [32mBuilding CXX object CMakeFiles/yolov8_msgs__rosidl_typesupport_c.dir/rosidl_typesupport_c/yolov8_msgs/msg/detections__type_support.cpp.o[0m
[ 51%] [32mBuilding CXX object CMakeFiles/yolov8_msgs__rosidl_typesupport_fastrtps_c.dir/rosidl_typesupport_fastrtps_c/yolov8_msgs/msg/detail/yolo__type_support_c.cpp.o[0m
[ 53%] [32mBuilding C object CMakeFiles/yolov8_msgs__rosidl_typesupport_introspection_c.dir/rosidl_typesupport_introspection_c/yolov8_msgs/msg/detail/yolo__type_support.c.o[0m
[ 56%] [32mBuilding CXX object CMakeFiles/yolov8_msgs__rosidl_typesupport_fastrtps_c.dir/rosidl_typesupport_fastrtps_c/yolov8_msgs/msg/detail/detections__type_support_c.cpp.o[0m
[ 58%] [32mBuilding C object CMakeFiles/yolov8_msgs__rosidl_typesupport_introspection_c.dir/rosidl_typesupport_introspection_c/yolov8_msgs/msg/detail/detections__type_support.c.o[0m
[ 61%] [32m[1mLinking CXX shared library libyolov8_msgs__rosidl_typesupport_c.so[0m
[ 64%] [32m[1mLinking C shared library libyolov8_msgs__rosidl_typesupport_introspection_c.so[0m
[ 64%] Built target yolov8_msgs__rosidl_typesupport_c
[ 64%] Built target yolov8_msgs__rosidl_typesupport_introspection_c
[ 66%] [32m[1mLinking CXX shared library libyolov8_msgs__rosidl_typesupport_cpp.so[0m
[ 66%] Built target yolov8_msgs__rosidl_typesupport_cpp
[ 69%] [32m[1mLinking CXX shared library libyolov8_msgs__rosidl_typesupport_introspection_cpp.so[0m
[ 71%] [32m[1mLinking CXX shared library libyolov8_msgs__rosidl_typesupport_fastrtps_cpp.so[0m
[ 74%] [32m[1mLinking CXX shared library libyolov8_msgs__rosidl_typesupport_fastrtps_c.so[0m
[ 74%] Built target yolov8_msgs__rosidl_typesupport_introspection_cpp
[ 74%] Built target yolov8_msgs__rosidl_typesupport_fastrtps_cpp
[ 74%] Built target yolov8_msgs__rosidl_typesupport_fastrtps_c
[ 74%] Built target yolov8_msgs
[ 76%] [34m[1mGenerating Python code for ROS interfaces[0m
[ 76%] Built target yolov8_msgs__py
[ 79%] [32mBuilding C object CMakeFiles/yolov8_msgs__rosidl_generator_py.dir/rosidl_generator_py/yolov8_msgs/msg/_yolo_s.c.o[0m
[ 82%] [32mBuilding C object CMakeFiles/yolov8_msgs__rosidl_generator_py.dir/rosidl_generator_py/yolov8_msgs/msg/_detections_s.c.o[0m
[ 84%] [32m[1mLinking C shared library rosidl_generator_py/yolov8_msgs/libyolov8_msgs__rosidl_generator_py.so[0m
[ 84%] Built target yolov8_msgs__rosidl_generator_py
[ 92%] [32mBuilding C object CMakeFiles/yolov8_msgs__rosidl_typesupport_c__pyext.dir/rosidl_generator_py/yolov8_msgs/_yolov8_msgs_s.ep.rosidl_typesupport_c.c.o[0m
[ 92%] [32mBuilding C object CMakeFiles/yolov8_msgs__rosidl_typesupport_introspection_c__pyext.dir/rosidl_generator_py/yolov8_msgs/_yolov8_msgs_s.ep.rosidl_typesupport_introspection_c.c.o[0m
[ 92%] [32mBuilding C object CMakeFiles/yolov8_msgs__rosidl_typesupport_fastrtps_c__pyext.dir/rosidl_generator_py/yolov8_msgs/_yolov8_msgs_s.ep.rosidl_typesupport_fastrtps_c.c.o[0m
[ 97%] [32m[1mLinking C shared library rosidl_generator_py/yolov8_msgs/yolov8_msgs_s__rosidl_typesupport_c.cpython-310-x86_64-linux-gnu.so[0m
[ 97%] [32m[1mLinking C shared library rosidl_generator_py/yolov8_msgs/yolov8_msgs_s__rosidl_typesupport_introspection_c.cpython-310-x86_64-linux-gnu.so[0m
[100%] [32m[1mLinking C shared library rosidl_generator_py/yolov8_msgs/yolov8_msgs_s__rosidl_typesupport_fastrtps_c.cpython-310-x86_64-linux-gnu.so[0m
[100%] Built target yolov8_msgs__rosidl_typesupport_c__pyext
[100%] Built target yolov8_msgs__rosidl_typesupport_introspection_c__pyext
[100%] Built target yolov8_msgs__rosidl_typesupport_fastrtps_c__pyext
-- Install configuration: ""
-- Installing: /home/surya/ros2_ws/src/install/yolov8_msgs/share/ament_index/resource_index/rosidl_interfaces/yolov8_msgs
-- Installing: /home/surya/ros2_ws/src/install/yolov8_msgs/include/yolov8_msgs/yolov8_msgs
-- Installing: /home/surya/ros2_ws/src/install/yolov8_msgs/include/yolov8_msgs/yolov8_msgs/msg
-- Installing: /home/surya/ros2_ws/src/install/yolov8_msgs/include/yolov8_msgs/yolov8_msgs/msg/detections.h
-- Installing: /home/surya/ros2_ws/src/install/yolov8_msgs/include/yolov8_msgs/yolov8_msgs/msg/rosidl_generator_c__visibility_control.h
-- Installing: /home/surya/ros2_ws/src/install/yolov8_msgs/include/yolov8_msgs/yolov8_msgs/msg/detail
-- Installing: /home/surya/ros2_ws/src/install/yolov8_msgs/include/yolov8_msgs/yolov8_msgs/msg/detail/yolo__functions.h
-- Installing: /home/surya/ros2_ws/src/install/yolov8_msgs/include/yolov8_msgs/yolov8_msgs/msg/detail/detections__functions.h
-- Installing: /home/surya/ros2_ws/src/install/yolov8_msgs/include/yolov8_msgs/yolov8_msgs/msg/detail/yolo__struct.h
-- Installing: /home/surya/ros2_ws/src/install/yolov8_msgs/include/yolov8_msgs/yolov8_msgs/msg/detail/detections__functions.c
-- Installing: /home/surya/ros2_ws/src/install/yolov8_msgs/include/yolov8_msgs/yolov8_msgs/msg/detail/detections__type_support.h
-- Installing: /home/surya/ros2_ws/src/install/yolov8_msgs/include/yolov8_msgs/yolov8_msgs/msg/detail/yolo__type_support.h
-- Installing: /home/surya/ros2_ws/src/install/yolov8_msgs/include/yolov8_msgs/yolov8_msgs/msg/detail/detections__struct.h
-- Installing: /home/surya/ros2_ws/src/install/yolov8_msgs/include/yolov8_msgs/yolov8_msgs/msg/detail/yolo__functions.c
-- Installing: /home/surya/ros2_ws/src/install/yolov8_msgs/include/yolov8_msgs/yolov8_msgs/msg/yolo.h
-- Installing: /home/surya/ros2_ws/src/install/yolov8_msgs/share/yolov8_msgs/environment/library_path.sh
-- Installing: /home/surya/ros2_ws/src/install/yolov8_msgs/share/yolov8_msgs/environment/library_path.dsv
-- Installing: /home/surya/ros2_ws/src/install/yolov8_msgs/lib/libyolov8_msgs__rosidl_generator_c.so
-- Set runtime path of "/home/surya/ros2_ws/src/install/yolov8_msgs/lib/libyolov8_msgs__rosidl_generator_c.so" to ""
-- Up-to-date: /home/surya/ros2_ws/src/install/yolov8_msgs/include/yolov8_msgs/yolov8_msgs
-- Up-to-date: /home/surya/ros2_ws/src/install/yolov8_msgs/include/yolov8_msgs/yolov8_msgs/msg
-- Up-to-date: /home/surya/ros2_ws/src/install/yolov8_msgs/include/yolov8_msgs/yolov8_msgs/msg/detail
-- Installing: /home/surya/ros2_ws/src/install/yolov8_msgs/include/yolov8_msgs/yolov8_msgs/msg/detail/yolo__rosidl_typesupport_fastrtps_c.h
-- Installing: /home/surya/ros2_ws/src/install/yolov8_msgs/include/yolov8_msgs/yolov8_msgs/msg/detail/detections__rosidl_typesupport_fastrtps_c.h
-- Installing: /home/surya/ros2_ws/src/install/yolov8_msgs/include/yolov8_msgs/yolov8_msgs/msg/rosidl_typesupport_fastrtps_c__visibility_control.h
-- Installing: /home/surya/ros2_ws/src/install/yolov8_msgs/lib/libyolov8_msgs__rosidl_typesupport_fastrtps_c.so
-- Set runtime path of "/home/surya/ros2_ws/src/install/yolov8_msgs/lib/libyolov8_msgs__rosidl_typesupport_fastrtps_c.so" to ""
-- Up-to-date: /home/surya/ros2_ws/src/install/yolov8_msgs/include/yolov8_msgs/yolov8_msgs
-- Up-to-date: /home/surya/ros2_ws/src/install/yolov8_msgs/include/yolov8_msgs/yolov8_msgs/msg
-- Up-to-date: /home/surya/ros2_ws/src/install/yolov8_msgs/include/yolov8_msgs/yolov8_msgs/msg/detail
-- Installing: /home/surya/ros2_ws/src/install/yolov8_msgs/include/yolov8_msgs/yolov8_msgs/msg/detail/detections__type_support.c
-- Installing: /home/surya/ros2_ws/src/install/yolov8_msgs/include/yolov8_msgs/yolov8_msgs/msg/detail/yolo__rosidl_typesupport_introspection_c.h
-- Installing: /home/surya/ros2_ws/src/install/yolov8_msgs/include/yolov8_msgs/yolov8_msgs/msg/detail/yolo__type_support.c
-- Installing: /home/surya/ros2_ws/src/install/yolov8_msgs/include/yolov8_msgs/yolov8_msgs/msg/detail/detections__rosidl_typesupport_introspection_c.h
-- Installing: /home/surya/ros2_ws/src/install/yolov8_msgs/include/yolov8_msgs/yolov8_msgs/msg/rosidl_typesupport_introspection_c__visibility_control.h
-- Installing: /home/surya/ros2_ws/src/install/yolov8_msgs/lib/libyolov8_msgs__rosidl_typesupport_introspection_c.so
-- Set runtime path of "/home/surya/ros2_ws/src/install/yolov8_msgs/lib/libyolov8_msgs__rosidl_typesupport_introspection_c.so" to ""
-- Installing: /home/surya/ros2_ws/src/install/yolov8_msgs/lib/libyolov8_msgs__rosidl_typesupport_c.so
-- Set runtime path of "/home/surya/ros2_ws/src/install/yolov8_msgs/lib/libyolov8_msgs__rosidl_typesupport_c.so" to ""
-- Up-to-date: /home/surya/ros2_ws/src/install/yolov8_msgs/include/yolov8_msgs/yolov8_msgs
-- Up-to-date: /home/surya/ros2_ws/src/install/yolov8_msgs/include/yolov8_msgs/yolov8_msgs/msg
-- Up-to-date: /home/surya/ros2_ws/src/install/yolov8_msgs/include/yolov8_msgs/yolov8_msgs/msg/detail
-- Installing: /home/surya/ros2_ws/src/install/yolov8_msgs/include/yolov8_msgs/yolov8_msgs/msg/detail/detections__builder.hpp
-- Installing: /home/surya/ros2_ws/src/install/yolov8_msgs/include/yolov8_msgs/yolov8_msgs/msg/detail/yolo__struct.hpp
-- Installing: /home/surya/ros2_ws/src/install/yolov8_msgs/include/yolov8_msgs/yolov8_msgs/msg/detail/yolo__traits.hpp
-- Installing: /home/surya/ros2_ws/src/install/yolov8_msgs/include/yolov8_msgs/yolov8_msgs/msg/detail/yolo__type_support.hpp
-- Installing: /home/surya/ros2_ws/src/install/yolov8_msgs/include/yolov8_msgs/yolov8_msgs/msg/detail/yolo__builder.hpp
-- Installing: /home/surya/ros2_ws/src/install/yolov8_msgs/include/yolov8_msgs/yolov8_msgs/msg/detail/detections__type_support.hpp
-- Installing: /home/surya/ros2_ws/src/install/yolov8_msgs/include/yolov8_msgs/yolov8_msgs/msg/detail/detections__struct.hpp
-- Installing: /home/surya/ros2_ws/src/install/yolov8_msgs/include/yolov8_msgs/yolov8_msgs/msg/detail/detections__traits.hpp
-- Installing: /home/surya/ros2_ws/src/install/yolov8_msgs/include/yolov8_msgs/yolov8_msgs/msg/yolo.hpp
-- Installing: /home/surya/ros2_ws/src/install/yolov8_msgs/include/yolov8_msgs/yolov8_msgs/msg/rosidl_generator_cpp__visibility_control.hpp
-- Installing: /home/surya/ros2_ws/src/install/yolov8_msgs/include/yolov8_msgs/yolov8_msgs/msg/detections.hpp
-- Up-to-date: /home/surya/ros2_ws/src/install/yolov8_msgs/include/yolov8_msgs/yolov8_msgs
-- Up-to-date: /home/surya/ros2_ws/src/install/yolov8_msgs/include/yolov8_msgs/yolov8_msgs/msg
-- Installing: /home/surya/ros2_ws/src/install/yolov8_msgs/include/yolov8_msgs/yolov8_msgs/msg/rosidl_typesupport_fastrtps_cpp__visibility_control.h
-- Up-to-date: /home/surya/ros2_ws/src/install/yolov8_msgs/include/yolov8_msgs/yolov8_msgs/msg/detail
-- Installing: /home/surya/ros2_ws/src/install/yolov8_msgs/include/yolov8_msgs/yolov8_msgs/msg/detail/detections__rosidl_typesupport_fastrtps_cpp.hpp
-- Installing: /home/surya/ros2_ws/src/install/yolov8_msgs/include/yolov8_msgs/yolov8_msgs/msg/detail/yolo__rosidl_typesupport_fastrtps_cpp.hpp
-- Installing: /home/surya/ros2_ws/src/install/yolov8_msgs/include/yolov8_msgs/yolov8_msgs/msg/detail/dds_fastrtps
-- Installing: /home/surya/ros2_ws/src/install/yolov8_msgs/lib/libyolov8_msgs__rosidl_typesupport_fastrtps_cpp.so
-- Set runtime path of "/home/surya/ros2_ws/src/install/yolov8_msgs/lib/libyolov8_msgs__rosidl_typesupport_fastrtps_cpp.so" to ""
-- Up-to-date: /home/surya/ros2_ws/src/install/yolov8_msgs/include/yolov8_msgs/yolov8_msgs
-- Up-to-date: /home/surya/ros2_ws/src/install/yolov8_msgs/include/yolov8_msgs/yolov8_msgs/msg
-- Up-to-date: /home/surya/ros2_ws/src/install/yolov8_msgs/include/yolov8_msgs/yolov8_msgs/msg/detail
-- Installing: /home/surya/ros2_ws/src/install/yolov8_msgs/include/yolov8_msgs/yolov8_msgs/msg/detail/yolo__type_support.cpp
-- Installing: /home/surya/ros2_ws/src/install/yolov8_msgs/include/yolov8_msgs/yolov8_msgs/msg/detail/detections__type_support.cpp
-- Installing: /home/surya/ros2_ws/src/install/yolov8_msgs/include/yolov8_msgs/yolov8_msgs/msg/detail/yolo__rosidl_typesupport_introspection_cpp.hpp
-- Installing: /home/surya/ros2_ws/src/install/yolov8_msgs/include/yolov8_msgs/yolov8_msgs/msg/detail/detections__rosidl_typesupport_introspection_cpp.hpp
-- Installing: /home/surya/ros2_ws/src/install/yolov8_msgs/lib/libyolov8_msgs__rosidl_typesupport_introspection_cpp.so
-- Set runtime path of "/home/surya/ros2_ws/src/install/yolov8_msgs/lib/libyolov8_msgs__rosidl_typesupport_introspection_cpp.so" to ""
-- Installing: /home/surya/ros2_ws/src/install/yolov8_msgs/lib/libyolov8_msgs__rosidl_typesupport_cpp.so
-- Set runtime path of "/home/surya/ros2_ws/src/install/yolov8_msgs/lib/libyolov8_msgs__rosidl_typesupport_cpp.so" to ""
-- Installing: /home/surya/ros2_ws/src/install/yolov8_msgs/share/yolov8_msgs/environment/pythonpath.sh
-- Installing: /home/surya/ros2_ws/src/install/yolov8_msgs/share/yolov8_msgs/environment/pythonpath.dsv
-- Installing: /home/surya/ros2_ws/src/install/yolov8_msgs/local/lib/python3.10/dist-packages/yolov8_msgs-0.0.0-py3.10.egg-info
-- Installing: /home/surya/ros2_ws/src/install/yolov8_msgs/local/lib/python3.10/dist-packages/yolov8_msgs-0.0.0-py3.10.egg-info/dependency_links.txt
-- Installing: /home/surya/ros2_ws/src/install/yolov8_msgs/local/lib/python3.10/dist-packages/yolov8_msgs-0.0.0-py3.10.egg-info/top_level.txt
-- Installing: /home/surya/ros2_ws/src/install/yolov8_msgs/local/lib/python3.10/dist-packages/yolov8_msgs-0.0.0-py3.10.egg-info/PKG-INFO
-- Installing: /home/surya/ros2_ws/src/install/yolov8_msgs/local/lib/python3.10/dist-packages/yolov8_msgs-0.0.0-py3.10.egg-info/SOURCES.txt
-- Installing: /home/surya/ros2_ws/src/install/yolov8_msgs/local/lib/python3.10/dist-packages/yolov8_msgs
-- Installing: /home/surya/ros2_ws/src/install/yolov8_msgs/local/lib/python3.10/dist-packages/yolov8_msgs/_yolov8_msgs_s.ep.rosidl_typesupport_fastrtps_c.c
-- Installing: /home/surya/ros2_ws/src/install/yolov8_msgs/local/lib/python3.10/dist-packages/yolov8_msgs/libyolov8_msgs__rosidl_generator_py.so
-- Installing: /home/surya/ros2_ws/src/install/yolov8_msgs/local/lib/python3.10/dist-packages/yolov8_msgs/_yolov8_msgs_s.ep.rosidl_typesupport_c.c
-- Installing: /home/surya/ros2_ws/src/install/yolov8_msgs/local/lib/python3.10/dist-packages/yolov8_msgs/yolov8_msgs_s__rosidl_typesupport_fastrtps_c.cpython-310-x86_64-linux-gnu.so
-- Installing: /home/surya/ros2_ws/src/install/yolov8_msgs/local/lib/python3.10/dist-packages/yolov8_msgs/__init__.py
-- Installing: /home/surya/ros2_ws/src/install/yolov8_msgs/local/lib/python3.10/dist-packages/yolov8_msgs/yolov8_msgs_s__rosidl_typesupport_introspection_c.cpython-310-x86_64-linux-gnu.so
-- Installing: /home/surya/ros2_ws/src/install/yolov8_msgs/local/lib/python3.10/dist-packages/yolov8_msgs/msg
-- Installing: /home/surya/ros2_ws/src/install/yolov8_msgs/local/lib/python3.10/dist-packages/yolov8_msgs/msg/_yolo.py
-- Installing: /home/surya/ros2_ws/src/install/yolov8_msgs/local/lib/python3.10/dist-packages/yolov8_msgs/msg/_detections.py
-- Installing: /home/surya/ros2_ws/src/install/yolov8_msgs/local/lib/python3.10/dist-packages/yolov8_msgs/msg/_yolo_s.c
-- Installing: /home/surya/ros2_ws/src/install/yolov8_msgs/local/lib/python3.10/dist-packages/yolov8_msgs/msg/__init__.py
-- Installing: /home/surya/ros2_ws/src/install/yolov8_msgs/local/lib/python3.10/dist-packages/yolov8_msgs/msg/_detections_s.c
-- Installing: /home/surya/ros2_ws/src/install/yolov8_msgs/local/lib/python3.10/dist-packages/yolov8_msgs/yolov8_msgs_s__rosidl_typesupport_c.cpython-310-x86_64-linux-gnu.so
-- Installing: /home/surya/ros2_ws/src/install/yolov8_msgs/local/lib/python3.10/dist-packages/yolov8_msgs/_yolov8_msgs_s.ep.rosidl_typesupport_introspection_c.c
Listing '/home/surya/ros2_ws/src/install/yolov8_msgs/local/lib/python3.10/dist-packages/yolov8_msgs'...
Compiling '/home/surya/ros2_ws/src/install/yolov8_msgs/local/lib/python3.10/dist-packages/yolov8_msgs/__init__.py'...
Listing '/home/surya/ros2_ws/src/install/yolov8_msgs/local/lib/python3.10/dist-packages/yolov8_msgs/msg'...
Compiling '/home/surya/ros2_ws/src/install/yolov8_msgs/local/lib/python3.10/dist-packages/yolov8_msgs/msg/__init__.py'...
Compiling '/home/surya/ros2_ws/src/install/yolov8_msgs/local/lib/python3.10/dist-packages/yolov8_msgs/msg/_detections.py'...
Compiling '/home/surya/ros2_ws/src/install/yolov8_msgs/local/lib/python3.10/dist-packages/yolov8_msgs/msg/_yolo.py'...
-- Installing: /home/surya/ros2_ws/src/install/yolov8_msgs/local/lib/python3.10/dist-packages/yolov8_msgs/yolov8_msgs_s__rosidl_typesupport_fastrtps_c.cpython-310-x86_64-linux-gnu.so
-- Set runtime path of "/home/surya/ros2_ws/src/install/yolov8_msgs/local/lib/python3.10/dist-packages/yolov8_msgs/yolov8_msgs_s__rosidl_typesupport_fastrtps_c.cpython-310-x86_64-linux-gnu.so" to ""
-- Installing: /home/surya/ros2_ws/src/install/yolov8_msgs/local/lib/python3.10/dist-packages/yolov8_msgs/yolov8_msgs_s__rosidl_typesupport_introspection_c.cpython-310-x86_64-linux-gnu.so
-- Set runtime path of "/home/surya/ros2_ws/src/install/yolov8_msgs/local/lib/python3.10/dist-packages/yolov8_msgs/yolov8_msgs_s__rosidl_typesupport_introspection_c.cpython-310-x86_64-linux-gnu.so" to ""
-- Installing: /home/surya/ros2_ws/src/install/yolov8_msgs/local/lib/python3.10/dist-packages/yolov8_msgs/yolov8_msgs_s__rosidl_typesupport_c.cpython-310-x86_64-linux-gnu.so
-- Set runtime path of "/home/surya/ros2_ws/src/install/yolov8_msgs/local/lib/python3.10/dist-packages/yolov8_msgs/yolov8_msgs_s__rosidl_typesupport_c.cpython-310-x86_64-linux-gnu.so" to ""
-- Installing: /home/surya/ros2_ws/src/install/yolov8_msgs/lib/libyolov8_msgs__rosidl_generator_py.so
-- Set runtime path of "/home/surya/ros2_ws/src/install/yolov8_msgs/lib/libyolov8_msgs__rosidl_generator_py.so" to ""
-- Installing: /home/surya/ros2_ws/src/install/yolov8_msgs/share/yolov8_msgs/msg/Yolo.idl
-- Installing: /home/surya/ros2_ws/src/install/yolov8_msgs/share/yolov8_msgs/msg/Detections.idl
-- Installing: /home/surya/ros2_ws/src/install/yolov8_msgs/share/yolov8_msgs/msg/Yolo.msg
-- Installing: /home/surya/ros2_ws/src/install/yolov8_msgs/share/yolov8_msgs/msg/Detections.msg
-- Installing: /home/surya/ros2_ws/src/install/yolov8_msgs/share/ament_index/resource_index/package_run_dependencies/yolov8_msgs
-- Installing: /home/surya/ros2_ws/src/install/yolov8_msgs/share/ament_index/resource_index/parent_prefix_path/yolov8_msgs
-- Installing: /home/surya/ros2_ws/src/install/yolov8_msgs/share/yolov8_msgs/environment/ament_prefix_path.sh
-- Installing: /home/surya/ros2_ws/src/install/yolov8_msgs/share/yolov8_msgs/environment/ament_prefix_path.dsv
-- Installing: /home/surya/ros2_ws/src/install/yolov8_msgs/share/yolov8_msgs/environment/path.sh
-- Installing: /home/surya/ros2_ws/src/install/yolov8_msgs/share/yolov8_msgs/environment/path.dsv
-- Installing: /home/surya/ros2_ws/src/install/yolov8_msgs/share/yolov8_msgs/local_setup.bash
-- Installing: /home/surya/ros2_ws/src/install/yolov8_msgs/share/yolov8_msgs/local_setup.sh
-- Installing: /home/surya/ros2_ws/src/install/yolov8_msgs/share/yolov8_msgs/local_setup.zsh
-- Installing: /home/surya/ros2_ws/src/install/yolov8_msgs/share/yolov8_msgs/local_setup.dsv
-- Installing: /home/surya/ros2_ws/src/install/yolov8_msgs/share/yolov8_msgs/package.dsv
-- Installing: /home/surya/ros2_ws/src/install/yolov8_msgs/share/ament_index/resource_index/packages/yolov8_msgs
-- Installing: /home/surya/ros2_ws/src/install/yolov8_msgs/share/yolov8_msgs/cmake/export_yolov8_msgs__rosidl_generator_cExport.cmake
-- Installing: /home/surya/ros2_ws/src/install/yolov8_msgs/share/yolov8_msgs/cmake/export_yolov8_msgs__rosidl_generator_cExport-noconfig.cmake
-- Installing: /home/surya/ros2_ws/src/install/yolov8_msgs/share/yolov8_msgs/cmake/export_yolov8_msgs__rosidl_typesupport_fastrtps_cExport.cmake
-- Installing: /home/surya/ros2_ws/src/install/yolov8_msgs/share/yolov8_msgs/cmake/export_yolov8_msgs__rosidl_typesupport_fastrtps_cExport-noconfig.cmake
-- Installing: /home/surya/ros2_ws/src/install/yolov8_msgs/share/yolov8_msgs/cmake/yolov8_msgs__rosidl_typesupport_introspection_cExport.cmake
-- Installing: /home/surya/ros2_ws/src/install/yolov8_msgs/share/yolov8_msgs/cmake/yolov8_msgs__rosidl_typesupport_introspection_cExport-noconfig.cmake
-- Installing: /home/surya/ros2_ws/src/install/yolov8_msgs/share/yolov8_msgs/cmake/yolov8_msgs__rosidl_typesupport_cExport.cmake
-- Installing: /home/surya/ros2_ws/src/install/yolov8_msgs/share/yolov8_msgs/cmake/yolov8_msgs__rosidl_typesupport_cExport-noconfig.cmake
-- Installing: /home/surya/ros2_ws/src/install/yolov8_msgs/share/yolov8_msgs/cmake/export_yolov8_msgs__rosidl_generator_cppExport.cmake
-- Installing: /home/surya/ros2_ws/src/install/yolov8_msgs/share/yolov8_msgs/cmake/export_yolov8_msgs__rosidl_typesupport_fastrtps_cppExport.cmake
-- Installing: /home/surya/ros2_ws/src/install/yolov8_msgs/share/yolov8_msgs/cmake/export_yolov8_msgs__rosidl_typesupport_fastrtps_cppExport-noconfig.cmake
-- Installing: /home/surya/ros2_ws/src/install/yolov8_msgs/share/yolov8_msgs/cmake/yolov8_msgs__rosidl_typesupport_introspection_cppExport.cmake
-- Installing: /home/surya/ros2_ws/src/install/yolov8_msgs/share/yolov8_msgs/cmake/yolov8_msgs__rosidl_typesupport_introspection_cppExport-noconfig.cmake
-- Installing: /home/surya/ros2_ws/src/install/yolov8_msgs/share/yolov8_msgs/cmake/yolov8_msgs__rosidl_typesupport_cppExport.cmake
-- Installing: /home/surya/ros2_ws/src/install/yolov8_msgs/share/yolov8_msgs/cmake/yolov8_msgs__rosidl_typesupport_cppExport-noconfig.cmake
-- Installing: /home/surya/ros2_ws/src/install/yolov8_msgs/share/yolov8_msgs/cmake/export_yolov8_msgs__rosidl_generator_pyExport.cmake
-- Installing: /home/surya/ros2_ws/src/install/yolov8_msgs/share/yolov8_msgs/cmake/export_yolov8_msgs__rosidl_generator_pyExport-noconfig.cmake
-- Installing: /home/surya/ros2_ws/src/install/yolov8_msgs/share/yolov8_msgs/cmake/rosidl_cmake-extras.cmake
-- Installing: /home/surya/ros2_ws/src/install/yolov8_msgs/share/yolov8_msgs/cmake/ament_cmake_export_include_directories-extras.cmake
-- Installing: /home/surya/ros2_ws/src/install/yolov8_msgs/share/yolov8_msgs/cmake/ament_cmake_export_libraries-extras.cmake
-- Installing: /home/surya/ros2_ws/src/install/yolov8_msgs/share/yolov8_msgs/cmake/ament_cmake_export_targets-extras.cmake
-- Installing: /home/surya/ros2_ws/src/install/yolov8_msgs/share/yolov8_msgs/cmake/rosidl_cmake_export_typesupport_targets-extras.cmake
-- Installing: /home/surya/ros2_ws/src/install/yolov8_msgs/share/yolov8_msgs/cmake/ament_cmake_export_dependencies-extras.cmake
-- Installing: /home/surya/ros2_ws/src/install/yolov8_msgs/share/yolov8_msgs/cmake/rosidl_cmake_export_typesupport_libraries-extras.cmake
-- Installing: /home/surya/ros2_ws/src/install/yolov8_msgs/share/yolov8_msgs/cmake/yolov8_msgsConfig.cmake
-- Installing: /home/surya/ros2_ws/src/install/yolov8_msgs/share/yolov8_msgs/cmake/yolov8_msgsConfig-version.cmake
-- Installing: /home/surya/ros2_ws/src/install/yolov8_msgs/share/yolov8_msgs/package.xml
