[0.013s] Invoking command in '/home/surya/ros2_ws/src/build/yolov8_msgs': CMAKE_PREFIX_PATH=${CMAKE_PREFIX_PATH}:/home/surya/ros2_ws/install/turtlesim_controller:/home/surya/ros2_ws/install/opencv_ros:/home/surya/ros2_ws/install/opencv:/home/surya/ros2_ws/install/lidar_based_contoller:/opt/ros/humble /usr/bin/cmake /home/surya/ros2_ws/src/yolov8_msgs -DCMAKE_INSTALL_PREFIX=/home/surya/ros2_ws/src/install/yolov8_msgs
[0.027s] -- Found ament_cmake: 1.3.11 (/opt/ros/humble/share/ament_cmake/cmake)
[0.170s] -- Found rosidl_default_generators: 1.2.0 (/opt/ros/humble/share/rosidl_default_generators/cmake)
[0.173s] -- Using all available rosidl_typesupport_c: rosidl_typesupport_fastrtps_c;rosidl_typesupport_introspection_c
[0.175s] -- Found rosidl_adapter: 3.1.6 (/opt/ros/humble/share/rosidl_adapter/cmake)
[0.208s] -- Using all available rosidl_typesupport_cpp: rosidl_typesupport_fastrtps_cpp;rosidl_typesupport_introspection_cpp
[0.478s] -- Found ament_cmake_ros: 0.10.0 (/opt/ros/humble/share/ament_cmake_ros/cmake)
[0.628s] -- Using all available rosidl_typesupport_c: rosidl_typesupport_fastrtps_c;rosidl_typesupport_introspection_c
[0.820s] -- Using all available rosidl_typesupport_cpp: rosidl_typesupport_fastrtps_cpp;rosidl_typesupport_introspection_cpp
[0.840s] -- Found PythonInterp: /usr/bin/python3 (found suitable version "3.10.12", minimum required is "3.6") 
[0.842s] -- Found python_cmake_module: 0.10.0 (/opt/ros/humble/share/python_cmake_module/cmake)
[0.864s] -- Found PythonLibs: /usr/lib/x86_64-linux-gnu/libpython3.10.so (found suitable version "3.10.12", minimum required is "3.5") 
[0.864s] -- Using PYTHON_EXECUTABLE: /usr/bin/python3
[0.865s] -- Using PYTHON_INCLUDE_DIRS: /usr/include/python3.10
[0.865s] -- Using PYTHON_LIBRARIES: /usr/lib/x86_64-linux-gnu/libpython3.10.so
[0.882s] -- Found PythonExtra: .so  
[0.910s] -- Found ament_lint_auto: 0.12.12 (/opt/ros/humble/share/ament_lint_auto/cmake)
[0.930s] -- Added test 'lint_cmake' to check CMake code style
[0.931s] -- Added test 'xmllint' to check XML markup files
[0.934s] -- Configuring done
[0.957s] -- Generating done
[0.964s] -- Build files have been written to: /home/surya/ros2_ws/src/build/yolov8_msgs
[0.969s] Invoked command in '/home/surya/ros2_ws/src/build/yolov8_msgs' returned '0': CMAKE_PREFIX_PATH=${CMAKE_PREFIX_PATH}:/home/surya/ros2_ws/install/turtlesim_controller:/home/surya/ros2_ws/install/opencv_ros:/home/surya/ros2_ws/install/opencv:/home/surya/ros2_ws/install/lidar_based_contoller:/opt/ros/humble /usr/bin/cmake /home/surya/ros2_ws/src/yolov8_msgs -DCMAKE_INSTALL_PREFIX=/home/surya/ros2_ws/src/install/yolov8_msgs
[0.972s] Invoking command in '/home/surya/ros2_ws/src/build/yolov8_msgs': CMAKE_PREFIX_PATH=${CMAKE_PREFIX_PATH}:/home/surya/ros2_ws/install/turtlesim_controller:/home/surya/ros2_ws/install/opencv_ros:/home/surya/ros2_ws/install/opencv:/home/surya/ros2_ws/install/lidar_based_contoller:/opt/ros/humble /usr/bin/cmake --build /home/surya/ros2_ws/src/build/yolov8_msgs -- -j16 -l16
[1.013s] [  2%] [34m[1mGenerating C code for ROS interfaces[0m
[1.021s] [  5%] [34m[1mGenerating C++ code for ROS interfaces[0m
[1.030s] [  5%] Built target ament_cmake_python_copy_yolov8_msgs
[1.225s] running egg_info
[1.226s] creating yolov8_msgs.egg-info
[1.226s] writing yolov8_msgs.egg-info/PKG-INFO
[1.226s] writing dependency_links to yolov8_msgs.egg-info/dependency_links.txt
[1.226s] writing top-level names to yolov8_msgs.egg-info/top_level.txt
[1.226s] writing manifest file 'yolov8_msgs.egg-info/SOURCES.txt'
[1.228s] reading manifest file 'yolov8_msgs.egg-info/SOURCES.txt'
[1.228s] writing manifest file 'yolov8_msgs.egg-info/SOURCES.txt'
[1.233s] [  7%] Built target yolov8_msgs__cpp
[1.233s] [  7%] [32mBuilding C object CMakeFiles/yolov8_msgs__rosidl_generator_c.dir/rosidl_generator_c/yolov8_msgs/msg/detail/yolo__functions.c.o[0m
[1.235s] [ 10%] [32mBuilding C object CMakeFiles/yolov8_msgs__rosidl_generator_c.dir/rosidl_generator_c/yolov8_msgs/msg/detail/detections__functions.c.o[0m
[1.242s] [ 17%] [34m[1mGenerating C++ type support dispatch for ROS interfaces[0m
[1.243s] [ 17%] [34m[1mGenerating C++ type support for eProsima Fast-RTPS[0m
[1.243s] [ 17%] [34m[1mGenerating C++ introspection for ROS interfaces[0m
[1.256s] [ 17%] Built target ament_cmake_python_build_yolov8_msgs_egg
[1.271s] [ 20%] [32m[1mLinking C shared library libyolov8_msgs__rosidl_generator_c.so[0m
[1.306s] [ 20%] Built target yolov8_msgs__rosidl_generator_c
[1.316s] [ 28%] [34m[1mGenerating C type support for eProsima Fast-RTPS[0m
[1.316s] [ 28%] [34m[1mGenerating C introspection for ROS interfaces[0m
[1.316s] [ 28%] [34m[1mGenerating C type support dispatch for ROS interfaces[0m
[1.428s] [ 30%] [32mBuilding CXX object CMakeFiles/yolov8_msgs__rosidl_typesupport_cpp.dir/rosidl_typesupport_cpp/yolov8_msgs/msg/yolo__type_support.cpp.o[0m
[1.430s] [ 33%] [32mBuilding CXX object CMakeFiles/yolov8_msgs__rosidl_typesupport_cpp.dir/rosidl_typesupport_cpp/yolov8_msgs/msg/detections__type_support.cpp.o[0m
[1.447s] [ 38%] [32mBuilding CXX object CMakeFiles/yolov8_msgs__rosidl_typesupport_introspection_cpp.dir/rosidl_typesupport_introspection_cpp/yolov8_msgs/msg/detail/detections__type_support.cpp.o[0m
[1.447s] [ 38%] [32mBuilding CXX object CMakeFiles/yolov8_msgs__rosidl_typesupport_introspection_cpp.dir/rosidl_typesupport_introspection_cpp/yolov8_msgs/msg/detail/yolo__type_support.cpp.o[0m
[1.457s] [ 41%] [32mBuilding CXX object CMakeFiles/yolov8_msgs__rosidl_typesupport_fastrtps_cpp.dir/rosidl_typesupport_fastrtps_cpp/yolov8_msgs/msg/detail/dds_fastrtps/yolo__type_support.cpp.o[0m
[1.459s] [ 43%] [32mBuilding CXX object CMakeFiles/yolov8_msgs__rosidl_typesupport_fastrtps_cpp.dir/rosidl_typesupport_fastrtps_cpp/yolov8_msgs/msg/detail/dds_fastrtps/detections__type_support.cpp.o[0m
[1.511s] [ 46%] [32mBuilding CXX object CMakeFiles/yolov8_msgs__rosidl_typesupport_c.dir/rosidl_typesupport_c/yolov8_msgs/msg/yolo__type_support.cpp.o[0m
[1.511s] [ 48%] [32mBuilding CXX object CMakeFiles/yolov8_msgs__rosidl_typesupport_c.dir/rosidl_typesupport_c/yolov8_msgs/msg/detections__type_support.cpp.o[0m
[1.544s] [ 51%] [32mBuilding CXX object CMakeFiles/yolov8_msgs__rosidl_typesupport_fastrtps_c.dir/rosidl_typesupport_fastrtps_c/yolov8_msgs/msg/detail/yolo__type_support_c.cpp.o[0m
[1.544s] [ 53%] [32mBuilding C object CMakeFiles/yolov8_msgs__rosidl_typesupport_introspection_c.dir/rosidl_typesupport_introspection_c/yolov8_msgs/msg/detail/yolo__type_support.c.o[0m
[1.544s] [ 56%] [32mBuilding CXX object CMakeFiles/yolov8_msgs__rosidl_typesupport_fastrtps_c.dir/rosidl_typesupport_fastrtps_c/yolov8_msgs/msg/detail/detections__type_support_c.cpp.o[0m
[1.545s] [ 58%] [32mBuilding C object CMakeFiles/yolov8_msgs__rosidl_typesupport_introspection_c.dir/rosidl_typesupport_introspection_c/yolov8_msgs/msg/detail/detections__type_support.c.o[0m
[1.545s] [ 61%] [32m[1mLinking CXX shared library libyolov8_msgs__rosidl_typesupport_c.so[0m
[1.586s] [ 64%] [32m[1mLinking C shared library libyolov8_msgs__rosidl_typesupport_introspection_c.so[0m
[1.594s] [ 64%] Built target yolov8_msgs__rosidl_typesupport_c
[1.618s] [ 64%] Built target yolov8_msgs__rosidl_typesupport_introspection_c
[1.654s] [ 66%] [32m[1mLinking CXX shared library libyolov8_msgs__rosidl_typesupport_cpp.so[0m
[1.692s] [ 66%] Built target yolov8_msgs__rosidl_typesupport_cpp
[1.778s] [ 69%] [32m[1mLinking CXX shared library libyolov8_msgs__rosidl_typesupport_introspection_cpp.so[0m
[1.833s] [ 71%] [32m[1mLinking CXX shared library libyolov8_msgs__rosidl_typesupport_fastrtps_cpp.so[0m
[1.840s] [ 74%] [32m[1mLinking CXX shared library libyolov8_msgs__rosidl_typesupport_fastrtps_c.so[0m
[1.847s] [ 74%] Built target yolov8_msgs__rosidl_typesupport_introspection_cpp
[1.899s] [ 74%] Built target yolov8_msgs__rosidl_typesupport_fastrtps_cpp
[1.904s] [ 74%] Built target yolov8_msgs__rosidl_typesupport_fastrtps_c
[1.924s] [ 74%] Built target yolov8_msgs
[1.945s] [ 76%] [34m[1mGenerating Python code for ROS interfaces[0m
[2.204s] [ 76%] Built target yolov8_msgs__py
[2.224s] [ 79%] [32mBuilding C object CMakeFiles/yolov8_msgs__rosidl_generator_py.dir/rosidl_generator_py/yolov8_msgs/msg/_yolo_s.c.o[0m
[2.225s] [ 82%] [32mBuilding C object CMakeFiles/yolov8_msgs__rosidl_generator_py.dir/rosidl_generator_py/yolov8_msgs/msg/_detections_s.c.o[0m
[2.301s] [ 84%] [32m[1mLinking C shared library rosidl_generator_py/yolov8_msgs/libyolov8_msgs__rosidl_generator_py.so[0m
[2.338s] [ 84%] Built target yolov8_msgs__rosidl_generator_py
[2.358s] [ 92%] [32mBuilding C object CMakeFiles/yolov8_msgs__rosidl_typesupport_c__pyext.dir/rosidl_generator_py/yolov8_msgs/_yolov8_msgs_s.ep.rosidl_typesupport_c.c.o[0m
[2.358s] [ 92%] [32mBuilding C object CMakeFiles/yolov8_msgs__rosidl_typesupport_introspection_c__pyext.dir/rosidl_generator_py/yolov8_msgs/_yolov8_msgs_s.ep.rosidl_typesupport_introspection_c.c.o[0m
[2.358s] [ 92%] [32mBuilding C object CMakeFiles/yolov8_msgs__rosidl_typesupport_fastrtps_c__pyext.dir/rosidl_generator_py/yolov8_msgs/_yolov8_msgs_s.ep.rosidl_typesupport_fastrtps_c.c.o[0m
[2.428s] [ 97%] [32m[1mLinking C shared library rosidl_generator_py/yolov8_msgs/yolov8_msgs_s__rosidl_typesupport_c.cpython-310-x86_64-linux-gnu.so[0m
[2.428s] [ 97%] [32m[1mLinking C shared library rosidl_generator_py/yolov8_msgs/yolov8_msgs_s__rosidl_typesupport_introspection_c.cpython-310-x86_64-linux-gnu.so[0m
[2.434s] [100%] [32m[1mLinking C shared library rosidl_generator_py/yolov8_msgs/yolov8_msgs_s__rosidl_typesupport_fastrtps_c.cpython-310-x86_64-linux-gnu.so[0m
[2.457s] [100%] Built target yolov8_msgs__rosidl_typesupport_c__pyext
[2.457s] [100%] Built target yolov8_msgs__rosidl_typesupport_introspection_c__pyext
[2.464s] [100%] Built target yolov8_msgs__rosidl_typesupport_fastrtps_c__pyext
[2.475s] Invoked command in '/home/surya/ros2_ws/src/build/yolov8_msgs' returned '0': CMAKE_PREFIX_PATH=${CMAKE_PREFIX_PATH}:/home/surya/ros2_ws/install/turtlesim_controller:/home/surya/ros2_ws/install/opencv_ros:/home/surya/ros2_ws/install/opencv:/home/surya/ros2_ws/install/lidar_based_contoller:/opt/ros/humble /usr/bin/cmake --build /home/surya/ros2_ws/src/build/yolov8_msgs -- -j16 -l16
[2.484s] Invoking command in '/home/surya/ros2_ws/src/build/yolov8_msgs': CMAKE_PREFIX_PATH=${CMAKE_PREFIX_PATH}:/home/surya/ros2_ws/install/turtlesim_controller:/home/surya/ros2_ws/install/opencv_ros:/home/surya/ros2_ws/install/opencv:/home/surya/ros2_ws/install/lidar_based_contoller:/opt/ros/humble /usr/bin/cmake --install /home/surya/ros2_ws/src/build/yolov8_msgs
[2.490s] -- Install configuration: ""
[2.490s] -- Installing: /home/surya/ros2_ws/src/install/yolov8_msgs/share/ament_index/resource_index/rosidl_interfaces/yolov8_msgs
[2.490s] -- Installing: /home/surya/ros2_ws/src/install/yolov8_msgs/include/yolov8_msgs/yolov8_msgs
[2.490s] -- Installing: /home/surya/ros2_ws/src/install/yolov8_msgs/include/yolov8_msgs/yolov8_msgs/msg
[2.490s] -- Installing: /home/surya/ros2_ws/src/install/yolov8_msgs/include/yolov8_msgs/yolov8_msgs/msg/detections.h
[2.490s] -- Installing: /home/surya/ros2_ws/src/install/yolov8_msgs/include/yolov8_msgs/yolov8_msgs/msg/rosidl_generator_c__visibility_control.h
[2.491s] -- Installing: /home/surya/ros2_ws/src/install/yolov8_msgs/include/yolov8_msgs/yolov8_msgs/msg/detail
[2.491s] -- Installing: /home/surya/ros2_ws/src/install/yolov8_msgs/include/yolov8_msgs/yolov8_msgs/msg/detail/yolo__functions.h
[2.491s] -- Installing: /home/surya/ros2_ws/src/install/yolov8_msgs/include/yolov8_msgs/yolov8_msgs/msg/detail/detections__functions.h
[2.491s] -- Installing: /home/surya/ros2_ws/src/install/yolov8_msgs/include/yolov8_msgs/yolov8_msgs/msg/detail/yolo__struct.h
[2.491s] -- Installing: /home/surya/ros2_ws/src/install/yolov8_msgs/include/yolov8_msgs/yolov8_msgs/msg/detail/detections__functions.c
[2.491s] -- Installing: /home/surya/ros2_ws/src/install/yolov8_msgs/include/yolov8_msgs/yolov8_msgs/msg/detail/detections__type_support.h
[2.491s] -- Installing: /home/surya/ros2_ws/src/install/yolov8_msgs/include/yolov8_msgs/yolov8_msgs/msg/detail/yolo__type_support.h
[2.491s] -- Installing: /home/surya/ros2_ws/src/install/yolov8_msgs/include/yolov8_msgs/yolov8_msgs/msg/detail/detections__struct.h
[2.491s] -- Installing: /home/surya/ros2_ws/src/install/yolov8_msgs/include/yolov8_msgs/yolov8_msgs/msg/detail/yolo__functions.c
[2.491s] -- Installing: /home/surya/ros2_ws/src/install/yolov8_msgs/include/yolov8_msgs/yolov8_msgs/msg/yolo.h
[2.491s] -- Installing: /home/surya/ros2_ws/src/install/yolov8_msgs/share/yolov8_msgs/environment/library_path.sh
[2.492s] -- Installing: /home/surya/ros2_ws/src/install/yolov8_msgs/share/yolov8_msgs/environment/library_path.dsv
[2.492s] -- Installing: /home/surya/ros2_ws/src/install/yolov8_msgs/lib/libyolov8_msgs__rosidl_generator_c.so
[2.492s] -- Set runtime path of "/home/surya/ros2_ws/src/install/yolov8_msgs/lib/libyolov8_msgs__rosidl_generator_c.so" to ""
[2.492s] -- Up-to-date: /home/surya/ros2_ws/src/install/yolov8_msgs/include/yolov8_msgs/yolov8_msgs
[2.492s] -- Up-to-date: /home/surya/ros2_ws/src/install/yolov8_msgs/include/yolov8_msgs/yolov8_msgs/msg
[2.492s] -- Up-to-date: /home/surya/ros2_ws/src/install/yolov8_msgs/include/yolov8_msgs/yolov8_msgs/msg/detail
[2.492s] -- Installing: /home/surya/ros2_ws/src/install/yolov8_msgs/include/yolov8_msgs/yolov8_msgs/msg/detail/yolo__rosidl_typesupport_fastrtps_c.h
[2.492s] -- Installing: /home/surya/ros2_ws/src/install/yolov8_msgs/include/yolov8_msgs/yolov8_msgs/msg/detail/detections__rosidl_typesupport_fastrtps_c.h
[2.492s] -- Installing: /home/surya/ros2_ws/src/install/yolov8_msgs/include/yolov8_msgs/yolov8_msgs/msg/rosidl_typesupport_fastrtps_c__visibility_control.h
[2.493s] -- Installing: /home/surya/ros2_ws/src/install/yolov8_msgs/lib/libyolov8_msgs__rosidl_typesupport_fastrtps_c.so
[2.493s] -- Set runtime path of "/home/surya/ros2_ws/src/install/yolov8_msgs/lib/libyolov8_msgs__rosidl_typesupport_fastrtps_c.so" to ""
[2.493s] -- Up-to-date: /home/surya/ros2_ws/src/install/yolov8_msgs/include/yolov8_msgs/yolov8_msgs
[2.493s] -- Up-to-date: /home/surya/ros2_ws/src/install/yolov8_msgs/include/yolov8_msgs/yolov8_msgs/msg
[2.493s] -- Up-to-date: /home/surya/ros2_ws/src/install/yolov8_msgs/include/yolov8_msgs/yolov8_msgs/msg/detail
[2.493s] -- Installing: /home/surya/ros2_ws/src/install/yolov8_msgs/include/yolov8_msgs/yolov8_msgs/msg/detail/detections__type_support.c
[2.493s] -- Installing: /home/surya/ros2_ws/src/install/yolov8_msgs/include/yolov8_msgs/yolov8_msgs/msg/detail/yolo__rosidl_typesupport_introspection_c.h
[2.493s] -- Installing: /home/surya/ros2_ws/src/install/yolov8_msgs/include/yolov8_msgs/yolov8_msgs/msg/detail/yolo__type_support.c
[2.493s] -- Installing: /home/surya/ros2_ws/src/install/yolov8_msgs/include/yolov8_msgs/yolov8_msgs/msg/detail/detections__rosidl_typesupport_introspection_c.h
[2.493s] -- Installing: /home/surya/ros2_ws/src/install/yolov8_msgs/include/yolov8_msgs/yolov8_msgs/msg/rosidl_typesupport_introspection_c__visibility_control.h
[2.494s] -- Installing: /home/surya/ros2_ws/src/install/yolov8_msgs/lib/libyolov8_msgs__rosidl_typesupport_introspection_c.so
[2.494s] -- Set runtime path of "/home/surya/ros2_ws/src/install/yolov8_msgs/lib/libyolov8_msgs__rosidl_typesupport_introspection_c.so" to ""
[2.494s] -- Installing: /home/surya/ros2_ws/src/install/yolov8_msgs/lib/libyolov8_msgs__rosidl_typesupport_c.so
[2.494s] -- Set runtime path of "/home/surya/ros2_ws/src/install/yolov8_msgs/lib/libyolov8_msgs__rosidl_typesupport_c.so" to ""
[2.494s] -- Up-to-date: /home/surya/ros2_ws/src/install/yolov8_msgs/include/yolov8_msgs/yolov8_msgs
[2.494s] -- Up-to-date: /home/surya/ros2_ws/src/install/yolov8_msgs/include/yolov8_msgs/yolov8_msgs/msg
[2.494s] -- Up-to-date: /home/surya/ros2_ws/src/install/yolov8_msgs/include/yolov8_msgs/yolov8_msgs/msg/detail
[2.494s] -- Installing: /home/surya/ros2_ws/src/install/yolov8_msgs/include/yolov8_msgs/yolov8_msgs/msg/detail/detections__builder.hpp
[2.494s] -- Installing: /home/surya/ros2_ws/src/install/yolov8_msgs/include/yolov8_msgs/yolov8_msgs/msg/detail/yolo__struct.hpp
[2.494s] -- Installing: /home/surya/ros2_ws/src/install/yolov8_msgs/include/yolov8_msgs/yolov8_msgs/msg/detail/yolo__traits.hpp
[2.495s] -- Installing: /home/surya/ros2_ws/src/install/yolov8_msgs/include/yolov8_msgs/yolov8_msgs/msg/detail/yolo__type_support.hpp
[2.495s] -- Installing: /home/surya/ros2_ws/src/install/yolov8_msgs/include/yolov8_msgs/yolov8_msgs/msg/detail/yolo__builder.hpp
[2.495s] -- Installing: /home/surya/ros2_ws/src/install/yolov8_msgs/include/yolov8_msgs/yolov8_msgs/msg/detail/detections__type_support.hpp
[2.495s] -- Installing: /home/surya/ros2_ws/src/install/yolov8_msgs/include/yolov8_msgs/yolov8_msgs/msg/detail/detections__struct.hpp
[2.495s] -- Installing: /home/surya/ros2_ws/src/install/yolov8_msgs/include/yolov8_msgs/yolov8_msgs/msg/detail/detections__traits.hpp
[2.495s] -- Installing: /home/surya/ros2_ws/src/install/yolov8_msgs/include/yolov8_msgs/yolov8_msgs/msg/yolo.hpp
[2.495s] -- Installing: /home/surya/ros2_ws/src/install/yolov8_msgs/include/yolov8_msgs/yolov8_msgs/msg/rosidl_generator_cpp__visibility_control.hpp
[2.495s] -- Installing: /home/surya/ros2_ws/src/install/yolov8_msgs/include/yolov8_msgs/yolov8_msgs/msg/detections.hpp
[2.495s] -- Up-to-date: /home/surya/ros2_ws/src/install/yolov8_msgs/include/yolov8_msgs/yolov8_msgs
[2.496s] -- Up-to-date: /home/surya/ros2_ws/src/install/yolov8_msgs/include/yolov8_msgs/yolov8_msgs/msg
[2.496s] -- Installing: /home/surya/ros2_ws/src/install/yolov8_msgs/include/yolov8_msgs/yolov8_msgs/msg/rosidl_typesupport_fastrtps_cpp__visibility_control.h
[2.496s] -- Up-to-date: /home/surya/ros2_ws/src/install/yolov8_msgs/include/yolov8_msgs/yolov8_msgs/msg/detail
[2.496s] -- Installing: /home/surya/ros2_ws/src/install/yolov8_msgs/include/yolov8_msgs/yolov8_msgs/msg/detail/detections__rosidl_typesupport_fastrtps_cpp.hpp
[2.496s] -- Installing: /home/surya/ros2_ws/src/install/yolov8_msgs/include/yolov8_msgs/yolov8_msgs/msg/detail/yolo__rosidl_typesupport_fastrtps_cpp.hpp
[2.496s] -- Installing: /home/surya/ros2_ws/src/install/yolov8_msgs/include/yolov8_msgs/yolov8_msgs/msg/detail/dds_fastrtps
[2.496s] -- Installing: /home/surya/ros2_ws/src/install/yolov8_msgs/lib/libyolov8_msgs__rosidl_typesupport_fastrtps_cpp.so
[2.496s] -- Set runtime path of "/home/surya/ros2_ws/src/install/yolov8_msgs/lib/libyolov8_msgs__rosidl_typesupport_fastrtps_cpp.so" to ""
[2.496s] -- Up-to-date: /home/surya/ros2_ws/src/install/yolov8_msgs/include/yolov8_msgs/yolov8_msgs
[2.496s] -- Up-to-date: /home/surya/ros2_ws/src/install/yolov8_msgs/include/yolov8_msgs/yolov8_msgs/msg
[2.496s] -- Up-to-date: /home/surya/ros2_ws/src/install/yolov8_msgs/include/yolov8_msgs/yolov8_msgs/msg/detail
[2.497s] -- Installing: /home/surya/ros2_ws/src/install/yolov8_msgs/include/yolov8_msgs/yolov8_msgs/msg/detail/yolo__type_support.cpp
[2.497s] -- Installing: /home/surya/ros2_ws/src/install/yolov8_msgs/include/yolov8_msgs/yolov8_msgs/msg/detail/detections__type_support.cpp
[2.497s] -- Installing: /home/surya/ros2_ws/src/install/yolov8_msgs/include/yolov8_msgs/yolov8_msgs/msg/detail/yolo__rosidl_typesupport_introspection_cpp.hpp
[2.497s] -- Installing: /home/surya/ros2_ws/src/install/yolov8_msgs/include/yolov8_msgs/yolov8_msgs/msg/detail/detections__rosidl_typesupport_introspection_cpp.hpp
[2.497s] -- Installing: /home/surya/ros2_ws/src/install/yolov8_msgs/lib/libyolov8_msgs__rosidl_typesupport_introspection_cpp.so
[2.497s] -- Set runtime path of "/home/surya/ros2_ws/src/install/yolov8_msgs/lib/libyolov8_msgs__rosidl_typesupport_introspection_cpp.so" to ""
[2.497s] -- Installing: /home/surya/ros2_ws/src/install/yolov8_msgs/lib/libyolov8_msgs__rosidl_typesupport_cpp.so
[2.498s] -- Set runtime path of "/home/surya/ros2_ws/src/install/yolov8_msgs/lib/libyolov8_msgs__rosidl_typesupport_cpp.so" to ""
[2.498s] -- Installing: /home/surya/ros2_ws/src/install/yolov8_msgs/share/yolov8_msgs/environment/pythonpath.sh
[2.498s] -- Installing: /home/surya/ros2_ws/src/install/yolov8_msgs/share/yolov8_msgs/environment/pythonpath.dsv
[2.498s] -- Installing: /home/surya/ros2_ws/src/install/yolov8_msgs/local/lib/python3.10/dist-packages/yolov8_msgs-0.0.0-py3.10.egg-info
[2.498s] -- Installing: /home/surya/ros2_ws/src/install/yolov8_msgs/local/lib/python3.10/dist-packages/yolov8_msgs-0.0.0-py3.10.egg-info/dependency_links.txt
[2.498s] -- Installing: /home/surya/ros2_ws/src/install/yolov8_msgs/local/lib/python3.10/dist-packages/yolov8_msgs-0.0.0-py3.10.egg-info/top_level.txt
[2.498s] -- Installing: /home/surya/ros2_ws/src/install/yolov8_msgs/local/lib/python3.10/dist-packages/yolov8_msgs-0.0.0-py3.10.egg-info/PKG-INFO
[2.498s] -- Installing: /home/surya/ros2_ws/src/install/yolov8_msgs/local/lib/python3.10/dist-packages/yolov8_msgs-0.0.0-py3.10.egg-info/SOURCES.txt
[2.499s] -- Installing: /home/surya/ros2_ws/src/install/yolov8_msgs/local/lib/python3.10/dist-packages/yolov8_msgs
[2.499s] -- Installing: /home/surya/ros2_ws/src/install/yolov8_msgs/local/lib/python3.10/dist-packages/yolov8_msgs/_yolov8_msgs_s.ep.rosidl_typesupport_fastrtps_c.c
[2.499s] -- Installing: /home/surya/ros2_ws/src/install/yolov8_msgs/local/lib/python3.10/dist-packages/yolov8_msgs/libyolov8_msgs__rosidl_generator_py.so
[2.499s] -- Installing: /home/surya/ros2_ws/src/install/yolov8_msgs/local/lib/python3.10/dist-packages/yolov8_msgs/_yolov8_msgs_s.ep.rosidl_typesupport_c.c
[2.499s] -- Installing: /home/surya/ros2_ws/src/install/yolov8_msgs/local/lib/python3.10/dist-packages/yolov8_msgs/yolov8_msgs_s__rosidl_typesupport_fastrtps_c.cpython-310-x86_64-linux-gnu.so
[2.499s] -- Installing: /home/surya/ros2_ws/src/install/yolov8_msgs/local/lib/python3.10/dist-packages/yolov8_msgs/__init__.py
[2.499s] -- Installing: /home/surya/ros2_ws/src/install/yolov8_msgs/local/lib/python3.10/dist-packages/yolov8_msgs/yolov8_msgs_s__rosidl_typesupport_introspection_c.cpython-310-x86_64-linux-gnu.so
[2.500s] -- Installing: /home/surya/ros2_ws/src/install/yolov8_msgs/local/lib/python3.10/dist-packages/yolov8_msgs/msg
[2.500s] -- Installing: /home/surya/ros2_ws/src/install/yolov8_msgs/local/lib/python3.10/dist-packages/yolov8_msgs/msg/_yolo.py
[2.500s] -- Installing: /home/surya/ros2_ws/src/install/yolov8_msgs/local/lib/python3.10/dist-packages/yolov8_msgs/msg/_detections.py
[2.500s] -- Installing: /home/surya/ros2_ws/src/install/yolov8_msgs/local/lib/python3.10/dist-packages/yolov8_msgs/msg/_yolo_s.c
[2.500s] -- Installing: /home/surya/ros2_ws/src/install/yolov8_msgs/local/lib/python3.10/dist-packages/yolov8_msgs/msg/__init__.py
[2.501s] -- Installing: /home/surya/ros2_ws/src/install/yolov8_msgs/local/lib/python3.10/dist-packages/yolov8_msgs/msg/_detections_s.c
[2.501s] -- Installing: /home/surya/ros2_ws/src/install/yolov8_msgs/local/lib/python3.10/dist-packages/yolov8_msgs/yolov8_msgs_s__rosidl_typesupport_c.cpython-310-x86_64-linux-gnu.so
[2.501s] -- Installing: /home/surya/ros2_ws/src/install/yolov8_msgs/local/lib/python3.10/dist-packages/yolov8_msgs/_yolov8_msgs_s.ep.rosidl_typesupport_introspection_c.c
[2.530s] Listing '/home/surya/ros2_ws/src/install/yolov8_msgs/local/lib/python3.10/dist-packages/yolov8_msgs'...
[2.530s] Compiling '/home/surya/ros2_ws/src/install/yolov8_msgs/local/lib/python3.10/dist-packages/yolov8_msgs/__init__.py'...
[2.530s] Listing '/home/surya/ros2_ws/src/install/yolov8_msgs/local/lib/python3.10/dist-packages/yolov8_msgs/msg'...
[2.530s] Compiling '/home/surya/ros2_ws/src/install/yolov8_msgs/local/lib/python3.10/dist-packages/yolov8_msgs/msg/__init__.py'...
[2.530s] Compiling '/home/surya/ros2_ws/src/install/yolov8_msgs/local/lib/python3.10/dist-packages/yolov8_msgs/msg/_detections.py'...
[2.530s] Compiling '/home/surya/ros2_ws/src/install/yolov8_msgs/local/lib/python3.10/dist-packages/yolov8_msgs/msg/_yolo.py'...
[2.534s] -- Installing: /home/surya/ros2_ws/src/install/yolov8_msgs/local/lib/python3.10/dist-packages/yolov8_msgs/yolov8_msgs_s__rosidl_typesupport_fastrtps_c.cpython-310-x86_64-linux-gnu.so
[2.535s] -- Set runtime path of "/home/surya/ros2_ws/src/install/yolov8_msgs/local/lib/python3.10/dist-packages/yolov8_msgs/yolov8_msgs_s__rosidl_typesupport_fastrtps_c.cpython-310-x86_64-linux-gnu.so" to ""
[2.535s] -- Installing: /home/surya/ros2_ws/src/install/yolov8_msgs/local/lib/python3.10/dist-packages/yolov8_msgs/yolov8_msgs_s__rosidl_typesupport_introspection_c.cpython-310-x86_64-linux-gnu.so
[2.536s] -- Set runtime path of "/home/surya/ros2_ws/src/install/yolov8_msgs/local/lib/python3.10/dist-packages/yolov8_msgs/yolov8_msgs_s__rosidl_typesupport_introspection_c.cpython-310-x86_64-linux-gnu.so" to ""
[2.536s] -- Installing: /home/surya/ros2_ws/src/install/yolov8_msgs/local/lib/python3.10/dist-packages/yolov8_msgs/yolov8_msgs_s__rosidl_typesupport_c.cpython-310-x86_64-linux-gnu.so
[2.536s] -- Set runtime path of "/home/surya/ros2_ws/src/install/yolov8_msgs/local/lib/python3.10/dist-packages/yolov8_msgs/yolov8_msgs_s__rosidl_typesupport_c.cpython-310-x86_64-linux-gnu.so" to ""
[2.536s] -- Installing: /home/surya/ros2_ws/src/install/yolov8_msgs/lib/libyolov8_msgs__rosidl_generator_py.so
[2.536s] -- Set runtime path of "/home/surya/ros2_ws/src/install/yolov8_msgs/lib/libyolov8_msgs__rosidl_generator_py.so" to ""
[2.536s] -- Installing: /home/surya/ros2_ws/src/install/yolov8_msgs/share/yolov8_msgs/msg/Yolo.idl
[2.537s] -- Installing: /home/surya/ros2_ws/src/install/yolov8_msgs/share/yolov8_msgs/msg/Detections.idl
[2.537s] -- Installing: /home/surya/ros2_ws/src/install/yolov8_msgs/share/yolov8_msgs/msg/Yolo.msg
[2.537s] -- Installing: /home/surya/ros2_ws/src/install/yolov8_msgs/share/yolov8_msgs/msg/Detections.msg
[2.537s] -- Installing: /home/surya/ros2_ws/src/install/yolov8_msgs/share/ament_index/resource_index/package_run_dependencies/yolov8_msgs
[2.537s] -- Installing: /home/surya/ros2_ws/src/install/yolov8_msgs/share/ament_index/resource_index/parent_prefix_path/yolov8_msgs
[2.537s] -- Installing: /home/surya/ros2_ws/src/install/yolov8_msgs/share/yolov8_msgs/environment/ament_prefix_path.sh
[2.537s] -- Installing: /home/surya/ros2_ws/src/install/yolov8_msgs/share/yolov8_msgs/environment/ament_prefix_path.dsv
[2.537s] -- Installing: /home/surya/ros2_ws/src/install/yolov8_msgs/share/yolov8_msgs/environment/path.sh
[2.538s] -- Installing: /home/surya/ros2_ws/src/install/yolov8_msgs/share/yolov8_msgs/environment/path.dsv
[2.538s] -- Installing: /home/surya/ros2_ws/src/install/yolov8_msgs/share/yolov8_msgs/local_setup.bash
[2.538s] -- Installing: /home/surya/ros2_ws/src/install/yolov8_msgs/share/yolov8_msgs/local_setup.sh
[2.538s] -- Installing: /home/surya/ros2_ws/src/install/yolov8_msgs/share/yolov8_msgs/local_setup.zsh
[2.538s] -- Installing: /home/surya/ros2_ws/src/install/yolov8_msgs/share/yolov8_msgs/local_setup.dsv
[2.538s] -- Installing: /home/surya/ros2_ws/src/install/yolov8_msgs/share/yolov8_msgs/package.dsv
[2.538s] -- Installing: /home/surya/ros2_ws/src/install/yolov8_msgs/share/ament_index/resource_index/packages/yolov8_msgs
[2.539s] -- Installing: /home/surya/ros2_ws/src/install/yolov8_msgs/share/yolov8_msgs/cmake/export_yolov8_msgs__rosidl_generator_cExport.cmake
[2.539s] -- Installing: /home/surya/ros2_ws/src/install/yolov8_msgs/share/yolov8_msgs/cmake/export_yolov8_msgs__rosidl_generator_cExport-noconfig.cmake
[2.539s] -- Installing: /home/surya/ros2_ws/src/install/yolov8_msgs/share/yolov8_msgs/cmake/export_yolov8_msgs__rosidl_typesupport_fastrtps_cExport.cmake
[2.539s] -- Installing: /home/surya/ros2_ws/src/install/yolov8_msgs/share/yolov8_msgs/cmake/export_yolov8_msgs__rosidl_typesupport_fastrtps_cExport-noconfig.cmake
[2.539s] -- Installing: /home/surya/ros2_ws/src/install/yolov8_msgs/share/yolov8_msgs/cmake/yolov8_msgs__rosidl_typesupport_introspection_cExport.cmake
[2.539s] -- Installing: /home/surya/ros2_ws/src/install/yolov8_msgs/share/yolov8_msgs/cmake/yolov8_msgs__rosidl_typesupport_introspection_cExport-noconfig.cmake
[2.539s] -- Installing: /home/surya/ros2_ws/src/install/yolov8_msgs/share/yolov8_msgs/cmake/yolov8_msgs__rosidl_typesupport_cExport.cmake
[2.539s] -- Installing: /home/surya/ros2_ws/src/install/yolov8_msgs/share/yolov8_msgs/cmake/yolov8_msgs__rosidl_typesupport_cExport-noconfig.cmake
[2.540s] -- Installing: /home/surya/ros2_ws/src/install/yolov8_msgs/share/yolov8_msgs/cmake/export_yolov8_msgs__rosidl_generator_cppExport.cmake
[2.540s] -- Installing: /home/surya/ros2_ws/src/install/yolov8_msgs/share/yolov8_msgs/cmake/export_yolov8_msgs__rosidl_typesupport_fastrtps_cppExport.cmake
[2.540s] -- Installing: /home/surya/ros2_ws/src/install/yolov8_msgs/share/yolov8_msgs/cmake/export_yolov8_msgs__rosidl_typesupport_fastrtps_cppExport-noconfig.cmake
[2.540s] -- Installing: /home/surya/ros2_ws/src/install/yolov8_msgs/share/yolov8_msgs/cmake/yolov8_msgs__rosidl_typesupport_introspection_cppExport.cmake
[2.540s] -- Installing: /home/surya/ros2_ws/src/install/yolov8_msgs/share/yolov8_msgs/cmake/yolov8_msgs__rosidl_typesupport_introspection_cppExport-noconfig.cmake
[2.540s] -- Installing: /home/surya/ros2_ws/src/install/yolov8_msgs/share/yolov8_msgs/cmake/yolov8_msgs__rosidl_typesupport_cppExport.cmake
[2.541s] -- Installing: /home/surya/ros2_ws/src/install/yolov8_msgs/share/yolov8_msgs/cmake/yolov8_msgs__rosidl_typesupport_cppExport-noconfig.cmake
[2.541s] -- Installing: /home/surya/ros2_ws/src/install/yolov8_msgs/share/yolov8_msgs/cmake/export_yolov8_msgs__rosidl_generator_pyExport.cmake
[2.541s] -- Installing: /home/surya/ros2_ws/src/install/yolov8_msgs/share/yolov8_msgs/cmake/export_yolov8_msgs__rosidl_generator_pyExport-noconfig.cmake
[2.541s] -- Installing: /home/surya/ros2_ws/src/install/yolov8_msgs/share/yolov8_msgs/cmake/rosidl_cmake-extras.cmake
[2.541s] -- Installing: /home/surya/ros2_ws/src/install/yolov8_msgs/share/yolov8_msgs/cmake/ament_cmake_export_include_directories-extras.cmake
[2.541s] -- Installing: /home/surya/ros2_ws/src/install/yolov8_msgs/share/yolov8_msgs/cmake/ament_cmake_export_libraries-extras.cmake
[2.541s] -- Installing: /home/surya/ros2_ws/src/install/yolov8_msgs/share/yolov8_msgs/cmake/ament_cmake_export_targets-extras.cmake
[2.541s] -- Installing: /home/surya/ros2_ws/src/install/yolov8_msgs/share/yolov8_msgs/cmake/rosidl_cmake_export_typesupport_targets-extras.cmake
[2.542s] -- Installing: /home/surya/ros2_ws/src/install/yolov8_msgs/share/yolov8_msgs/cmake/ament_cmake_export_dependencies-extras.cmake
[2.542s] -- Installing: /home/surya/ros2_ws/src/install/yolov8_msgs/share/yolov8_msgs/cmake/rosidl_cmake_export_typesupport_libraries-extras.cmake
[2.542s] -- Installing: /home/surya/ros2_ws/src/install/yolov8_msgs/share/yolov8_msgs/cmake/yolov8_msgsConfig.cmake
[2.542s] -- Installing: /home/surya/ros2_ws/src/install/yolov8_msgs/share/yolov8_msgs/cmake/yolov8_msgsConfig-version.cmake
[2.542s] -- Installing: /home/surya/ros2_ws/src/install/yolov8_msgs/share/yolov8_msgs/package.xml
[2.545s] Invoked command in '/home/surya/ros2_ws/src/build/yolov8_msgs' returned '0': CMAKE_PREFIX_PATH=${CMAKE_PREFIX_PATH}:/home/surya/ros2_ws/install/turtlesim_controller:/home/surya/ros2_ws/install/opencv_ros:/home/surya/ros2_ws/install/opencv:/home/surya/ros2_ws/install/lidar_based_contoller:/opt/ros/humble /usr/bin/cmake --install /home/surya/ros2_ws/src/build/yolov8_msgs
