[0.619s] Invoking command in '/home/surya/ros2_ws/src/yolo': PYTHONPATH=/home/surya/ros2_ws/src/build/yolo/prefix_override:/usr/lib/python3/dist-packages/colcon_core/task/python/colcon_distutils_commands:/home/surya/ros2_ws/src/install/yolo/lib/python3.10/site-packages:${PYTHONPATH} /usr/bin/python3 -W ignore:setup.py install is deprecated -W ignore:easy_install command is deprecated setup.py egg_info --egg-base ../build/yolo build --build-base /home/surya/ros2_ws/src/build/yolo/build install --record /home/surya/ros2_ws/src/build/yolo/install.log --single-version-externally-managed install_data
[0.798s] running egg_info
[0.798s] creating ../build/yolo/yolo.egg-info
[0.799s] writing ../build/yolo/yolo.egg-info/PKG-INFO
[0.799s] writing dependency_links to ../build/yolo/yolo.egg-info/dependency_links.txt
[0.799s] writing entry points to ../build/yolo/yolo.egg-info/entry_points.txt
[0.799s] writing requirements to ../build/yolo/yolo.egg-info/requires.txt
[0.799s] writing top-level names to ../build/yolo/yolo.egg-info/top_level.txt
[0.799s] writing manifest file '../build/yolo/yolo.egg-info/SOURCES.txt'
[0.800s] reading manifest file '../build/yolo/yolo.egg-info/SOURCES.txt'
[0.800s] writing manifest file '../build/yolo/yolo.egg-info/SOURCES.txt'
[0.800s] running build
[0.800s] running build_py
[0.800s] creating /home/surya/ros2_ws/src/build/yolo/build
[0.801s] creating /home/surya/ros2_ws/src/build/yolo/build/lib
[0.801s] creating /home/surya/ros2_ws/src/build/yolo/build/lib/yolo
[0.801s] copying yolo/yolo_publisher.py -> /home/surya/ros2_ws/src/build/yolo/build/lib/yolo
[0.801s] copying yolo/__init__.py -> /home/surya/ros2_ws/src/build/yolo/build/lib/yolo
[0.801s] running install
[0.801s] running install_lib
[0.801s] creating /home/surya/ros2_ws/src/install/yolo/lib/python3.10/site-packages/yolo
[0.802s] copying /home/surya/ros2_ws/src/build/yolo/build/lib/yolo/yolo_publisher.py -> /home/surya/ros2_ws/src/install/yolo/lib/python3.10/site-packages/yolo
[0.802s] copying /home/surya/ros2_ws/src/build/yolo/build/lib/yolo/__init__.py -> /home/surya/ros2_ws/src/install/yolo/lib/python3.10/site-packages/yolo
[0.802s] byte-compiling /home/surya/ros2_ws/src/install/yolo/lib/python3.10/site-packages/yolo/yolo_publisher.py to yolo_publisher.cpython-310.pyc
[0.802s] byte-compiling /home/surya/ros2_ws/src/install/yolo/lib/python3.10/site-packages/yolo/__init__.py to __init__.cpython-310.pyc
[0.802s] running install_data
[0.802s] creating /home/surya/ros2_ws/src/install/yolo/share/ament_index
[0.802s] creating /home/surya/ros2_ws/src/install/yolo/share/ament_index/resource_index
[0.802s] creating /home/surya/ros2_ws/src/install/yolo/share/ament_index/resource_index/packages
[0.802s] copying resource/yolo -> /home/surya/ros2_ws/src/install/yolo/share/ament_index/resource_index/packages
[0.803s] copying package.xml -> /home/surya/ros2_ws/src/install/yolo/share/yolo
[0.803s] running install_egg_info
[0.804s] Copying ../build/yolo/yolo.egg-info to /home/surya/ros2_ws/src/install/yolo/lib/python3.10/site-packages/yolo-0.0.0-py3.10.egg-info
[0.804s] running install_scripts
[0.819s] writing list of installed files to '/home/surya/ros2_ws/src/build/yolo/install.log'
[0.836s] Invoked command in '/home/surya/ros2_ws/src/yolo' returned '0': PYTHONPATH=/home/surya/ros2_ws/src/build/yolo/prefix_override:/usr/lib/python3/dist-packages/colcon_core/task/python/colcon_distutils_commands:/home/surya/ros2_ws/src/install/yolo/lib/python3.10/site-packages:${PYTHONPATH} /usr/bin/python3 -W ignore:setup.py install is deprecated -W ignore:easy_install command is deprecated setup.py egg_info --egg-base ../build/yolo build --build-base /home/surya/ros2_ws/src/build/yolo/build install --record /home/surya/ros2_ws/src/build/yolo/install.log --single-version-externally-managed install_data
