-- The C compiler identification is GNU 11.4.0
-- The CXX compiler identification is GNU 11.4.0
-- Detecting C compiler ABI info
-- Detecting C compiler ABI info - done
-- Check for working C compiler: /usr/bin/cc - skipped
-- Detecting C compile features
-- Detecting C compile features - done
-- Detecting CXX compiler ABI info
-- Detecting CXX compiler ABI info - done
-- Check for working CXX compiler: /usr/bin/c++ - skipped
-- Detecting CXX compile features
-- Detecting CXX compile features - done
-- Found ament_cmake: 1.3.11 (/opt/ros/humble/share/ament_cmake/cmake)
-- Found Python3: /usr/bin/python3 (found version "3.10.12") found components: Interpreter 
-- Found rosidl_default_generators: 1.2.0 (/opt/ros/humble/share/rosidl_default_generators/cmake)
-- Using all available rosidl_typesupport_c: rosidl_typesupport_fastrtps_c;rosidl_typesupport_introspection_c
-- Found rosidl_adapter: 3.1.6 (/opt/ros/humble/share/rosidl_adapter/cmake)
-- Using all available rosidl_typesupport_cpp: rosidl_typesupport_fastrtps_cpp;rosidl_typesupport_introspection_cpp
-- Found geometry_msgs: 4.8.0 (/opt/ros/humble/share/geometry_msgs/cmake)
-- Found ament_cmake_ros: 0.10.0 (/opt/ros/humble/share/ament_cmake_ros/cmake)
-- Using all available rosidl_typesupport_c: rosidl_typesupport_fastrtps_c;rosidl_typesupport_introspection_c
-- Using all available rosidl_typesupport_cpp: rosidl_typesupport_fastrtps_cpp;rosidl_typesupport_introspection_cpp
-- Found PythonInterp: /usr/bin/python3 (found suitable version "3.10.12", minimum required is "3.6") 
-- Found python_cmake_module: 0.10.0 (/opt/ros/humble/share/python_cmake_module/cmake)
-- Found PythonLibs: /usr/lib/x86_64-linux-gnu/libpython3.10.so (found suitable version "3.10.12", minimum required is "3.5") 
-- Using PYTHON_EXECUTABLE: /usr/bin/python3
-- Using PYTHON_INCLUDE_DIRS: /usr/include/python3.10
-- Using PYTHON_LIBRARIES: /usr/lib/x86_64-linux-gnu/libpython3.10.so
-- Found PythonExtra: .so  
-- Found ament_lint_auto: 0.12.12 (/opt/ros/humble/share/ament_lint_auto/cmake)
-- Added test 'cppcheck' to perform static code analysis on C / C++ code
-- Configured cppcheck include dirs: $<BUILD_INTERFACE:/home/surya/ros2_ws/src/action_interface/build/action_interface/rosidl_generator_c>;$<BUILD_INTERFACE:/home/surya/ros2_ws/src/action_interface/build/action_interface/rosidl_typesupport_fastrtps_c>;$<BUILD_INTERFACE:/home/surya/ros2_ws/src/action_interface/build/action_interface/rosidl_typesupport_introspection_c>;$<BUILD_INTERFACE:/home/surya/ros2_ws/src/action_interface/build/action_interface/rosidl_generator_cpp>;$<BUILD_INTERFACE:/home/surya/ros2_ws/src/action_interface/build/action_interface/rosidl_typesupport_fastrtps_cpp>;$<BUILD_INTERFACE:/home/surya/ros2_ws/src/action_interface/build/action_interface/rosidl_typesupport_introspection_cpp>;/home/surya/ros2_ws/src/action_interface/build/action_interface/rosidl_generator_c;/home/surya/ros2_ws/src/action_interface/build/action_interface/rosidl_generator_py
-- Configured cppcheck exclude dirs and/or files: 
-- Added test 'flake8' to check Python code syntax and style conventions
-- Added test 'lint_cmake' to check CMake code style
-- Added test 'pep257' to check Python code against some of the docstring style conventions in PEP 257
-- Added test 'uncrustify' to check C / C++ code style
-- Configured uncrustify additional arguments: 
-- Added test 'xmllint' to check XML markup files
-- Configuring done
-- Generating done
-- Build files have been written to: /home/surya/ros2_ws/src/action_interface/build/action_interface
[  2%] [34m[1mGenerating C code for ROS interfaces[0m
[  4%] [34m[1mGenerating C++ code for ROS interfaces[0m
[  4%] Built target ament_cmake_python_copy_action_interface
running egg_info
creating action_interface.egg-info
writing action_interface.egg-info/PKG-INFO
writing dependency_links to action_interface.egg-info/dependency_links.txt
writing top-level names to action_interface.egg-info/top_level.txt
writing manifest file 'action_interface.egg-info/SOURCES.txt'
reading manifest file 'action_interface.egg-info/SOURCES.txt'
writing manifest file 'action_interface.egg-info/SOURCES.txt'
[  4%] Built target ament_cmake_python_build_action_interface_egg
[  6%] [32mBuilding C object CMakeFiles/action_interface__rosidl_generator_c.dir/rosidl_generator_c/action_interface/action/detail/trial__functions.c.o[0m
[  8%] [32mBuilding C object CMakeFiles/action_interface__rosidl_generator_c.dir/rosidl_generator_c/action_interface/action/detail/shape__functions.c.o[0m
[ 10%] [32mBuilding C object CMakeFiles/action_interface__rosidl_generator_c.dir/rosidl_generator_c/action_interface/action/detail/number__functions.c.o[0m
[ 10%] Built target action_interface__cpp
[ 14%] [34m[1mGenerating C++ type support dispatch for ROS interfaces[0m
[ 14%] [34m[1mGenerating C++ introspection for ROS interfaces[0m
[ 17%] [34m[1mGenerating C++ type support for eProsima Fast-RTPS[0m
[ 19%] [32m[1mLinking C shared library libaction_interface__rosidl_generator_c.so[0m
[ 19%] Built target action_interface__rosidl_generator_c
[ 25%] [34m[1mGenerating C type support dispatch for ROS interfaces[0m
[ 25%] [34m[1mGenerating C type support for eProsima Fast-RTPS[0m
[ 25%] [34m[1mGenerating C introspection for ROS interfaces[0m
[ 31%] [32mBuilding CXX object CMakeFiles/action_interface__rosidl_typesupport_cpp.dir/rosidl_typesupport_cpp/action_interface/action/shape__type_support.cpp.o[0m
[ 31%] [32mBuilding CXX object CMakeFiles/action_interface__rosidl_typesupport_cpp.dir/rosidl_typesupport_cpp/action_interface/action/trial__type_support.cpp.o[0m
[ 31%] [32mBuilding CXX object CMakeFiles/action_interface__rosidl_typesupport_cpp.dir/rosidl_typesupport_cpp/action_interface/action/number__type_support.cpp.o[0m
[ 38%] [32mBuilding CXX object CMakeFiles/action_interface__rosidl_typesupport_introspection_cpp.dir/rosidl_typesupport_introspection_cpp/action_interface/action/detail/trial__type_support.cpp.o[0m
[ 38%] [32mBuilding CXX object CMakeFiles/action_interface__rosidl_typesupport_introspection_cpp.dir/rosidl_typesupport_introspection_cpp/action_interface/action/detail/number__type_support.cpp.o[0m
[ 38%] [32mBuilding CXX object CMakeFiles/action_interface__rosidl_typesupport_introspection_cpp.dir/rosidl_typesupport_introspection_cpp/action_interface/action/detail/shape__type_support.cpp.o[0m
[ 40%] [32mBuilding CXX object CMakeFiles/action_interface__rosidl_typesupport_c.dir/rosidl_typesupport_c/action_interface/action/trial__type_support.cpp.o[0m
[ 44%] [32mBuilding CXX object CMakeFiles/action_interface__rosidl_typesupport_c.dir/rosidl_typesupport_c/action_interface/action/number__type_support.cpp.o[0m
[ 44%] [32mBuilding CXX object CMakeFiles/action_interface__rosidl_typesupport_c.dir/rosidl_typesupport_c/action_interface/action/shape__type_support.cpp.o[0m
[ 46%] [32m[1mLinking CXX shared library libaction_interface__rosidl_typesupport_c.so[0m
[ 48%] [32mBuilding CXX object CMakeFiles/action_interface__rosidl_typesupport_fastrtps_cpp.dir/rosidl_typesupport_fastrtps_cpp/action_interface/action/detail/dds_fastrtps/trial__type_support.cpp.o[0m
[ 53%] [32mBuilding CXX object CMakeFiles/action_interface__rosidl_typesupport_fastrtps_cpp.dir/rosidl_typesupport_fastrtps_cpp/action_interface/action/detail/dds_fastrtps/number__type_support.cpp.o[0m
[ 53%] [32mBuilding CXX object CMakeFiles/action_interface__rosidl_typesupport_fastrtps_cpp.dir/rosidl_typesupport_fastrtps_cpp/action_interface/action/detail/dds_fastrtps/shape__type_support.cpp.o[0m
[ 53%] Built target action_interface__rosidl_typesupport_c
[ 57%] [32mBuilding C object CMakeFiles/action_interface__rosidl_typesupport_introspection_c.dir/rosidl_typesupport_introspection_c/action_interface/action/detail/number__type_support.c.o[0m
[ 57%] [32mBuilding C object CMakeFiles/action_interface__rosidl_typesupport_introspection_c.dir/rosidl_typesupport_introspection_c/action_interface/action/detail/trial__type_support.c.o[0m
[ 59%] [32mBuilding C object CMakeFiles/action_interface__rosidl_typesupport_introspection_c.dir/rosidl_typesupport_introspection_c/action_interface/action/detail/shape__type_support.c.o[0m
[ 61%] [32m[1mLinking C shared library libaction_interface__rosidl_typesupport_introspection_c.so[0m
[ 68%] [32mBuilding CXX object CMakeFiles/action_interface__rosidl_typesupport_fastrtps_c.dir/rosidl_typesupport_fastrtps_c/action_interface/action/detail/trial__type_support_c.cpp.o[0m
[ 68%] [32mBuilding CXX object CMakeFiles/action_interface__rosidl_typesupport_fastrtps_c.dir/rosidl_typesupport_fastrtps_c/action_interface/action/detail/shape__type_support_c.cpp.o[0m
[ 68%] [32mBuilding CXX object CMakeFiles/action_interface__rosidl_typesupport_fastrtps_c.dir/rosidl_typesupport_fastrtps_c/action_interface/action/detail/number__type_support_c.cpp.o[0m
[ 68%] Built target action_interface__rosidl_typesupport_introspection_c
[ 70%] [32m[1mLinking CXX shared library libaction_interface__rosidl_typesupport_cpp.so[0m
[ 70%] Built target action_interface__rosidl_typesupport_cpp
[ 72%] [32m[1mLinking CXX shared library libaction_interface__rosidl_typesupport_introspection_cpp.so[0m
[ 74%] [32m[1mLinking CXX shared library libaction_interface__rosidl_typesupport_fastrtps_c.so[0m
[ 74%] Built target action_interface__rosidl_typesupport_introspection_cpp
[ 76%] [32m[1mLinking CXX shared library libaction_interface__rosidl_typesupport_fastrtps_cpp.so[0m
[ 76%] Built target action_interface__rosidl_typesupport_fastrtps_c
[ 76%] Built target action_interface__rosidl_typesupport_fastrtps_cpp
[ 76%] Built target action_interface
[ 78%] [34m[1mGenerating Python code for ROS interfaces[0m
[ 78%] Built target action_interface__py
[ 80%] [32mBuilding C object CMakeFiles/action_interface__rosidl_generator_py.dir/rosidl_generator_py/action_interface/action/_shape_s.c.o[0m
[ 82%] [32mBuilding C object CMakeFiles/action_interface__rosidl_generator_py.dir/rosidl_generator_py/action_interface/action/_trial_s.c.o[0m
[ 85%] [32mBuilding C object CMakeFiles/action_interface__rosidl_generator_py.dir/rosidl_generator_py/action_interface/action/_number_s.c.o[0m
[ 87%] [32m[1mLinking C shared library rosidl_generator_py/action_interface/libaction_interface__rosidl_generator_py.so[0m
[ 87%] Built target action_interface__rosidl_generator_py
[ 93%] [32mBuilding C object CMakeFiles/action_interface__rosidl_typesupport_introspection_c__pyext.dir/rosidl_generator_py/action_interface/_action_interface_s.ep.rosidl_typesupport_introspection_c.c.o[0m
[ 93%] [32mBuilding C object CMakeFiles/action_interface__rosidl_typesupport_fastrtps_c__pyext.dir/rosidl_generator_py/action_interface/_action_interface_s.ep.rosidl_typesupport_fastrtps_c.c.o[0m
[ 93%] [32mBuilding C object CMakeFiles/action_interface__rosidl_typesupport_c__pyext.dir/rosidl_generator_py/action_interface/_action_interface_s.ep.rosidl_typesupport_c.c.o[0m
[ 97%] [32m[1mLinking C shared library rosidl_generator_py/action_interface/action_interface_s__rosidl_typesupport_c.cpython-310-x86_64-linux-gnu.so[0m
[ 97%] [32m[1mLinking C shared library rosidl_generator_py/action_interface/action_interface_s__rosidl_typesupport_fastrtps_c.cpython-310-x86_64-linux-gnu.so[0m
[100%] [32m[1mLinking C shared library rosidl_generator_py/action_interface/action_interface_s__rosidl_typesupport_introspection_c.cpython-310-x86_64-linux-gnu.so[0m
[100%] Built target action_interface__rosidl_typesupport_fastrtps_c__pyext
[100%] Built target action_interface__rosidl_typesupport_c__pyext
[100%] Built target action_interface__rosidl_typesupport_introspection_c__pyext
-- Install configuration: ""
-- Installing: /home/surya/ros2_ws/src/action_interface/install/action_interface/share/ament_index/resource_index/rosidl_interfaces/action_interface
-- Installing: /home/surya/ros2_ws/src/action_interface/install/action_interface/include/action_interface/action_interface
-- Installing: /home/surya/ros2_ws/src/action_interface/install/action_interface/include/action_interface/action_interface/action
-- Installing: /home/surya/ros2_ws/src/action_interface/install/action_interface/include/action_interface/action_interface/action/shape.h
-- Installing: /home/surya/ros2_ws/src/action_interface/install/action_interface/include/action_interface/action_interface/action/detail
-- Installing: /home/surya/ros2_ws/src/action_interface/install/action_interface/include/action_interface/action_interface/action/detail/number__struct.h
-- Installing: /home/surya/ros2_ws/src/action_interface/install/action_interface/include/action_interface/action_interface/action/detail/number__functions.h
-- Installing: /home/surya/ros2_ws/src/action_interface/install/action_interface/include/action_interface/action_interface/action/detail/number__functions.c
-- Installing: /home/surya/ros2_ws/src/action_interface/install/action_interface/include/action_interface/action_interface/action/detail/shape__struct.h
-- Installing: /home/surya/ros2_ws/src/action_interface/install/action_interface/include/action_interface/action_interface/action/detail/trial__struct.h
-- Installing: /home/surya/ros2_ws/src/action_interface/install/action_interface/include/action_interface/action_interface/action/detail/trial__functions.c
-- Installing: /home/surya/ros2_ws/src/action_interface/install/action_interface/include/action_interface/action_interface/action/detail/trial__type_support.h
-- Installing: /home/surya/ros2_ws/src/action_interface/install/action_interface/include/action_interface/action_interface/action/detail/shape__functions.c
-- Installing: /home/surya/ros2_ws/src/action_interface/install/action_interface/include/action_interface/action_interface/action/detail/number__type_support.h
-- Installing: /home/surya/ros2_ws/src/action_interface/install/action_interface/include/action_interface/action_interface/action/detail/shape__functions.h
-- Installing: /home/surya/ros2_ws/src/action_interface/install/action_interface/include/action_interface/action_interface/action/detail/trial__functions.h
-- Installing: /home/surya/ros2_ws/src/action_interface/install/action_interface/include/action_interface/action_interface/action/detail/shape__type_support.h
-- Installing: /home/surya/ros2_ws/src/action_interface/install/action_interface/include/action_interface/action_interface/action/trial.h
-- Installing: /home/surya/ros2_ws/src/action_interface/install/action_interface/include/action_interface/action_interface/action/number.h
-- Installing: /home/surya/ros2_ws/src/action_interface/install/action_interface/include/action_interface/action_interface/msg
-- Installing: /home/surya/ros2_ws/src/action_interface/install/action_interface/include/action_interface/action_interface/msg/rosidl_generator_c__visibility_control.h
-- Installing: /home/surya/ros2_ws/src/action_interface/install/action_interface/share/action_interface/environment/library_path.sh
-- Installing: /home/surya/ros2_ws/src/action_interface/install/action_interface/share/action_interface/environment/library_path.dsv
-- Installing: /home/surya/ros2_ws/src/action_interface/install/action_interface/lib/libaction_interface__rosidl_generator_c.so
-- Set runtime path of "/home/surya/ros2_ws/src/action_interface/install/action_interface/lib/libaction_interface__rosidl_generator_c.so" to ""
-- Up-to-date: /home/surya/ros2_ws/src/action_interface/install/action_interface/include/action_interface/action_interface
-- Up-to-date: /home/surya/ros2_ws/src/action_interface/install/action_interface/include/action_interface/action_interface/action
-- Up-to-date: /home/surya/ros2_ws/src/action_interface/install/action_interface/include/action_interface/action_interface/action/detail
-- Installing: /home/surya/ros2_ws/src/action_interface/install/action_interface/include/action_interface/action_interface/action/detail/trial__rosidl_typesupport_fastrtps_c.h
-- Installing: /home/surya/ros2_ws/src/action_interface/install/action_interface/include/action_interface/action_interface/action/detail/number__rosidl_typesupport_fastrtps_c.h
-- Installing: /home/surya/ros2_ws/src/action_interface/install/action_interface/include/action_interface/action_interface/action/detail/shape__rosidl_typesupport_fastrtps_c.h
-- Up-to-date: /home/surya/ros2_ws/src/action_interface/install/action_interface/include/action_interface/action_interface/msg
-- Installing: /home/surya/ros2_ws/src/action_interface/install/action_interface/include/action_interface/action_interface/msg/rosidl_typesupport_fastrtps_c__visibility_control.h
-- Installing: /home/surya/ros2_ws/src/action_interface/install/action_interface/lib/libaction_interface__rosidl_typesupport_fastrtps_c.so
-- Set runtime path of "/home/surya/ros2_ws/src/action_interface/install/action_interface/lib/libaction_interface__rosidl_typesupport_fastrtps_c.so" to ""
-- Up-to-date: /home/surya/ros2_ws/src/action_interface/install/action_interface/include/action_interface/action_interface
-- Up-to-date: /home/surya/ros2_ws/src/action_interface/install/action_interface/include/action_interface/action_interface/action
-- Up-to-date: /home/surya/ros2_ws/src/action_interface/install/action_interface/include/action_interface/action_interface/action/detail
-- Installing: /home/surya/ros2_ws/src/action_interface/install/action_interface/include/action_interface/action_interface/action/detail/number__rosidl_typesupport_introspection_c.h
-- Installing: /home/surya/ros2_ws/src/action_interface/install/action_interface/include/action_interface/action_interface/action/detail/trial__type_support.c
-- Installing: /home/surya/ros2_ws/src/action_interface/install/action_interface/include/action_interface/action_interface/action/detail/trial__rosidl_typesupport_introspection_c.h
-- Installing: /home/surya/ros2_ws/src/action_interface/install/action_interface/include/action_interface/action_interface/action/detail/shape__type_support.c
-- Installing: /home/surya/ros2_ws/src/action_interface/install/action_interface/include/action_interface/action_interface/action/detail/shape__rosidl_typesupport_introspection_c.h
-- Installing: /home/surya/ros2_ws/src/action_interface/install/action_interface/include/action_interface/action_interface/action/detail/number__type_support.c
-- Up-to-date: /home/surya/ros2_ws/src/action_interface/install/action_interface/include/action_interface/action_interface/msg
-- Installing: /home/surya/ros2_ws/src/action_interface/install/action_interface/include/action_interface/action_interface/msg/rosidl_typesupport_introspection_c__visibility_control.h
-- Installing: /home/surya/ros2_ws/src/action_interface/install/action_interface/lib/libaction_interface__rosidl_typesupport_introspection_c.so
-- Set runtime path of "/home/surya/ros2_ws/src/action_interface/install/action_interface/lib/libaction_interface__rosidl_typesupport_introspection_c.so" to ""
-- Installing: /home/surya/ros2_ws/src/action_interface/install/action_interface/lib/libaction_interface__rosidl_typesupport_c.so
-- Set runtime path of "/home/surya/ros2_ws/src/action_interface/install/action_interface/lib/libaction_interface__rosidl_typesupport_c.so" to ""
-- Up-to-date: /home/surya/ros2_ws/src/action_interface/install/action_interface/include/action_interface/action_interface
-- Up-to-date: /home/surya/ros2_ws/src/action_interface/install/action_interface/include/action_interface/action_interface/action
-- Installing: /home/surya/ros2_ws/src/action_interface/install/action_interface/include/action_interface/action_interface/action/trial.hpp
-- Up-to-date: /home/surya/ros2_ws/src/action_interface/install/action_interface/include/action_interface/action_interface/action/detail
-- Installing: /home/surya/ros2_ws/src/action_interface/install/action_interface/include/action_interface/action_interface/action/detail/shape__type_support.hpp
-- Installing: /home/surya/ros2_ws/src/action_interface/install/action_interface/include/action_interface/action_interface/action/detail/number__struct.hpp
-- Installing: /home/surya/ros2_ws/src/action_interface/install/action_interface/include/action_interface/action_interface/action/detail/trial__struct.hpp
-- Installing: /home/surya/ros2_ws/src/action_interface/install/action_interface/include/action_interface/action_interface/action/detail/number__traits.hpp
-- Installing: /home/surya/ros2_ws/src/action_interface/install/action_interface/include/action_interface/action_interface/action/detail/shape__builder.hpp
-- Installing: /home/surya/ros2_ws/src/action_interface/install/action_interface/include/action_interface/action_interface/action/detail/trial__builder.hpp
-- Installing: /home/surya/ros2_ws/src/action_interface/install/action_interface/include/action_interface/action_interface/action/detail/trial__type_support.hpp
-- Installing: /home/surya/ros2_ws/src/action_interface/install/action_interface/include/action_interface/action_interface/action/detail/shape__traits.hpp
-- Installing: /home/surya/ros2_ws/src/action_interface/install/action_interface/include/action_interface/action_interface/action/detail/number__type_support.hpp
-- Installing: /home/surya/ros2_ws/src/action_interface/install/action_interface/include/action_interface/action_interface/action/detail/shape__struct.hpp
-- Installing: /home/surya/ros2_ws/src/action_interface/install/action_interface/include/action_interface/action_interface/action/detail/trial__traits.hpp
-- Installing: /home/surya/ros2_ws/src/action_interface/install/action_interface/include/action_interface/action_interface/action/detail/number__builder.hpp
-- Installing: /home/surya/ros2_ws/src/action_interface/install/action_interface/include/action_interface/action_interface/action/number.hpp
-- Installing: /home/surya/ros2_ws/src/action_interface/install/action_interface/include/action_interface/action_interface/action/shape.hpp
-- Up-to-date: /home/surya/ros2_ws/src/action_interface/install/action_interface/include/action_interface/action_interface/msg
-- Installing: /home/surya/ros2_ws/src/action_interface/install/action_interface/include/action_interface/action_interface/msg/rosidl_generator_cpp__visibility_control.hpp
-- Up-to-date: /home/surya/ros2_ws/src/action_interface/install/action_interface/include/action_interface/action_interface
-- Up-to-date: /home/surya/ros2_ws/src/action_interface/install/action_interface/include/action_interface/action_interface/action
-- Up-to-date: /home/surya/ros2_ws/src/action_interface/install/action_interface/include/action_interface/action_interface/action/detail
-- Installing: /home/surya/ros2_ws/src/action_interface/install/action_interface/include/action_interface/action_interface/action/detail/number__rosidl_typesupport_fastrtps_cpp.hpp
-- Installing: /home/surya/ros2_ws/src/action_interface/install/action_interface/include/action_interface/action_interface/action/detail/shape__rosidl_typesupport_fastrtps_cpp.hpp
-- Installing: /home/surya/ros2_ws/src/action_interface/install/action_interface/include/action_interface/action_interface/action/detail/trial__rosidl_typesupport_fastrtps_cpp.hpp
-- Installing: /home/surya/ros2_ws/src/action_interface/install/action_interface/include/action_interface/action_interface/action/detail/dds_fastrtps
-- Up-to-date: /home/surya/ros2_ws/src/action_interface/install/action_interface/include/action_interface/action_interface/msg
-- Installing: /home/surya/ros2_ws/src/action_interface/install/action_interface/include/action_interface/action_interface/msg/rosidl_typesupport_fastrtps_cpp__visibility_control.h
-- Installing: /home/surya/ros2_ws/src/action_interface/install/action_interface/lib/libaction_interface__rosidl_typesupport_fastrtps_cpp.so
-- Set runtime path of "/home/surya/ros2_ws/src/action_interface/install/action_interface/lib/libaction_interface__rosidl_typesupport_fastrtps_cpp.so" to ""
-- Up-to-date: /home/surya/ros2_ws/src/action_interface/install/action_interface/include/action_interface/action_interface
-- Up-to-date: /home/surya/ros2_ws/src/action_interface/install/action_interface/include/action_interface/action_interface/action
-- Up-to-date: /home/surya/ros2_ws/src/action_interface/install/action_interface/include/action_interface/action_interface/action/detail
-- Installing: /home/surya/ros2_ws/src/action_interface/install/action_interface/include/action_interface/action_interface/action/detail/shape__rosidl_typesupport_introspection_cpp.hpp
-- Installing: /home/surya/ros2_ws/src/action_interface/install/action_interface/include/action_interface/action_interface/action/detail/number__type_support.cpp
-- Installing: /home/surya/ros2_ws/src/action_interface/install/action_interface/include/action_interface/action_interface/action/detail/shape__type_support.cpp
-- Installing: /home/surya/ros2_ws/src/action_interface/install/action_interface/include/action_interface/action_interface/action/detail/trial__rosidl_typesupport_introspection_cpp.hpp
-- Installing: /home/surya/ros2_ws/src/action_interface/install/action_interface/include/action_interface/action_interface/action/detail/number__rosidl_typesupport_introspection_cpp.hpp
-- Installing: /home/surya/ros2_ws/src/action_interface/install/action_interface/include/action_interface/action_interface/action/detail/trial__type_support.cpp
-- Installing: /home/surya/ros2_ws/src/action_interface/install/action_interface/lib/libaction_interface__rosidl_typesupport_introspection_cpp.so
-- Set runtime path of "/home/surya/ros2_ws/src/action_interface/install/action_interface/lib/libaction_interface__rosidl_typesupport_introspection_cpp.so" to ""
-- Installing: /home/surya/ros2_ws/src/action_interface/install/action_interface/lib/libaction_interface__rosidl_typesupport_cpp.so
-- Set runtime path of "/home/surya/ros2_ws/src/action_interface/install/action_interface/lib/libaction_interface__rosidl_typesupport_cpp.so" to ""
-- Installing: /home/surya/ros2_ws/src/action_interface/install/action_interface/share/action_interface/environment/pythonpath.sh
-- Installing: /home/surya/ros2_ws/src/action_interface/install/action_interface/share/action_interface/environment/pythonpath.dsv
-- Installing: /home/surya/ros2_ws/src/action_interface/install/action_interface/local/lib/python3.10/dist-packages/action_interface-0.0.0-py3.10.egg-info
-- Installing: /home/surya/ros2_ws/src/action_interface/install/action_interface/local/lib/python3.10/dist-packages/action_interface-0.0.0-py3.10.egg-info/dependency_links.txt
-- Installing: /home/surya/ros2_ws/src/action_interface/install/action_interface/local/lib/python3.10/dist-packages/action_interface-0.0.0-py3.10.egg-info/top_level.txt
-- Installing: /home/surya/ros2_ws/src/action_interface/install/action_interface/local/lib/python3.10/dist-packages/action_interface-0.0.0-py3.10.egg-info/PKG-INFO
-- Installing: /home/surya/ros2_ws/src/action_interface/install/action_interface/local/lib/python3.10/dist-packages/action_interface-0.0.0-py3.10.egg-info/SOURCES.txt
-- Installing: /home/surya/ros2_ws/src/action_interface/install/action_interface/local/lib/python3.10/dist-packages/action_interface
-- Installing: /home/surya/ros2_ws/src/action_interface/install/action_interface/local/lib/python3.10/dist-packages/action_interface/libaction_interface__rosidl_generator_py.so
-- Installing: /home/surya/ros2_ws/src/action_interface/install/action_interface/local/lib/python3.10/dist-packages/action_interface/_action_interface_s.ep.rosidl_typesupport_fastrtps_c.c
-- Installing: /home/surya/ros2_ws/src/action_interface/install/action_interface/local/lib/python3.10/dist-packages/action_interface/_action_interface_s.ep.rosidl_typesupport_c.c
-- Installing: /home/surya/ros2_ws/src/action_interface/install/action_interface/local/lib/python3.10/dist-packages/action_interface/action_interface_s__rosidl_typesupport_fastrtps_c.cpython-310-x86_64-linux-gnu.so
-- Installing: /home/surya/ros2_ws/src/action_interface/install/action_interface/local/lib/python3.10/dist-packages/action_interface/action
-- Installing: /home/surya/ros2_ws/src/action_interface/install/action_interface/local/lib/python3.10/dist-packages/action_interface/action/_trial_s.c
-- Installing: /home/surya/ros2_ws/src/action_interface/install/action_interface/local/lib/python3.10/dist-packages/action_interface/action/_number_s.c
-- Installing: /home/surya/ros2_ws/src/action_interface/install/action_interface/local/lib/python3.10/dist-packages/action_interface/action/_shape.py
-- Installing: /home/surya/ros2_ws/src/action_interface/install/action_interface/local/lib/python3.10/dist-packages/action_interface/action/_trial.py
-- Installing: /home/surya/ros2_ws/src/action_interface/install/action_interface/local/lib/python3.10/dist-packages/action_interface/action/_number.py
-- Installing: /home/surya/ros2_ws/src/action_interface/install/action_interface/local/lib/python3.10/dist-packages/action_interface/action/__init__.py
-- Installing: /home/surya/ros2_ws/src/action_interface/install/action_interface/local/lib/python3.10/dist-packages/action_interface/action/_shape_s.c
-- Installing: /home/surya/ros2_ws/src/action_interface/install/action_interface/local/lib/python3.10/dist-packages/action_interface/_action_interface_s.ep.rosidl_typesupport_introspection_c.c
-- Installing: /home/surya/ros2_ws/src/action_interface/install/action_interface/local/lib/python3.10/dist-packages/action_interface/action_interface_s__rosidl_typesupport_introspection_c.cpython-310-x86_64-linux-gnu.so
-- Installing: /home/surya/ros2_ws/src/action_interface/install/action_interface/local/lib/python3.10/dist-packages/action_interface/__init__.py
-- Installing: /home/surya/ros2_ws/src/action_interface/install/action_interface/local/lib/python3.10/dist-packages/action_interface/action_interface_s__rosidl_typesupport_c.cpython-310-x86_64-linux-gnu.so
Listing '/home/surya/ros2_ws/src/action_interface/install/action_interface/local/lib/python3.10/dist-packages/action_interface'...
Compiling '/home/surya/ros2_ws/src/action_interface/install/action_interface/local/lib/python3.10/dist-packages/action_interface/__init__.py'...
Listing '/home/surya/ros2_ws/src/action_interface/install/action_interface/local/lib/python3.10/dist-packages/action_interface/action'...
Compiling '/home/surya/ros2_ws/src/action_interface/install/action_interface/local/lib/python3.10/dist-packages/action_interface/action/__init__.py'...
Compiling '/home/surya/ros2_ws/src/action_interface/install/action_interface/local/lib/python3.10/dist-packages/action_interface/action/_number.py'...
Compiling '/home/surya/ros2_ws/src/action_interface/install/action_interface/local/lib/python3.10/dist-packages/action_interface/action/_shape.py'...
Compiling '/home/surya/ros2_ws/src/action_interface/install/action_interface/local/lib/python3.10/dist-packages/action_interface/action/_trial.py'...
-- Installing: /home/surya/ros2_ws/src/action_interface/install/action_interface/local/lib/python3.10/dist-packages/action_interface/action_interface_s__rosidl_typesupport_fastrtps_c.cpython-310-x86_64-linux-gnu.so
-- Set runtime path of "/home/surya/ros2_ws/src/action_interface/install/action_interface/local/lib/python3.10/dist-packages/action_interface/action_interface_s__rosidl_typesupport_fastrtps_c.cpython-310-x86_64-linux-gnu.so" to ""
-- Installing: /home/surya/ros2_ws/src/action_interface/install/action_interface/local/lib/python3.10/dist-packages/action_interface/action_interface_s__rosidl_typesupport_introspection_c.cpython-310-x86_64-linux-gnu.so
-- Set runtime path of "/home/surya/ros2_ws/src/action_interface/install/action_interface/local/lib/python3.10/dist-packages/action_interface/action_interface_s__rosidl_typesupport_introspection_c.cpython-310-x86_64-linux-gnu.so" to ""
-- Installing: /home/surya/ros2_ws/src/action_interface/install/action_interface/local/lib/python3.10/dist-packages/action_interface/action_interface_s__rosidl_typesupport_c.cpython-310-x86_64-linux-gnu.so
-- Set runtime path of "/home/surya/ros2_ws/src/action_interface/install/action_interface/local/lib/python3.10/dist-packages/action_interface/action_interface_s__rosidl_typesupport_c.cpython-310-x86_64-linux-gnu.so" to ""
-- Installing: /home/surya/ros2_ws/src/action_interface/install/action_interface/lib/libaction_interface__rosidl_generator_py.so
-- Set runtime path of "/home/surya/ros2_ws/src/action_interface/install/action_interface/lib/libaction_interface__rosidl_generator_py.so" to ""
-- Installing: /home/surya/ros2_ws/src/action_interface/install/action_interface/share/action_interface/action/Trial.idl
-- Installing: /home/surya/ros2_ws/src/action_interface/install/action_interface/share/action_interface/action/Shape.idl
-- Installing: /home/surya/ros2_ws/src/action_interface/install/action_interface/share/action_interface/action/Number.idl
-- Installing: /home/surya/ros2_ws/src/action_interface/install/action_interface/share/action_interface/action/Trial.action
-- Installing: /home/surya/ros2_ws/src/action_interface/install/action_interface/share/action_interface/action/Shape.action
-- Installing: /home/surya/ros2_ws/src/action_interface/install/action_interface/share/action_interface/action/Number.action
-- Installing: /home/surya/ros2_ws/src/action_interface/install/action_interface/share/ament_index/resource_index/package_run_dependencies/action_interface
-- Installing: /home/surya/ros2_ws/src/action_interface/install/action_interface/share/ament_index/resource_index/parent_prefix_path/action_interface
-- Installing: /home/surya/ros2_ws/src/action_interface/install/action_interface/share/action_interface/environment/ament_prefix_path.sh
-- Installing: /home/surya/ros2_ws/src/action_interface/install/action_interface/share/action_interface/environment/ament_prefix_path.dsv
-- Installing: /home/surya/ros2_ws/src/action_interface/install/action_interface/share/action_interface/environment/path.sh
-- Installing: /home/surya/ros2_ws/src/action_interface/install/action_interface/share/action_interface/environment/path.dsv
-- Installing: /home/surya/ros2_ws/src/action_interface/install/action_interface/share/action_interface/local_setup.bash
-- Installing: /home/surya/ros2_ws/src/action_interface/install/action_interface/share/action_interface/local_setup.sh
-- Installing: /home/surya/ros2_ws/src/action_interface/install/action_interface/share/action_interface/local_setup.zsh
-- Installing: /home/surya/ros2_ws/src/action_interface/install/action_interface/share/action_interface/local_setup.dsv
-- Installing: /home/surya/ros2_ws/src/action_interface/install/action_interface/share/action_interface/package.dsv
-- Installing: /home/surya/ros2_ws/src/action_interface/install/action_interface/share/ament_index/resource_index/packages/action_interface
-- Installing: /home/surya/ros2_ws/src/action_interface/install/action_interface/share/action_interface/cmake/export_action_interface__rosidl_generator_cExport.cmake
-- Installing: /home/surya/ros2_ws/src/action_interface/install/action_interface/share/action_interface/cmake/export_action_interface__rosidl_generator_cExport-noconfig.cmake
-- Installing: /home/surya/ros2_ws/src/action_interface/install/action_interface/share/action_interface/cmake/export_action_interface__rosidl_typesupport_fastrtps_cExport.cmake
-- Installing: /home/surya/ros2_ws/src/action_interface/install/action_interface/share/action_interface/cmake/export_action_interface__rosidl_typesupport_fastrtps_cExport-noconfig.cmake
-- Installing: /home/surya/ros2_ws/src/action_interface/install/action_interface/share/action_interface/cmake/action_interface__rosidl_typesupport_introspection_cExport.cmake
-- Installing: /home/surya/ros2_ws/src/action_interface/install/action_interface/share/action_interface/cmake/action_interface__rosidl_typesupport_introspection_cExport-noconfig.cmake
-- Installing: /home/surya/ros2_ws/src/action_interface/install/action_interface/share/action_interface/cmake/action_interface__rosidl_typesupport_cExport.cmake
-- Installing: /home/surya/ros2_ws/src/action_interface/install/action_interface/share/action_interface/cmake/action_interface__rosidl_typesupport_cExport-noconfig.cmake
-- Installing: /home/surya/ros2_ws/src/action_interface/install/action_interface/share/action_interface/cmake/export_action_interface__rosidl_generator_cppExport.cmake
-- Installing: /home/surya/ros2_ws/src/action_interface/install/action_interface/share/action_interface/cmake/export_action_interface__rosidl_typesupport_fastrtps_cppExport.cmake
-- Installing: /home/surya/ros2_ws/src/action_interface/install/action_interface/share/action_interface/cmake/export_action_interface__rosidl_typesupport_fastrtps_cppExport-noconfig.cmake
-- Installing: /home/surya/ros2_ws/src/action_interface/install/action_interface/share/action_interface/cmake/action_interface__rosidl_typesupport_introspection_cppExport.cmake
-- Installing: /home/surya/ros2_ws/src/action_interface/install/action_interface/share/action_interface/cmake/action_interface__rosidl_typesupport_introspection_cppExport-noconfig.cmake
-- Installing: /home/surya/ros2_ws/src/action_interface/install/action_interface/share/action_interface/cmake/action_interface__rosidl_typesupport_cppExport.cmake
-- Installing: /home/surya/ros2_ws/src/action_interface/install/action_interface/share/action_interface/cmake/action_interface__rosidl_typesupport_cppExport-noconfig.cmake
-- Installing: /home/surya/ros2_ws/src/action_interface/install/action_interface/share/action_interface/cmake/export_action_interface__rosidl_generator_pyExport.cmake
-- Installing: /home/surya/ros2_ws/src/action_interface/install/action_interface/share/action_interface/cmake/export_action_interface__rosidl_generator_pyExport-noconfig.cmake
-- Installing: /home/surya/ros2_ws/src/action_interface/install/action_interface/share/action_interface/cmake/rosidl_cmake-extras.cmake
-- Installing: /home/surya/ros2_ws/src/action_interface/install/action_interface/share/action_interface/cmake/ament_cmake_export_dependencies-extras.cmake
-- Installing: /home/surya/ros2_ws/src/action_interface/install/action_interface/share/action_interface/cmake/ament_cmake_export_include_directories-extras.cmake
-- Installing: /home/surya/ros2_ws/src/action_interface/install/action_interface/share/action_interface/cmake/ament_cmake_export_libraries-extras.cmake
-- Installing: /home/surya/ros2_ws/src/action_interface/install/action_interface/share/action_interface/cmake/ament_cmake_export_targets-extras.cmake
-- Installing: /home/surya/ros2_ws/src/action_interface/install/action_interface/share/action_interface/cmake/rosidl_cmake_export_typesupport_targets-extras.cmake
-- Installing: /home/surya/ros2_ws/src/action_interface/install/action_interface/share/action_interface/cmake/rosidl_cmake_export_typesupport_libraries-extras.cmake
-- Installing: /home/surya/ros2_ws/src/action_interface/install/action_interface/share/action_interface/cmake/action_interfaceConfig.cmake
-- Installing: /home/surya/ros2_ws/src/action_interface/install/action_interface/share/action_interface/cmake/action_interfaceConfig-version.cmake
-- Installing: /home/surya/ros2_ws/src/action_interface/install/action_interface/share/action_interface/package.xml
