[0.015s] Invoking command in '/home/surya/ros2_ws/src/action_interface/build/action_interface': CMAKE_PREFIX_PATH=${CMAKE_PREFIX_PATH}:/home/surya/ros2_ws/install/week1:/home/surya/ros2_ws/install/tweak:/home/surya/ros2_ws/install/tutorial_interfaces:/home/surya/ros2_ws/install/turtlesim_controller:/home/surya/ros2_ws/install/simple_server:/home/surya/ros2_ws/install/service:/home/surya/ros2_ws/install/second_robot:/home/surya/ros2_ws/install/opencv:/home/surya/ros2_ws/install/my_robot_controller:/home/surya/ros2_ws/install/game:/home/surya/install/tweak:/home/surya/install/simple_server:/home/surya/install/opencv:/opt/ros/humble /usr/bin/cmake /home/surya/ros2_ws/src/action_interface -DCMAKE_INSTALL_PREFIX=/home/surya/ros2_ws/src/action_interface/install/action_interface
[0.131s] -- The C compiler identification is GNU 11.4.0
[0.227s] -- The CXX compiler identification is GNU 11.4.0
[0.239s] -- Detecting C compiler ABI info
[0.335s] -- Detecting C compiler ABI info - done
[0.342s] -- Check for working C compiler: /usr/bin/cc - skipped
[0.343s] -- Detecting C compile features
[0.344s] -- Detecting C compile features - done
[0.347s] -- Detecting CXX compiler ABI info
[0.453s] -- Detecting CXX compiler ABI info - done
[0.461s] -- Check for working CXX compiler: /usr/bin/c++ - skipped
[0.461s] -- Detecting CXX compile features
[0.462s] -- Detecting CXX compile features - done
[0.468s] -- Found ament_cmake: 1.3.11 (/opt/ros/humble/share/ament_cmake/cmake)
[0.637s] -- Found Python3: /usr/bin/python3 (found version "3.10.12") found components: Interpreter 
[0.741s] -- Found rosidl_default_generators: 1.2.0 (/opt/ros/humble/share/rosidl_default_generators/cmake)
[0.746s] -- Using all available rosidl_typesupport_c: rosidl_typesupport_fastrtps_c;rosidl_typesupport_introspection_c
[0.757s] -- Found rosidl_adapter: 3.1.6 (/opt/ros/humble/share/rosidl_adapter/cmake)
[0.802s] -- Using all available rosidl_typesupport_cpp: rosidl_typesupport_fastrtps_cpp;rosidl_typesupport_introspection_cpp
[0.839s] -- Found geometry_msgs: 4.8.0 (/opt/ros/humble/share/geometry_msgs/cmake)
[1.155s] -- Found ament_cmake_ros: 0.10.0 (/opt/ros/humble/share/ament_cmake_ros/cmake)
[1.374s] -- Using all available rosidl_typesupport_c: rosidl_typesupport_fastrtps_c;rosidl_typesupport_introspection_c
[1.655s] -- Using all available rosidl_typesupport_cpp: rosidl_typesupport_fastrtps_cpp;rosidl_typesupport_introspection_cpp
[1.677s] -- Found PythonInterp: /usr/bin/python3 (found suitable version "3.10.12", minimum required is "3.6") 
[1.680s] -- Found python_cmake_module: 0.10.0 (/opt/ros/humble/share/python_cmake_module/cmake)
[1.704s] -- Found PythonLibs: /usr/lib/x86_64-linux-gnu/libpython3.10.so (found suitable version "3.10.12", minimum required is "3.5") 
[1.704s] -- Using PYTHON_EXECUTABLE: /usr/bin/python3
[1.704s] -- Using PYTHON_INCLUDE_DIRS: /usr/include/python3.10
[1.704s] -- Using PYTHON_LIBRARIES: /usr/lib/x86_64-linux-gnu/libpython3.10.so
[1.726s] -- Found PythonExtra: .so  
[1.786s] -- Found ament_lint_auto: 0.12.12 (/opt/ros/humble/share/ament_lint_auto/cmake)
[1.818s] -- Added test 'cppcheck' to perform static code analysis on C / C++ code
[1.818s] -- Configured cppcheck include dirs: $<BUILD_INTERFACE:/home/surya/ros2_ws/src/action_interface/build/action_interface/rosidl_generator_c>;$<BUILD_INTERFACE:/home/surya/ros2_ws/src/action_interface/build/action_interface/rosidl_typesupport_fastrtps_c>;$<BUILD_INTERFACE:/home/surya/ros2_ws/src/action_interface/build/action_interface/rosidl_typesupport_introspection_c>;$<BUILD_INTERFACE:/home/surya/ros2_ws/src/action_interface/build/action_interface/rosidl_generator_cpp>;$<BUILD_INTERFACE:/home/surya/ros2_ws/src/action_interface/build/action_interface/rosidl_typesupport_fastrtps_cpp>;$<BUILD_INTERFACE:/home/surya/ros2_ws/src/action_interface/build/action_interface/rosidl_typesupport_introspection_cpp>;/home/surya/ros2_ws/src/action_interface/build/action_interface/rosidl_generator_c;/home/surya/ros2_ws/src/action_interface/build/action_interface/rosidl_generator_py
[1.819s] -- Configured cppcheck exclude dirs and/or files: 
[1.820s] -- Added test 'flake8' to check Python code syntax and style conventions
[1.822s] -- Added test 'lint_cmake' to check CMake code style
[1.824s] -- Added test 'pep257' to check Python code against some of the docstring style conventions in PEP 257
[1.832s] -- Added test 'uncrustify' to check C / C++ code style
[1.832s] -- Configured uncrustify additional arguments: 
[1.833s] -- Added test 'xmllint' to check XML markup files
[1.836s] -- Configuring done
[1.867s] -- Generating done
[1.876s] -- Build files have been written to: /home/surya/ros2_ws/src/action_interface/build/action_interface
[1.885s] Invoked command in '/home/surya/ros2_ws/src/action_interface/build/action_interface' returned '0': CMAKE_PREFIX_PATH=${CMAKE_PREFIX_PATH}:/home/surya/ros2_ws/install/week1:/home/surya/ros2_ws/install/tweak:/home/surya/ros2_ws/install/tutorial_interfaces:/home/surya/ros2_ws/install/turtlesim_controller:/home/surya/ros2_ws/install/simple_server:/home/surya/ros2_ws/install/service:/home/surya/ros2_ws/install/second_robot:/home/surya/ros2_ws/install/opencv:/home/surya/ros2_ws/install/my_robot_controller:/home/surya/ros2_ws/install/game:/home/surya/install/tweak:/home/surya/install/simple_server:/home/surya/install/opencv:/opt/ros/humble /usr/bin/cmake /home/surya/ros2_ws/src/action_interface -DCMAKE_INSTALL_PREFIX=/home/surya/ros2_ws/src/action_interface/install/action_interface
[1.886s] Invoking command in '/home/surya/ros2_ws/src/action_interface/build/action_interface': CMAKE_PREFIX_PATH=${CMAKE_PREFIX_PATH}:/home/surya/ros2_ws/install/week1:/home/surya/ros2_ws/install/tweak:/home/surya/ros2_ws/install/tutorial_interfaces:/home/surya/ros2_ws/install/turtlesim_controller:/home/surya/ros2_ws/install/simple_server:/home/surya/ros2_ws/install/service:/home/surya/ros2_ws/install/second_robot:/home/surya/ros2_ws/install/opencv:/home/surya/ros2_ws/install/my_robot_controller:/home/surya/ros2_ws/install/game:/home/surya/install/tweak:/home/surya/install/simple_server:/home/surya/install/opencv:/opt/ros/humble /usr/bin/cmake --build /home/surya/ros2_ws/src/action_interface/build/action_interface -- -j16 -l16
[1.928s] [  2%] [34m[1mGenerating C code for ROS interfaces[0m
[1.938s] [  4%] [34m[1mGenerating C++ code for ROS interfaces[0m
[1.945s] [  4%] Built target ament_cmake_python_copy_action_interface
[2.145s] running egg_info
[2.145s] creating action_interface.egg-info
[2.145s] writing action_interface.egg-info/PKG-INFO
[2.146s] writing dependency_links to action_interface.egg-info/dependency_links.txt
[2.146s] writing top-level names to action_interface.egg-info/top_level.txt
[2.146s] writing manifest file 'action_interface.egg-info/SOURCES.txt'
[2.147s] reading manifest file 'action_interface.egg-info/SOURCES.txt'
[2.147s] writing manifest file 'action_interface.egg-info/SOURCES.txt'
[2.173s] [  4%] Built target ament_cmake_python_build_action_interface_egg
[2.550s] [  6%] [32mBuilding C object CMakeFiles/action_interface__rosidl_generator_c.dir/rosidl_generator_c/action_interface/action/detail/trial__functions.c.o[0m
[2.550s] [  8%] [32mBuilding C object CMakeFiles/action_interface__rosidl_generator_c.dir/rosidl_generator_c/action_interface/action/detail/shape__functions.c.o[0m
[2.550s] [ 10%] [32mBuilding C object CMakeFiles/action_interface__rosidl_generator_c.dir/rosidl_generator_c/action_interface/action/detail/number__functions.c.o[0m
[2.565s] [ 10%] Built target action_interface__cpp
[2.575s] [ 14%] [34m[1mGenerating C++ type support dispatch for ROS interfaces[0m
[2.575s] [ 14%] [34m[1mGenerating C++ introspection for ROS interfaces[0m
[2.575s] [ 17%] [34m[1mGenerating C++ type support for eProsima Fast-RTPS[0m
[2.665s] [ 19%] [32m[1mLinking C shared library libaction_interface__rosidl_generator_c.so[0m
[2.706s] [ 19%] Built target action_interface__rosidl_generator_c
[2.717s] [ 25%] [34m[1mGenerating C type support dispatch for ROS interfaces[0m
[2.717s] [ 25%] [34m[1mGenerating C type support for eProsima Fast-RTPS[0m
[2.717s] [ 25%] [34m[1mGenerating C introspection for ROS interfaces[0m
[2.921s] [ 31%] [32mBuilding CXX object CMakeFiles/action_interface__rosidl_typesupport_cpp.dir/rosidl_typesupport_cpp/action_interface/action/shape__type_support.cpp.o[0m
[2.921s] [ 31%] [32mBuilding CXX object CMakeFiles/action_interface__rosidl_typesupport_cpp.dir/rosidl_typesupport_cpp/action_interface/action/trial__type_support.cpp.o[0m
[2.921s] [ 31%] [32mBuilding CXX object CMakeFiles/action_interface__rosidl_typesupport_cpp.dir/rosidl_typesupport_cpp/action_interface/action/number__type_support.cpp.o[0m
[3.008s] [ 38%] [32mBuilding CXX object CMakeFiles/action_interface__rosidl_typesupport_introspection_cpp.dir/rosidl_typesupport_introspection_cpp/action_interface/action/detail/trial__type_support.cpp.o[0m
[3.008s] [ 38%] [32mBuilding CXX object CMakeFiles/action_interface__rosidl_typesupport_introspection_cpp.dir/rosidl_typesupport_introspection_cpp/action_interface/action/detail/number__type_support.cpp.o[0m
[3.008s] [ 38%] [32mBuilding CXX object CMakeFiles/action_interface__rosidl_typesupport_introspection_cpp.dir/rosidl_typesupport_introspection_cpp/action_interface/action/detail/shape__type_support.cpp.o[0m
[3.056s] [ 40%] [32mBuilding CXX object CMakeFiles/action_interface__rosidl_typesupport_c.dir/rosidl_typesupport_c/action_interface/action/trial__type_support.cpp.o[0m
[3.058s] [ 44%] [32mBuilding CXX object CMakeFiles/action_interface__rosidl_typesupport_c.dir/rosidl_typesupport_c/action_interface/action/number__type_support.cpp.o[0m
[3.058s] [ 44%] [32mBuilding CXX object CMakeFiles/action_interface__rosidl_typesupport_c.dir/rosidl_typesupport_c/action_interface/action/shape__type_support.cpp.o[0m
[3.124s] [ 46%] [32m[1mLinking CXX shared library libaction_interface__rosidl_typesupport_c.so[0m
[3.166s] [ 48%] [32mBuilding CXX object CMakeFiles/action_interface__rosidl_typesupport_fastrtps_cpp.dir/rosidl_typesupport_fastrtps_cpp/action_interface/action/detail/dds_fastrtps/trial__type_support.cpp.o[0m
[3.167s] [ 53%] [32mBuilding CXX object CMakeFiles/action_interface__rosidl_typesupport_fastrtps_cpp.dir/rosidl_typesupport_fastrtps_cpp/action_interface/action/detail/dds_fastrtps/number__type_support.cpp.o[0m
[3.167s] [ 53%] [32mBuilding CXX object CMakeFiles/action_interface__rosidl_typesupport_fastrtps_cpp.dir/rosidl_typesupport_fastrtps_cpp/action_interface/action/detail/dds_fastrtps/shape__type_support.cpp.o[0m
[3.187s] [ 53%] Built target action_interface__rosidl_typesupport_c
[3.235s] [ 57%] [32mBuilding C object CMakeFiles/action_interface__rosidl_typesupport_introspection_c.dir/rosidl_typesupport_introspection_c/action_interface/action/detail/number__type_support.c.o[0m
[3.235s] [ 57%] [32mBuilding C object CMakeFiles/action_interface__rosidl_typesupport_introspection_c.dir/rosidl_typesupport_introspection_c/action_interface/action/detail/trial__type_support.c.o[0m
[3.235s] [ 59%] [32mBuilding C object CMakeFiles/action_interface__rosidl_typesupport_introspection_c.dir/rosidl_typesupport_introspection_c/action_interface/action/detail/shape__type_support.c.o[0m
[3.291s] [ 61%] [32m[1mLinking C shared library libaction_interface__rosidl_typesupport_introspection_c.so[0m
[3.309s] [ 68%] [32mBuilding CXX object CMakeFiles/action_interface__rosidl_typesupport_fastrtps_c.dir/rosidl_typesupport_fastrtps_c/action_interface/action/detail/trial__type_support_c.cpp.o[0m
[3.310s] [ 68%] [32mBuilding CXX object CMakeFiles/action_interface__rosidl_typesupport_fastrtps_c.dir/rosidl_typesupport_fastrtps_c/action_interface/action/detail/shape__type_support_c.cpp.o[0m
[3.310s] [ 68%] [32mBuilding CXX object CMakeFiles/action_interface__rosidl_typesupport_fastrtps_c.dir/rosidl_typesupport_fastrtps_c/action_interface/action/detail/number__type_support_c.cpp.o[0m
[3.330s] [ 68%] Built target action_interface__rosidl_typesupport_introspection_c
[3.470s] [ 70%] [32m[1mLinking CXX shared library libaction_interface__rosidl_typesupport_cpp.so[0m
[3.511s] [ 70%] Built target action_interface__rosidl_typesupport_cpp
[3.644s] [ 72%] [32m[1mLinking CXX shared library libaction_interface__rosidl_typesupport_introspection_cpp.so[0m
[3.716s] [ 74%] [32m[1mLinking CXX shared library libaction_interface__rosidl_typesupport_fastrtps_c.so[0m
[3.717s] [ 74%] Built target action_interface__rosidl_typesupport_introspection_cpp
[3.753s] [ 76%] [32m[1mLinking CXX shared library libaction_interface__rosidl_typesupport_fastrtps_cpp.so[0m
[3.785s] [ 76%] Built target action_interface__rosidl_typesupport_fastrtps_c
[3.823s] [ 76%] Built target action_interface__rosidl_typesupport_fastrtps_cpp
[3.845s] [ 76%] Built target action_interface
[3.864s] [ 78%] [34m[1mGenerating Python code for ROS interfaces[0m
[4.993s] [ 78%] Built target action_interface__py
[5.013s] [ 80%] [32mBuilding C object CMakeFiles/action_interface__rosidl_generator_py.dir/rosidl_generator_py/action_interface/action/_shape_s.c.o[0m
[5.013s] [ 82%] [32mBuilding C object CMakeFiles/action_interface__rosidl_generator_py.dir/rosidl_generator_py/action_interface/action/_trial_s.c.o[0m
[5.014s] [ 85%] [32mBuilding C object CMakeFiles/action_interface__rosidl_generator_py.dir/rosidl_generator_py/action_interface/action/_number_s.c.o[0m
[5.144s] [ 87%] [32m[1mLinking C shared library rosidl_generator_py/action_interface/libaction_interface__rosidl_generator_py.so[0m
[5.186s] [ 87%] Built target action_interface__rosidl_generator_py
[5.205s] [ 93%] [32mBuilding C object CMakeFiles/action_interface__rosidl_typesupport_introspection_c__pyext.dir/rosidl_generator_py/action_interface/_action_interface_s.ep.rosidl_typesupport_introspection_c.c.o[0m
[5.206s] [ 93%] [32mBuilding C object CMakeFiles/action_interface__rosidl_typesupport_fastrtps_c__pyext.dir/rosidl_generator_py/action_interface/_action_interface_s.ep.rosidl_typesupport_fastrtps_c.c.o[0m
[5.206s] [ 93%] [32mBuilding C object CMakeFiles/action_interface__rosidl_typesupport_c__pyext.dir/rosidl_generator_py/action_interface/_action_interface_s.ep.rosidl_typesupport_c.c.o[0m
[5.333s] [ 97%] [32m[1mLinking C shared library rosidl_generator_py/action_interface/action_interface_s__rosidl_typesupport_c.cpython-310-x86_64-linux-gnu.so[0m
[5.333s] [ 97%] [32m[1mLinking C shared library rosidl_generator_py/action_interface/action_interface_s__rosidl_typesupport_fastrtps_c.cpython-310-x86_64-linux-gnu.so[0m
[5.333s] [100%] [32m[1mLinking C shared library rosidl_generator_py/action_interface/action_interface_s__rosidl_typesupport_introspection_c.cpython-310-x86_64-linux-gnu.so[0m
[5.373s] [100%] Built target action_interface__rosidl_typesupport_fastrtps_c__pyext
[5.373s] [100%] Built target action_interface__rosidl_typesupport_c__pyext
[5.373s] [100%] Built target action_interface__rosidl_typesupport_introspection_c__pyext
[5.385s] Invoked command in '/home/surya/ros2_ws/src/action_interface/build/action_interface' returned '0': CMAKE_PREFIX_PATH=${CMAKE_PREFIX_PATH}:/home/surya/ros2_ws/install/week1:/home/surya/ros2_ws/install/tweak:/home/surya/ros2_ws/install/tutorial_interfaces:/home/surya/ros2_ws/install/turtlesim_controller:/home/surya/ros2_ws/install/simple_server:/home/surya/ros2_ws/install/service:/home/surya/ros2_ws/install/second_robot:/home/surya/ros2_ws/install/opencv:/home/surya/ros2_ws/install/my_robot_controller:/home/surya/ros2_ws/install/game:/home/surya/install/tweak:/home/surya/install/simple_server:/home/surya/install/opencv:/opt/ros/humble /usr/bin/cmake --build /home/surya/ros2_ws/src/action_interface/build/action_interface -- -j16 -l16
[5.395s] Invoking command in '/home/surya/ros2_ws/src/action_interface/build/action_interface': CMAKE_PREFIX_PATH=${CMAKE_PREFIX_PATH}:/home/surya/ros2_ws/install/week1:/home/surya/ros2_ws/install/tweak:/home/surya/ros2_ws/install/tutorial_interfaces:/home/surya/ros2_ws/install/turtlesim_controller:/home/surya/ros2_ws/install/simple_server:/home/surya/ros2_ws/install/service:/home/surya/ros2_ws/install/second_robot:/home/surya/ros2_ws/install/opencv:/home/surya/ros2_ws/install/my_robot_controller:/home/surya/ros2_ws/install/game:/home/surya/install/tweak:/home/surya/install/simple_server:/home/surya/install/opencv:/opt/ros/humble /usr/bin/cmake --install /home/surya/ros2_ws/src/action_interface/build/action_interface
[5.403s] -- Install configuration: ""
[5.403s] -- Installing: /home/surya/ros2_ws/src/action_interface/install/action_interface/share/ament_index/resource_index/rosidl_interfaces/action_interface
[5.404s] -- Installing: /home/surya/ros2_ws/src/action_interface/install/action_interface/include/action_interface/action_interface
[5.404s] -- Installing: /home/surya/ros2_ws/src/action_interface/install/action_interface/include/action_interface/action_interface/action
[5.404s] -- Installing: /home/surya/ros2_ws/src/action_interface/install/action_interface/include/action_interface/action_interface/action/shape.h
[5.404s] -- Installing: /home/surya/ros2_ws/src/action_interface/install/action_interface/include/action_interface/action_interface/action/detail
[5.404s] -- Installing: /home/surya/ros2_ws/src/action_interface/install/action_interface/include/action_interface/action_interface/action/detail/number__struct.h
[5.404s] -- Installing: /home/surya/ros2_ws/src/action_interface/install/action_interface/include/action_interface/action_interface/action/detail/number__functions.h
[5.404s] -- Installing: /home/surya/ros2_ws/src/action_interface/install/action_interface/include/action_interface/action_interface/action/detail/number__functions.c
[5.404s] -- Installing: /home/surya/ros2_ws/src/action_interface/install/action_interface/include/action_interface/action_interface/action/detail/shape__struct.h
[5.404s] -- Installing: /home/surya/ros2_ws/src/action_interface/install/action_interface/include/action_interface/action_interface/action/detail/trial__struct.h
[5.404s] -- Installing: /home/surya/ros2_ws/src/action_interface/install/action_interface/include/action_interface/action_interface/action/detail/trial__functions.c
[5.405s] -- Installing: /home/surya/ros2_ws/src/action_interface/install/action_interface/include/action_interface/action_interface/action/detail/trial__type_support.h
[5.405s] -- Installing: /home/surya/ros2_ws/src/action_interface/install/action_interface/include/action_interface/action_interface/action/detail/shape__functions.c
[5.405s] -- Installing: /home/surya/ros2_ws/src/action_interface/install/action_interface/include/action_interface/action_interface/action/detail/number__type_support.h
[5.405s] -- Installing: /home/surya/ros2_ws/src/action_interface/install/action_interface/include/action_interface/action_interface/action/detail/shape__functions.h
[5.405s] -- Installing: /home/surya/ros2_ws/src/action_interface/install/action_interface/include/action_interface/action_interface/action/detail/trial__functions.h
[5.405s] -- Installing: /home/surya/ros2_ws/src/action_interface/install/action_interface/include/action_interface/action_interface/action/detail/shape__type_support.h
[5.405s] -- Installing: /home/surya/ros2_ws/src/action_interface/install/action_interface/include/action_interface/action_interface/action/trial.h
[5.405s] -- Installing: /home/surya/ros2_ws/src/action_interface/install/action_interface/include/action_interface/action_interface/action/number.h
[5.406s] -- Installing: /home/surya/ros2_ws/src/action_interface/install/action_interface/include/action_interface/action_interface/msg
[5.406s] -- Installing: /home/surya/ros2_ws/src/action_interface/install/action_interface/include/action_interface/action_interface/msg/rosidl_generator_c__visibility_control.h
[5.406s] -- Installing: /home/surya/ros2_ws/src/action_interface/install/action_interface/share/action_interface/environment/library_path.sh
[5.406s] -- Installing: /home/surya/ros2_ws/src/action_interface/install/action_interface/share/action_interface/environment/library_path.dsv
[5.406s] -- Installing: /home/surya/ros2_ws/src/action_interface/install/action_interface/lib/libaction_interface__rosidl_generator_c.so
[5.406s] -- Set runtime path of "/home/surya/ros2_ws/src/action_interface/install/action_interface/lib/libaction_interface__rosidl_generator_c.so" to ""
[5.407s] -- Up-to-date: /home/surya/ros2_ws/src/action_interface/install/action_interface/include/action_interface/action_interface
[5.407s] -- Up-to-date: /home/surya/ros2_ws/src/action_interface/install/action_interface/include/action_interface/action_interface/action
[5.407s] -- Up-to-date: /home/surya/ros2_ws/src/action_interface/install/action_interface/include/action_interface/action_interface/action/detail
[5.407s] -- Installing: /home/surya/ros2_ws/src/action_interface/install/action_interface/include/action_interface/action_interface/action/detail/trial__rosidl_typesupport_fastrtps_c.h
[5.407s] -- Installing: /home/surya/ros2_ws/src/action_interface/install/action_interface/include/action_interface/action_interface/action/detail/number__rosidl_typesupport_fastrtps_c.h
[5.407s] -- Installing: /home/surya/ros2_ws/src/action_interface/install/action_interface/include/action_interface/action_interface/action/detail/shape__rosidl_typesupport_fastrtps_c.h
[5.407s] -- Up-to-date: /home/surya/ros2_ws/src/action_interface/install/action_interface/include/action_interface/action_interface/msg
[5.407s] -- Installing: /home/surya/ros2_ws/src/action_interface/install/action_interface/include/action_interface/action_interface/msg/rosidl_typesupport_fastrtps_c__visibility_control.h
[5.407s] -- Installing: /home/surya/ros2_ws/src/action_interface/install/action_interface/lib/libaction_interface__rosidl_typesupport_fastrtps_c.so
[5.407s] -- Set runtime path of "/home/surya/ros2_ws/src/action_interface/install/action_interface/lib/libaction_interface__rosidl_typesupport_fastrtps_c.so" to ""
[5.408s] -- Up-to-date: /home/surya/ros2_ws/src/action_interface/install/action_interface/include/action_interface/action_interface
[5.408s] -- Up-to-date: /home/surya/ros2_ws/src/action_interface/install/action_interface/include/action_interface/action_interface/action
[5.408s] -- Up-to-date: /home/surya/ros2_ws/src/action_interface/install/action_interface/include/action_interface/action_interface/action/detail
[5.408s] -- Installing: /home/surya/ros2_ws/src/action_interface/install/action_interface/include/action_interface/action_interface/action/detail/number__rosidl_typesupport_introspection_c.h
[5.408s] -- Installing: /home/surya/ros2_ws/src/action_interface/install/action_interface/include/action_interface/action_interface/action/detail/trial__type_support.c
[5.408s] -- Installing: /home/surya/ros2_ws/src/action_interface/install/action_interface/include/action_interface/action_interface/action/detail/trial__rosidl_typesupport_introspection_c.h
[5.408s] -- Installing: /home/surya/ros2_ws/src/action_interface/install/action_interface/include/action_interface/action_interface/action/detail/shape__type_support.c
[5.408s] -- Installing: /home/surya/ros2_ws/src/action_interface/install/action_interface/include/action_interface/action_interface/action/detail/shape__rosidl_typesupport_introspection_c.h
[5.408s] -- Installing: /home/surya/ros2_ws/src/action_interface/install/action_interface/include/action_interface/action_interface/action/detail/number__type_support.c
[5.408s] -- Up-to-date: /home/surya/ros2_ws/src/action_interface/install/action_interface/include/action_interface/action_interface/msg
[5.408s] -- Installing: /home/surya/ros2_ws/src/action_interface/install/action_interface/include/action_interface/action_interface/msg/rosidl_typesupport_introspection_c__visibility_control.h
[5.409s] -- Installing: /home/surya/ros2_ws/src/action_interface/install/action_interface/lib/libaction_interface__rosidl_typesupport_introspection_c.so
[5.409s] -- Set runtime path of "/home/surya/ros2_ws/src/action_interface/install/action_interface/lib/libaction_interface__rosidl_typesupport_introspection_c.so" to ""
[5.409s] -- Installing: /home/surya/ros2_ws/src/action_interface/install/action_interface/lib/libaction_interface__rosidl_typesupport_c.so
[5.409s] -- Set runtime path of "/home/surya/ros2_ws/src/action_interface/install/action_interface/lib/libaction_interface__rosidl_typesupport_c.so" to ""
[5.409s] -- Up-to-date: /home/surya/ros2_ws/src/action_interface/install/action_interface/include/action_interface/action_interface
[5.409s] -- Up-to-date: /home/surya/ros2_ws/src/action_interface/install/action_interface/include/action_interface/action_interface/action
[5.409s] -- Installing: /home/surya/ros2_ws/src/action_interface/install/action_interface/include/action_interface/action_interface/action/trial.hpp
[5.409s] -- Up-to-date: /home/surya/ros2_ws/src/action_interface/install/action_interface/include/action_interface/action_interface/action/detail
[5.409s] -- Installing: /home/surya/ros2_ws/src/action_interface/install/action_interface/include/action_interface/action_interface/action/detail/shape__type_support.hpp
[5.410s] -- Installing: /home/surya/ros2_ws/src/action_interface/install/action_interface/include/action_interface/action_interface/action/detail/number__struct.hpp
[5.410s] -- Installing: /home/surya/ros2_ws/src/action_interface/install/action_interface/include/action_interface/action_interface/action/detail/trial__struct.hpp
[5.410s] -- Installing: /home/surya/ros2_ws/src/action_interface/install/action_interface/include/action_interface/action_interface/action/detail/number__traits.hpp
[5.410s] -- Installing: /home/surya/ros2_ws/src/action_interface/install/action_interface/include/action_interface/action_interface/action/detail/shape__builder.hpp
[5.410s] -- Installing: /home/surya/ros2_ws/src/action_interface/install/action_interface/include/action_interface/action_interface/action/detail/trial__builder.hpp
[5.410s] -- Installing: /home/surya/ros2_ws/src/action_interface/install/action_interface/include/action_interface/action_interface/action/detail/trial__type_support.hpp
[5.410s] -- Installing: /home/surya/ros2_ws/src/action_interface/install/action_interface/include/action_interface/action_interface/action/detail/shape__traits.hpp
[5.411s] -- Installing: /home/surya/ros2_ws/src/action_interface/install/action_interface/include/action_interface/action_interface/action/detail/number__type_support.hpp
[5.411s] -- Installing: /home/surya/ros2_ws/src/action_interface/install/action_interface/include/action_interface/action_interface/action/detail/shape__struct.hpp
[5.411s] -- Installing: /home/surya/ros2_ws/src/action_interface/install/action_interface/include/action_interface/action_interface/action/detail/trial__traits.hpp
[5.411s] -- Installing: /home/surya/ros2_ws/src/action_interface/install/action_interface/include/action_interface/action_interface/action/detail/number__builder.hpp
[5.411s] -- Installing: /home/surya/ros2_ws/src/action_interface/install/action_interface/include/action_interface/action_interface/action/number.hpp
[5.411s] -- Installing: /home/surya/ros2_ws/src/action_interface/install/action_interface/include/action_interface/action_interface/action/shape.hpp
[5.411s] -- Up-to-date: /home/surya/ros2_ws/src/action_interface/install/action_interface/include/action_interface/action_interface/msg
[5.411s] -- Installing: /home/surya/ros2_ws/src/action_interface/install/action_interface/include/action_interface/action_interface/msg/rosidl_generator_cpp__visibility_control.hpp
[5.411s] -- Up-to-date: /home/surya/ros2_ws/src/action_interface/install/action_interface/include/action_interface/action_interface
[5.411s] -- Up-to-date: /home/surya/ros2_ws/src/action_interface/install/action_interface/include/action_interface/action_interface/action
[5.411s] -- Up-to-date: /home/surya/ros2_ws/src/action_interface/install/action_interface/include/action_interface/action_interface/action/detail
[5.412s] -- Installing: /home/surya/ros2_ws/src/action_interface/install/action_interface/include/action_interface/action_interface/action/detail/number__rosidl_typesupport_fastrtps_cpp.hpp
[5.412s] -- Installing: /home/surya/ros2_ws/src/action_interface/install/action_interface/include/action_interface/action_interface/action/detail/shape__rosidl_typesupport_fastrtps_cpp.hpp
[5.412s] -- Installing: /home/surya/ros2_ws/src/action_interface/install/action_interface/include/action_interface/action_interface/action/detail/trial__rosidl_typesupport_fastrtps_cpp.hpp
[5.412s] -- Installing: /home/surya/ros2_ws/src/action_interface/install/action_interface/include/action_interface/action_interface/action/detail/dds_fastrtps
[5.412s] -- Up-to-date: /home/surya/ros2_ws/src/action_interface/install/action_interface/include/action_interface/action_interface/msg
[5.412s] -- Installing: /home/surya/ros2_ws/src/action_interface/install/action_interface/include/action_interface/action_interface/msg/rosidl_typesupport_fastrtps_cpp__visibility_control.h
[5.412s] -- Installing: /home/surya/ros2_ws/src/action_interface/install/action_interface/lib/libaction_interface__rosidl_typesupport_fastrtps_cpp.so
[5.412s] -- Set runtime path of "/home/surya/ros2_ws/src/action_interface/install/action_interface/lib/libaction_interface__rosidl_typesupport_fastrtps_cpp.so" to ""
[5.413s] -- Up-to-date: /home/surya/ros2_ws/src/action_interface/install/action_interface/include/action_interface/action_interface
[5.413s] -- Up-to-date: /home/surya/ros2_ws/src/action_interface/install/action_interface/include/action_interface/action_interface/action
[5.413s] -- Up-to-date: /home/surya/ros2_ws/src/action_interface/install/action_interface/include/action_interface/action_interface/action/detail
[5.413s] -- Installing: /home/surya/ros2_ws/src/action_interface/install/action_interface/include/action_interface/action_interface/action/detail/shape__rosidl_typesupport_introspection_cpp.hpp
[5.413s] -- Installing: /home/surya/ros2_ws/src/action_interface/install/action_interface/include/action_interface/action_interface/action/detail/number__type_support.cpp
[5.413s] -- Installing: /home/surya/ros2_ws/src/action_interface/install/action_interface/include/action_interface/action_interface/action/detail/shape__type_support.cpp
[5.413s] -- Installing: /home/surya/ros2_ws/src/action_interface/install/action_interface/include/action_interface/action_interface/action/detail/trial__rosidl_typesupport_introspection_cpp.hpp
[5.413s] -- Installing: /home/surya/ros2_ws/src/action_interface/install/action_interface/include/action_interface/action_interface/action/detail/number__rosidl_typesupport_introspection_cpp.hpp
[5.413s] -- Installing: /home/surya/ros2_ws/src/action_interface/install/action_interface/include/action_interface/action_interface/action/detail/trial__type_support.cpp
[5.413s] -- Installing: /home/surya/ros2_ws/src/action_interface/install/action_interface/lib/libaction_interface__rosidl_typesupport_introspection_cpp.so
[5.414s] -- Set runtime path of "/home/surya/ros2_ws/src/action_interface/install/action_interface/lib/libaction_interface__rosidl_typesupport_introspection_cpp.so" to ""
[5.414s] -- Installing: /home/surya/ros2_ws/src/action_interface/install/action_interface/lib/libaction_interface__rosidl_typesupport_cpp.so
[5.414s] -- Set runtime path of "/home/surya/ros2_ws/src/action_interface/install/action_interface/lib/libaction_interface__rosidl_typesupport_cpp.so" to ""
[5.414s] -- Installing: /home/surya/ros2_ws/src/action_interface/install/action_interface/share/action_interface/environment/pythonpath.sh
[5.414s] -- Installing: /home/surya/ros2_ws/src/action_interface/install/action_interface/share/action_interface/environment/pythonpath.dsv
[5.414s] -- Installing: /home/surya/ros2_ws/src/action_interface/install/action_interface/local/lib/python3.10/dist-packages/action_interface-0.0.0-py3.10.egg-info
[5.415s] -- Installing: /home/surya/ros2_ws/src/action_interface/install/action_interface/local/lib/python3.10/dist-packages/action_interface-0.0.0-py3.10.egg-info/dependency_links.txt
[5.415s] -- Installing: /home/surya/ros2_ws/src/action_interface/install/action_interface/local/lib/python3.10/dist-packages/action_interface-0.0.0-py3.10.egg-info/top_level.txt
[5.415s] -- Installing: /home/surya/ros2_ws/src/action_interface/install/action_interface/local/lib/python3.10/dist-packages/action_interface-0.0.0-py3.10.egg-info/PKG-INFO
[5.415s] -- Installing: /home/surya/ros2_ws/src/action_interface/install/action_interface/local/lib/python3.10/dist-packages/action_interface-0.0.0-py3.10.egg-info/SOURCES.txt
[5.415s] -- Installing: /home/surya/ros2_ws/src/action_interface/install/action_interface/local/lib/python3.10/dist-packages/action_interface
[5.415s] -- Installing: /home/surya/ros2_ws/src/action_interface/install/action_interface/local/lib/python3.10/dist-packages/action_interface/libaction_interface__rosidl_generator_py.so
[5.415s] -- Installing: /home/surya/ros2_ws/src/action_interface/install/action_interface/local/lib/python3.10/dist-packages/action_interface/_action_interface_s.ep.rosidl_typesupport_fastrtps_c.c
[5.416s] -- Installing: /home/surya/ros2_ws/src/action_interface/install/action_interface/local/lib/python3.10/dist-packages/action_interface/_action_interface_s.ep.rosidl_typesupport_c.c
[5.416s] -- Installing: /home/surya/ros2_ws/src/action_interface/install/action_interface/local/lib/python3.10/dist-packages/action_interface/action_interface_s__rosidl_typesupport_fastrtps_c.cpython-310-x86_64-linux-gnu.so
[5.416s] -- Installing: /home/surya/ros2_ws/src/action_interface/install/action_interface/local/lib/python3.10/dist-packages/action_interface/action
[5.416s] -- Installing: /home/surya/ros2_ws/src/action_interface/install/action_interface/local/lib/python3.10/dist-packages/action_interface/action/_trial_s.c
[5.416s] -- Installing: /home/surya/ros2_ws/src/action_interface/install/action_interface/local/lib/python3.10/dist-packages/action_interface/action/_number_s.c
[5.416s] -- Installing: /home/surya/ros2_ws/src/action_interface/install/action_interface/local/lib/python3.10/dist-packages/action_interface/action/_shape.py
[5.416s] -- Installing: /home/surya/ros2_ws/src/action_interface/install/action_interface/local/lib/python3.10/dist-packages/action_interface/action/_trial.py
[5.417s] -- Installing: /home/surya/ros2_ws/src/action_interface/install/action_interface/local/lib/python3.10/dist-packages/action_interface/action/_number.py
[5.417s] -- Installing: /home/surya/ros2_ws/src/action_interface/install/action_interface/local/lib/python3.10/dist-packages/action_interface/action/__init__.py
[5.417s] -- Installing: /home/surya/ros2_ws/src/action_interface/install/action_interface/local/lib/python3.10/dist-packages/action_interface/action/_shape_s.c
[5.417s] -- Installing: /home/surya/ros2_ws/src/action_interface/install/action_interface/local/lib/python3.10/dist-packages/action_interface/_action_interface_s.ep.rosidl_typesupport_introspection_c.c
[5.417s] -- Installing: /home/surya/ros2_ws/src/action_interface/install/action_interface/local/lib/python3.10/dist-packages/action_interface/action_interface_s__rosidl_typesupport_introspection_c.cpython-310-x86_64-linux-gnu.so
[5.417s] -- Installing: /home/surya/ros2_ws/src/action_interface/install/action_interface/local/lib/python3.10/dist-packages/action_interface/__init__.py
[5.417s] -- Installing: /home/surya/ros2_ws/src/action_interface/install/action_interface/local/lib/python3.10/dist-packages/action_interface/action_interface_s__rosidl_typesupport_c.cpython-310-x86_64-linux-gnu.so
[5.460s] Listing '/home/surya/ros2_ws/src/action_interface/install/action_interface/local/lib/python3.10/dist-packages/action_interface'...
[5.460s] Compiling '/home/surya/ros2_ws/src/action_interface/install/action_interface/local/lib/python3.10/dist-packages/action_interface/__init__.py'...
[5.460s] Listing '/home/surya/ros2_ws/src/action_interface/install/action_interface/local/lib/python3.10/dist-packages/action_interface/action'...
[5.460s] Compiling '/home/surya/ros2_ws/src/action_interface/install/action_interface/local/lib/python3.10/dist-packages/action_interface/action/__init__.py'...
[5.460s] Compiling '/home/surya/ros2_ws/src/action_interface/install/action_interface/local/lib/python3.10/dist-packages/action_interface/action/_number.py'...
[5.460s] Compiling '/home/surya/ros2_ws/src/action_interface/install/action_interface/local/lib/python3.10/dist-packages/action_interface/action/_shape.py'...
[5.460s] Compiling '/home/surya/ros2_ws/src/action_interface/install/action_interface/local/lib/python3.10/dist-packages/action_interface/action/_trial.py'...
[5.463s] -- Installing: /home/surya/ros2_ws/src/action_interface/install/action_interface/local/lib/python3.10/dist-packages/action_interface/action_interface_s__rosidl_typesupport_fastrtps_c.cpython-310-x86_64-linux-gnu.so
[5.464s] -- Set runtime path of "/home/surya/ros2_ws/src/action_interface/install/action_interface/local/lib/python3.10/dist-packages/action_interface/action_interface_s__rosidl_typesupport_fastrtps_c.cpython-310-x86_64-linux-gnu.so" to ""
[5.464s] -- Installing: /home/surya/ros2_ws/src/action_interface/install/action_interface/local/lib/python3.10/dist-packages/action_interface/action_interface_s__rosidl_typesupport_introspection_c.cpython-310-x86_64-linux-gnu.so
[5.464s] -- Set runtime path of "/home/surya/ros2_ws/src/action_interface/install/action_interface/local/lib/python3.10/dist-packages/action_interface/action_interface_s__rosidl_typesupport_introspection_c.cpython-310-x86_64-linux-gnu.so" to ""
[5.464s] -- Installing: /home/surya/ros2_ws/src/action_interface/install/action_interface/local/lib/python3.10/dist-packages/action_interface/action_interface_s__rosidl_typesupport_c.cpython-310-x86_64-linux-gnu.so
[5.465s] -- Set runtime path of "/home/surya/ros2_ws/src/action_interface/install/action_interface/local/lib/python3.10/dist-packages/action_interface/action_interface_s__rosidl_typesupport_c.cpython-310-x86_64-linux-gnu.so" to ""
[5.465s] -- Installing: /home/surya/ros2_ws/src/action_interface/install/action_interface/lib/libaction_interface__rosidl_generator_py.so
[5.465s] -- Set runtime path of "/home/surya/ros2_ws/src/action_interface/install/action_interface/lib/libaction_interface__rosidl_generator_py.so" to ""
[5.465s] -- Installing: /home/surya/ros2_ws/src/action_interface/install/action_interface/share/action_interface/action/Trial.idl
[5.465s] -- Installing: /home/surya/ros2_ws/src/action_interface/install/action_interface/share/action_interface/action/Shape.idl
[5.465s] -- Installing: /home/surya/ros2_ws/src/action_interface/install/action_interface/share/action_interface/action/Number.idl
[5.465s] -- Installing: /home/surya/ros2_ws/src/action_interface/install/action_interface/share/action_interface/action/Trial.action
[5.466s] -- Installing: /home/surya/ros2_ws/src/action_interface/install/action_interface/share/action_interface/action/Shape.action
[5.466s] -- Installing: /home/surya/ros2_ws/src/action_interface/install/action_interface/share/action_interface/action/Number.action
[5.466s] -- Installing: /home/surya/ros2_ws/src/action_interface/install/action_interface/share/ament_index/resource_index/package_run_dependencies/action_interface
[5.466s] -- Installing: /home/surya/ros2_ws/src/action_interface/install/action_interface/share/ament_index/resource_index/parent_prefix_path/action_interface
[5.466s] -- Installing: /home/surya/ros2_ws/src/action_interface/install/action_interface/share/action_interface/environment/ament_prefix_path.sh
[5.466s] -- Installing: /home/surya/ros2_ws/src/action_interface/install/action_interface/share/action_interface/environment/ament_prefix_path.dsv
[5.466s] -- Installing: /home/surya/ros2_ws/src/action_interface/install/action_interface/share/action_interface/environment/path.sh
[5.467s] -- Installing: /home/surya/ros2_ws/src/action_interface/install/action_interface/share/action_interface/environment/path.dsv
[5.467s] -- Installing: /home/surya/ros2_ws/src/action_interface/install/action_interface/share/action_interface/local_setup.bash
[5.467s] -- Installing: /home/surya/ros2_ws/src/action_interface/install/action_interface/share/action_interface/local_setup.sh
[5.467s] -- Installing: /home/surya/ros2_ws/src/action_interface/install/action_interface/share/action_interface/local_setup.zsh
[5.467s] -- Installing: /home/surya/ros2_ws/src/action_interface/install/action_interface/share/action_interface/local_setup.dsv
[5.467s] -- Installing: /home/surya/ros2_ws/src/action_interface/install/action_interface/share/action_interface/package.dsv
[5.467s] -- Installing: /home/surya/ros2_ws/src/action_interface/install/action_interface/share/ament_index/resource_index/packages/action_interface
[5.468s] -- Installing: /home/surya/ros2_ws/src/action_interface/install/action_interface/share/action_interface/cmake/export_action_interface__rosidl_generator_cExport.cmake
[5.468s] -- Installing: /home/surya/ros2_ws/src/action_interface/install/action_interface/share/action_interface/cmake/export_action_interface__rosidl_generator_cExport-noconfig.cmake
[5.468s] -- Installing: /home/surya/ros2_ws/src/action_interface/install/action_interface/share/action_interface/cmake/export_action_interface__rosidl_typesupport_fastrtps_cExport.cmake
[5.468s] -- Installing: /home/surya/ros2_ws/src/action_interface/install/action_interface/share/action_interface/cmake/export_action_interface__rosidl_typesupport_fastrtps_cExport-noconfig.cmake
[5.468s] -- Installing: /home/surya/ros2_ws/src/action_interface/install/action_interface/share/action_interface/cmake/action_interface__rosidl_typesupport_introspection_cExport.cmake
[5.468s] -- Installing: /home/surya/ros2_ws/src/action_interface/install/action_interface/share/action_interface/cmake/action_interface__rosidl_typesupport_introspection_cExport-noconfig.cmake
[5.468s] -- Installing: /home/surya/ros2_ws/src/action_interface/install/action_interface/share/action_interface/cmake/action_interface__rosidl_typesupport_cExport.cmake
[5.468s] -- Installing: /home/surya/ros2_ws/src/action_interface/install/action_interface/share/action_interface/cmake/action_interface__rosidl_typesupport_cExport-noconfig.cmake
[5.469s] -- Installing: /home/surya/ros2_ws/src/action_interface/install/action_interface/share/action_interface/cmake/export_action_interface__rosidl_generator_cppExport.cmake
[5.469s] -- Installing: /home/surya/ros2_ws/src/action_interface/install/action_interface/share/action_interface/cmake/export_action_interface__rosidl_typesupport_fastrtps_cppExport.cmake
[5.469s] -- Installing: /home/surya/ros2_ws/src/action_interface/install/action_interface/share/action_interface/cmake/export_action_interface__rosidl_typesupport_fastrtps_cppExport-noconfig.cmake
[5.469s] -- Installing: /home/surya/ros2_ws/src/action_interface/install/action_interface/share/action_interface/cmake/action_interface__rosidl_typesupport_introspection_cppExport.cmake
[5.469s] -- Installing: /home/surya/ros2_ws/src/action_interface/install/action_interface/share/action_interface/cmake/action_interface__rosidl_typesupport_introspection_cppExport-noconfig.cmake
[5.469s] -- Installing: /home/surya/ros2_ws/src/action_interface/install/action_interface/share/action_interface/cmake/action_interface__rosidl_typesupport_cppExport.cmake
[5.469s] -- Installing: /home/surya/ros2_ws/src/action_interface/install/action_interface/share/action_interface/cmake/action_interface__rosidl_typesupport_cppExport-noconfig.cmake
[5.470s] -- Installing: /home/surya/ros2_ws/src/action_interface/install/action_interface/share/action_interface/cmake/export_action_interface__rosidl_generator_pyExport.cmake
[5.470s] -- Installing: /home/surya/ros2_ws/src/action_interface/install/action_interface/share/action_interface/cmake/export_action_interface__rosidl_generator_pyExport-noconfig.cmake
[5.470s] -- Installing: /home/surya/ros2_ws/src/action_interface/install/action_interface/share/action_interface/cmake/rosidl_cmake-extras.cmake
[5.470s] -- Installing: /home/surya/ros2_ws/src/action_interface/install/action_interface/share/action_interface/cmake/ament_cmake_export_dependencies-extras.cmake
[5.470s] -- Installing: /home/surya/ros2_ws/src/action_interface/install/action_interface/share/action_interface/cmake/ament_cmake_export_include_directories-extras.cmake
[5.470s] -- Installing: /home/surya/ros2_ws/src/action_interface/install/action_interface/share/action_interface/cmake/ament_cmake_export_libraries-extras.cmake
[5.470s] -- Installing: /home/surya/ros2_ws/src/action_interface/install/action_interface/share/action_interface/cmake/ament_cmake_export_targets-extras.cmake
[5.470s] -- Installing: /home/surya/ros2_ws/src/action_interface/install/action_interface/share/action_interface/cmake/rosidl_cmake_export_typesupport_targets-extras.cmake
[5.471s] -- Installing: /home/surya/ros2_ws/src/action_interface/install/action_interface/share/action_interface/cmake/rosidl_cmake_export_typesupport_libraries-extras.cmake
[5.471s] -- Installing: /home/surya/ros2_ws/src/action_interface/install/action_interface/share/action_interface/cmake/action_interfaceConfig.cmake
[5.471s] -- Installing: /home/surya/ros2_ws/src/action_interface/install/action_interface/share/action_interface/cmake/action_interfaceConfig-version.cmake
[5.471s] -- Installing: /home/surya/ros2_ws/src/action_interface/install/action_interface/share/action_interface/package.xml
[5.473s] Invoked command in '/home/surya/ros2_ws/src/action_interface/build/action_interface' returned '0': CMAKE_PREFIX_PATH=${CMAKE_PREFIX_PATH}:/home/surya/ros2_ws/install/week1:/home/surya/ros2_ws/install/tweak:/home/surya/ros2_ws/install/tutorial_interfaces:/home/surya/ros2_ws/install/turtlesim_controller:/home/surya/ros2_ws/install/simple_server:/home/surya/ros2_ws/install/service:/home/surya/ros2_ws/install/second_robot:/home/surya/ros2_ws/install/opencv:/home/surya/ros2_ws/install/my_robot_controller:/home/surya/ros2_ws/install/game:/home/surya/install/tweak:/home/surya/install/simple_server:/home/surya/install/opencv:/opt/ros/humble /usr/bin/cmake --install /home/surya/ros2_ws/src/action_interface/build/action_interface
