running egg_info
writing build/action_server/action_server.egg-info/PKG-INFO
writing dependency_links to build/action_server/action_server.egg-info/dependency_links.txt
writing entry points to build/action_server/action_server.egg-info/entry_points.txt
writing requirements to build/action_server/action_server.egg-info/requires.txt
writing top-level names to build/action_server/action_server.egg-info/top_level.txt
reading manifest file 'build/action_server/action_server.egg-info/SOURCES.txt'
writing manifest file 'build/action_server/action_server.egg-info/SOURCES.txt'
running build
running build_py
running install
running install_lib
running install_data
running install_egg_info
removing '/home/surya/ros2_ws/src/action_server/install/action_server/lib/python3.10/site-packages/action_server-0.0.0-py3.10.egg-info' (and everything under it)
Copying build/action_server/action_server.egg-info to /home/surya/ros2_ws/src/action_server/install/action_server/lib/python3.10/site-packages/action_server-0.0.0-py3.10.egg-info
running install_scripts
Installing rotation_client script to /home/surya/ros2_ws/src/action_server/install/action_server/lib/action_server
Installing rotation_server script to /home/surya/ros2_ws/src/action_server/install/action_server/lib/action_server
writing list of installed files to '/home/surya/ros2_ws/src/action_server/build/action_server/install.log'
