[0.520s] Invoking command in '/home/surya/ros2_ws/src/action_server': PYTHONPATH=/home/surya/ros2_ws/src/action_server/build/action_server/prefix_override:/usr/lib/python3/dist-packages/colcon_core/task/python/colcon_distutils_commands:/home/surya/ros2_ws/src/action_server/install/action_server/lib/python3.10/site-packages:${PYTHONPATH} /usr/bin/python3 -W ignore:setup.py install is deprecated -W ignore:easy_install command is deprecated setup.py egg_info --egg-base build/action_server build --build-base /home/surya/ros2_ws/src/action_server/build/action_server/build install --record /home/surya/ros2_ws/src/action_server/build/action_server/install.log --single-version-externally-managed install_data
[0.716s] running egg_info
[0.716s] writing build/action_server/action_server.egg-info/PKG-INFO
[0.716s] writing dependency_links to build/action_server/action_server.egg-info/dependency_links.txt
[0.716s] writing entry points to build/action_server/action_server.egg-info/entry_points.txt
[0.716s] writing requirements to build/action_server/action_server.egg-info/requires.txt
[0.716s] writing top-level names to build/action_server/action_server.egg-info/top_level.txt
[0.718s] reading manifest file 'build/action_server/action_server.egg-info/SOURCES.txt'
[0.718s] writing manifest file 'build/action_server/action_server.egg-info/SOURCES.txt'
[0.718s] running build
[0.718s] running build_py
[0.719s] running install
[0.719s] running install_lib
[0.720s] running install_data
[0.720s] running install_egg_info
[0.721s] removing '/home/surya/ros2_ws/src/action_server/install/action_server/lib/python3.10/site-packages/action_server-0.0.0-py3.10.egg-info' (and everything under it)
[0.721s] Copying build/action_server/action_server.egg-info to /home/surya/ros2_ws/src/action_server/install/action_server/lib/python3.10/site-packages/action_server-0.0.0-py3.10.egg-info
[0.722s] running install_scripts
[0.739s] Installing rotation_client script to /home/surya/ros2_ws/src/action_server/install/action_server/lib/action_server
[0.739s] Installing rotation_server script to /home/surya/ros2_ws/src/action_server/install/action_server/lib/action_server
[0.739s] writing list of installed files to '/home/surya/ros2_ws/src/action_server/build/action_server/install.log'
[0.761s] Invoked command in '/home/surya/ros2_ws/src/action_server' returned '0': PYTHONPATH=/home/surya/ros2_ws/src/action_server/build/action_server/prefix_override:/usr/lib/python3/dist-packages/colcon_core/task/python/colcon_distutils_commands:/home/surya/ros2_ws/src/action_server/install/action_server/lib/python3.10/site-packages:${PYTHONPATH} /usr/bin/python3 -W ignore:setup.py install is deprecated -W ignore:easy_install command is deprecated setup.py egg_info --egg-base build/action_server build --build-base /home/surya/ros2_ws/src/action_server/build/action_server/build install --record /home/surya/ros2_ws/src/action_server/build/action_server/install.log --single-version-externally-managed install_data
