[0.112s] DEBUG:colcon:Command line arguments: ['/usr/bin/colcon', 'build', '--packages-select', 'yolov8_msgs']
[0.112s] DEBUG:colcon:Parsed command line arguments: Namespace(log_base=None, log_level=None, verb_name='build', build_base='build', install_base='install', merge_install=False, symlink_install=False, test_result_base=None, continue_on_error=False, executor='parallel', parallel_workers=16, event_handlers=None, ignore_user_meta=False, metas=['./colcon.meta'], base_paths=['.'], packages_ignore=None, packages_ignore_regex=None, paths=None, packages_up_to=None, packages_up_to_regex=None, packages_above=None, packages_above_and_dependencies=None, packages_above_depth=None, packages_select_by_dep=None, packages_skip_by_dep=None, packages_skip_up_to=None, packages_select_build_failed=False, packages_skip_build_finished=False, packages_select_test_failures=False, packages_skip_test_passed=False, packages_select=['yolov8_msgs'], packages_skip=None, packages_select_regex=None, packages_skip_regex=None, packages_start=None, packages_end=None, allow_overriding=[], cmake_args=None, cmake_target=None, cmake_target_skip_unavailable=False, cmake_clean_cache=False, cmake_clean_first=False, cmake_force_configure=False, ament_cmake_args=None, catkin_cmake_args=None, catkin_skip_building_tests=False, verb_parser=<colcon_defaults.argument_parser.defaults.DefaultArgumentsDecorator object at 0x7c49d2452da0>, verb_extension=<colcon_core.verb.build.BuildVerb object at 0x7c49d2452890>, main=<bound method BuildVerb.main of <colcon_core.verb.build.BuildVerb object at 0x7c49d2452890>>)
[0.296s] Level 1:colcon.colcon_core.package_discovery:discover_packages(colcon_meta) check parameters
[0.296s] Level 1:colcon.colcon_core.package_discovery:discover_packages(recursive) check parameters
[0.296s] Level 1:colcon.colcon_core.package_discovery:discover_packages(ignore) check parameters
[0.296s] Level 1:colcon.colcon_core.package_discovery:discover_packages(path) check parameters
[0.297s] Level 1:colcon.colcon_core.package_discovery:discover_packages(colcon_meta) discover
[0.297s] Level 1:colcon.colcon_core.package_discovery:discover_packages(recursive) discover
[0.297s] INFO:colcon.colcon_core.package_discovery:Crawling recursively for packages in '/home/surya/ros2_ws/src'
[0.297s] Level 1:colcon.colcon_core.package_identification:_identify(.) by extensions ['ignore', 'ignore_ament_install']
[0.297s] Level 1:colcon.colcon_core.package_identification:_identify(.) by extension 'ignore'
[0.297s] Level 1:colcon.colcon_core.package_identification:_identify(.) by extension 'ignore_ament_install'
[0.297s] Level 1:colcon.colcon_core.package_identification:_identify(.) by extensions ['colcon_pkg']
[0.297s] Level 1:colcon.colcon_core.package_identification:_identify(.) by extension 'colcon_pkg'
[0.297s] Level 1:colcon.colcon_core.package_identification:_identify(.) by extensions ['colcon_meta']
[0.297s] Level 1:colcon.colcon_core.package_identification:_identify(.) by extension 'colcon_meta'
[0.297s] Level 1:colcon.colcon_core.package_identification:_identify(.) by extensions ['ros']
[0.297s] Level 1:colcon.colcon_core.package_identification:_identify(.) by extension 'ros'
[0.308s] Level 1:colcon.colcon_core.package_identification:_identify(.) by extensions ['cmake', 'python']
[0.308s] Level 1:colcon.colcon_core.package_identification:_identify(.) by extension 'cmake'
[0.308s] Level 1:colcon.colcon_core.package_identification:_identify(.) by extension 'python'
[0.308s] Level 1:colcon.colcon_core.package_identification:_identify(.) by extensions ['python_setup_py']
[0.308s] Level 1:colcon.colcon_core.package_identification:_identify(.) by extension 'python_setup_py'
[0.308s] Level 1:colcon.colcon_core.package_identification:_identify(action_interface) by extensions ['ignore', 'ignore_ament_install']
[0.308s] Level 1:colcon.colcon_core.package_identification:_identify(action_interface) by extension 'ignore'
[0.308s] Level 1:colcon.colcon_core.package_identification:_identify(action_interface) by extension 'ignore_ament_install'
[0.308s] Level 1:colcon.colcon_core.package_identification:_identify(action_interface) by extensions ['colcon_pkg']
[0.308s] Level 1:colcon.colcon_core.package_identification:_identify(action_interface) by extension 'colcon_pkg'
[0.309s] Level 1:colcon.colcon_core.package_identification:_identify(action_interface) by extensions ['colcon_meta']
[0.309s] Level 1:colcon.colcon_core.package_identification:_identify(action_interface) by extension 'colcon_meta'
[0.309s] Level 1:colcon.colcon_core.package_identification:_identify(action_interface) by extensions ['ros']
[0.309s] Level 1:colcon.colcon_core.package_identification:_identify(action_interface) by extension 'ros'
[0.311s] DEBUG:colcon.colcon_core.package_identification:Package 'action_interface' with type 'ros.ament_cmake' and name 'action_interface'
[0.311s] Level 1:colcon.colcon_core.package_identification:_identify(action_server) by extensions ['ignore', 'ignore_ament_install']
[0.311s] Level 1:colcon.colcon_core.package_identification:_identify(action_server) by extension 'ignore'
[0.311s] Level 1:colcon.colcon_core.package_identification:_identify(action_server) by extension 'ignore_ament_install'
[0.311s] Level 1:colcon.colcon_core.package_identification:_identify(action_server) by extensions ['colcon_pkg']
[0.311s] Level 1:colcon.colcon_core.package_identification:_identify(action_server) by extension 'colcon_pkg'
[0.311s] Level 1:colcon.colcon_core.package_identification:_identify(action_server) by extensions ['colcon_meta']
[0.311s] Level 1:colcon.colcon_core.package_identification:_identify(action_server) by extension 'colcon_meta'
[0.311s] Level 1:colcon.colcon_core.package_identification:_identify(action_server) by extensions ['ros']
[0.311s] Level 1:colcon.colcon_core.package_identification:_identify(action_server) by extension 'ros'
[0.312s] DEBUG:colcon.colcon_core.package_identification:Package 'action_server' with type 'ros.ament_python' and name 'action_server'
[0.312s] Level 1:colcon.colcon_core.package_identification:_identify(build) by extensions ['ignore', 'ignore_ament_install']
[0.312s] Level 1:colcon.colcon_core.package_identification:_identify(build) by extension 'ignore'
[0.312s] Level 1:colcon.colcon_core.package_identification:_identify(build) ignored
[0.313s] Level 1:colcon.colcon_core.package_identification:_identify(install) by extensions ['ignore', 'ignore_ament_install']
[0.313s] Level 1:colcon.colcon_core.package_identification:_identify(install) by extension 'ignore'
[0.313s] Level 1:colcon.colcon_core.package_identification:_identify(install) ignored
[0.313s] Level 1:colcon.colcon_core.package_identification:_identify(launcher) by extensions ['ignore', 'ignore_ament_install']
[0.313s] Level 1:colcon.colcon_core.package_identification:_identify(launcher) by extension 'ignore'
[0.313s] Level 1:colcon.colcon_core.package_identification:_identify(launcher) by extension 'ignore_ament_install'
[0.313s] Level 1:colcon.colcon_core.package_identification:_identify(launcher) by extensions ['colcon_pkg']
[0.313s] Level 1:colcon.colcon_core.package_identification:_identify(launcher) by extension 'colcon_pkg'
[0.313s] Level 1:colcon.colcon_core.package_identification:_identify(launcher) by extensions ['colcon_meta']
[0.313s] Level 1:colcon.colcon_core.package_identification:_identify(launcher) by extension 'colcon_meta'
[0.313s] Level 1:colcon.colcon_core.package_identification:_identify(launcher) by extensions ['ros']
[0.313s] Level 1:colcon.colcon_core.package_identification:_identify(launcher) by extension 'ros'
[0.314s] DEBUG:colcon.colcon_core.package_identification:Package 'launcher' with type 'ros.ament_cmake' and name 'launcher'
[0.314s] Level 1:colcon.colcon_core.package_identification:_identify(lidar_based_contoller) by extensions ['ignore', 'ignore_ament_install']
[0.314s] Level 1:colcon.colcon_core.package_identification:_identify(lidar_based_contoller) by extension 'ignore'
[0.314s] Level 1:colcon.colcon_core.package_identification:_identify(lidar_based_contoller) by extension 'ignore_ament_install'
[0.314s] Level 1:colcon.colcon_core.package_identification:_identify(lidar_based_contoller) by extensions ['colcon_pkg']
[0.314s] Level 1:colcon.colcon_core.package_identification:_identify(lidar_based_contoller) by extension 'colcon_pkg'
[0.314s] Level 1:colcon.colcon_core.package_identification:_identify(lidar_based_contoller) by extensions ['colcon_meta']
[0.314s] Level 1:colcon.colcon_core.package_identification:_identify(lidar_based_contoller) by extension 'colcon_meta'
[0.314s] Level 1:colcon.colcon_core.package_identification:_identify(lidar_based_contoller) by extensions ['ros']
[0.314s] Level 1:colcon.colcon_core.package_identification:_identify(lidar_based_contoller) by extension 'ros'
[0.315s] DEBUG:colcon.colcon_core.package_identification:Package 'lidar_based_contoller' with type 'ros.ament_python' and name 'lidar_based_contoller'
[0.315s] Level 1:colcon.colcon_core.package_identification:_identify(log) by extensions ['ignore', 'ignore_ament_install']
[0.315s] Level 1:colcon.colcon_core.package_identification:_identify(log) by extension 'ignore'
[0.315s] Level 1:colcon.colcon_core.package_identification:_identify(log) ignored
[0.315s] Level 1:colcon.colcon_core.package_identification:_identify(my_custom_interface) by extensions ['ignore', 'ignore_ament_install']
[0.315s] Level 1:colcon.colcon_core.package_identification:_identify(my_custom_interface) by extension 'ignore'
[0.315s] Level 1:colcon.colcon_core.package_identification:_identify(my_custom_interface) by extension 'ignore_ament_install'
[0.315s] Level 1:colcon.colcon_core.package_identification:_identify(my_custom_interface) by extensions ['colcon_pkg']
[0.315s] Level 1:colcon.colcon_core.package_identification:_identify(my_custom_interface) by extension 'colcon_pkg'
[0.315s] Level 1:colcon.colcon_core.package_identification:_identify(my_custom_interface) by extensions ['colcon_meta']
[0.315s] Level 1:colcon.colcon_core.package_identification:_identify(my_custom_interface) by extension 'colcon_meta'
[0.316s] Level 1:colcon.colcon_core.package_identification:_identify(my_custom_interface) by extensions ['ros']
[0.316s] Level 1:colcon.colcon_core.package_identification:_identify(my_custom_interface) by extension 'ros'
[0.316s] DEBUG:colcon.colcon_core.package_identification:Package 'my_custom_interface' with type 'ros.ament_cmake' and name 'my_custom_interface'
[0.316s] Level 1:colcon.colcon_core.package_identification:_identify(my_robot_description) by extensions ['ignore', 'ignore_ament_install']
[0.316s] Level 1:colcon.colcon_core.package_identification:_identify(my_robot_description) by extension 'ignore'
[0.316s] Level 1:colcon.colcon_core.package_identification:_identify(my_robot_description) by extension 'ignore_ament_install'
[0.316s] Level 1:colcon.colcon_core.package_identification:_identify(my_robot_description) by extensions ['colcon_pkg']
[0.316s] Level 1:colcon.colcon_core.package_identification:_identify(my_robot_description) by extension 'colcon_pkg'
[0.316s] Level 1:colcon.colcon_core.package_identification:_identify(my_robot_description) by extensions ['colcon_meta']
[0.316s] Level 1:colcon.colcon_core.package_identification:_identify(my_robot_description) by extension 'colcon_meta'
[0.317s] Level 1:colcon.colcon_core.package_identification:_identify(my_robot_description) by extensions ['ros']
[0.317s] Level 1:colcon.colcon_core.package_identification:_identify(my_robot_description) by extension 'ros'
[0.317s] DEBUG:colcon.colcon_core.package_identification:Package 'my_robot_description' with type 'ros.ament_cmake' and name 'my_robot_description'
[0.317s] Level 1:colcon.colcon_core.package_identification:_identify(opencv_ros) by extensions ['ignore', 'ignore_ament_install']
[0.317s] Level 1:colcon.colcon_core.package_identification:_identify(opencv_ros) by extension 'ignore'
[0.317s] Level 1:colcon.colcon_core.package_identification:_identify(opencv_ros) by extension 'ignore_ament_install'
[0.317s] Level 1:colcon.colcon_core.package_identification:_identify(opencv_ros) by extensions ['colcon_pkg']
[0.317s] Level 1:colcon.colcon_core.package_identification:_identify(opencv_ros) by extension 'colcon_pkg'
[0.317s] Level 1:colcon.colcon_core.package_identification:_identify(opencv_ros) by extensions ['colcon_meta']
[0.318s] Level 1:colcon.colcon_core.package_identification:_identify(opencv_ros) by extension 'colcon_meta'
[0.318s] Level 1:colcon.colcon_core.package_identification:_identify(opencv_ros) by extensions ['ros']
[0.318s] Level 1:colcon.colcon_core.package_identification:_identify(opencv_ros) by extension 'ros'
[0.318s] DEBUG:colcon.colcon_core.package_identification:Package 'opencv_ros' with type 'ros.ament_python' and name 'opencv_ros'
[0.319s] Level 1:colcon.colcon_core.package_identification:_identify(transformation) by extensions ['ignore', 'ignore_ament_install']
[0.319s] Level 1:colcon.colcon_core.package_identification:_identify(transformation) by extension 'ignore'
[0.319s] Level 1:colcon.colcon_core.package_identification:_identify(transformation) by extension 'ignore_ament_install'
[0.319s] Level 1:colcon.colcon_core.package_identification:_identify(transformation) by extensions ['colcon_pkg']
[0.319s] Level 1:colcon.colcon_core.package_identification:_identify(transformation) by extension 'colcon_pkg'
[0.319s] Level 1:colcon.colcon_core.package_identification:_identify(transformation) by extensions ['colcon_meta']
[0.319s] Level 1:colcon.colcon_core.package_identification:_identify(transformation) by extension 'colcon_meta'
[0.319s] Level 1:colcon.colcon_core.package_identification:_identify(transformation) by extensions ['ros']
[0.319s] Level 1:colcon.colcon_core.package_identification:_identify(transformation) by extension 'ros'
[0.320s] DEBUG:colcon.colcon_core.package_identification:Package 'transformation' with type 'ros.ament_python' and name 'transformation'
[0.321s] Level 1:colcon.colcon_core.package_identification:_identify(turtlesim_controller) by extensions ['ignore', 'ignore_ament_install']
[0.321s] Level 1:colcon.colcon_core.package_identification:_identify(turtlesim_controller) by extension 'ignore'
[0.321s] Level 1:colcon.colcon_core.package_identification:_identify(turtlesim_controller) by extension 'ignore_ament_install'
[0.321s] Level 1:colcon.colcon_core.package_identification:_identify(turtlesim_controller) by extensions ['colcon_pkg']
[0.321s] Level 1:colcon.colcon_core.package_identification:_identify(turtlesim_controller) by extension 'colcon_pkg'
[0.321s] Level 1:colcon.colcon_core.package_identification:_identify(turtlesim_controller) by extensions ['colcon_meta']
[0.321s] Level 1:colcon.colcon_core.package_identification:_identify(turtlesim_controller) by extension 'colcon_meta'
[0.321s] Level 1:colcon.colcon_core.package_identification:_identify(turtlesim_controller) by extensions ['ros']
[0.321s] Level 1:colcon.colcon_core.package_identification:_identify(turtlesim_controller) by extension 'ros'
[0.322s] DEBUG:colcon.colcon_core.package_identification:Package 'turtlesim_controller' with type 'ros.ament_python' and name 'turtlesim_controller'
[0.322s] Level 1:colcon.colcon_core.package_identification:_identify(week1) by extensions ['ignore', 'ignore_ament_install']
[0.322s] Level 1:colcon.colcon_core.package_identification:_identify(week1) by extension 'ignore'
[0.322s] Level 1:colcon.colcon_core.package_identification:_identify(week1) by extension 'ignore_ament_install'
[0.322s] Level 1:colcon.colcon_core.package_identification:_identify(week1) by extensions ['colcon_pkg']
[0.322s] Level 1:colcon.colcon_core.package_identification:_identify(week1) by extension 'colcon_pkg'
[0.322s] Level 1:colcon.colcon_core.package_identification:_identify(week1) by extensions ['colcon_meta']
[0.322s] Level 1:colcon.colcon_core.package_identification:_identify(week1) by extension 'colcon_meta'
[0.322s] Level 1:colcon.colcon_core.package_identification:_identify(week1) by extensions ['ros']
[0.322s] Level 1:colcon.colcon_core.package_identification:_identify(week1) by extension 'ros'
[0.323s] DEBUG:colcon.colcon_core.package_identification:Package 'week1' with type 'ros.ament_python' and name 'week1'
[0.323s] Level 1:colcon.colcon_core.package_identification:_identify(yolov8_msgs) by extensions ['ignore', 'ignore_ament_install']
[0.323s] Level 1:colcon.colcon_core.package_identification:_identify(yolov8_msgs) by extension 'ignore'
[0.323s] Level 1:colcon.colcon_core.package_identification:_identify(yolov8_msgs) by extension 'ignore_ament_install'
[0.323s] Level 1:colcon.colcon_core.package_identification:_identify(yolov8_msgs) by extensions ['colcon_pkg']
[0.323s] Level 1:colcon.colcon_core.package_identification:_identify(yolov8_msgs) by extension 'colcon_pkg'
[0.323s] Level 1:colcon.colcon_core.package_identification:_identify(yolov8_msgs) by extensions ['colcon_meta']
[0.323s] Level 1:colcon.colcon_core.package_identification:_identify(yolov8_msgs) by extension 'colcon_meta'
[0.323s] Level 1:colcon.colcon_core.package_identification:_identify(yolov8_msgs) by extensions ['ros']
[0.323s] Level 1:colcon.colcon_core.package_identification:_identify(yolov8_msgs) by extension 'ros'
[0.323s] DEBUG:colcon.colcon_core.package_identification:Package 'yolov8_msgs' with type 'ros.ament_cmake' and name 'yolov8_msgs'
[0.324s] Level 1:colcon.colcon_core.package_discovery:discover_packages(recursive) using defaults
[0.324s] Level 1:colcon.colcon_core.package_discovery:discover_packages(ignore) discover
[0.324s] Level 1:colcon.colcon_core.package_discovery:discover_packages(ignore) using defaults
[0.324s] Level 1:colcon.colcon_core.package_discovery:discover_packages(path) discover
[0.324s] Level 1:colcon.colcon_core.package_discovery:discover_packages(path) using defaults
[0.354s] INFO:colcon.colcon_core.package_selection:Skipping not selected package 'action_interface' in 'action_interface'
[0.354s] INFO:colcon.colcon_core.package_selection:Skipping not selected package 'lidar_based_contoller' in 'lidar_based_contoller'
[0.354s] INFO:colcon.colcon_core.package_selection:Skipping not selected package 'my_custom_interface' in 'my_custom_interface'
[0.354s] INFO:colcon.colcon_core.package_selection:Skipping not selected package 'my_robot_description' in 'my_robot_description'
[0.354s] INFO:colcon.colcon_core.package_selection:Skipping not selected package 'opencv_ros' in 'opencv_ros'
[0.354s] INFO:colcon.colcon_core.package_selection:Skipping not selected package 'turtlesim_controller' in 'turtlesim_controller'
[0.354s] INFO:colcon.colcon_core.package_selection:Skipping not selected package 'week1' in 'week1'
[0.354s] INFO:colcon.colcon_core.package_selection:Skipping not selected package 'action_server' in 'action_server'
[0.354s] INFO:colcon.colcon_core.package_selection:Skipping not selected package 'launcher' in 'launcher'
[0.354s] INFO:colcon.colcon_core.package_selection:Skipping not selected package 'transformation' in 'transformation'
[0.354s] Level 1:colcon.colcon_core.package_discovery:discover_packages(prefix_path) check parameters
[0.354s] Level 1:colcon.colcon_core.package_discovery:discover_packages(prefix_path) discover
[0.356s] DEBUG:colcon.colcon_installed_package_information.package_discovery:Found 6 installed packages in /home/surya/ros2_ws/install
[0.357s] DEBUG:colcon.colcon_installed_package_information.package_discovery:Found 3 installed packages in /home/surya/turtlebot3_ws/install
[0.359s] DEBUG:colcon.colcon_installed_package_information.package_discovery:Found 368 installed packages in /opt/ros/humble
[0.361s] Level 1:colcon.colcon_core.package_discovery:discover_packages(prefix_path) using defaults
[0.409s] Level 5:colcon.colcon_core.verb:set package 'yolov8_msgs' build argument 'cmake_args' from command line to 'None'
[0.409s] Level 5:colcon.colcon_core.verb:set package 'yolov8_msgs' build argument 'cmake_target' from command line to 'None'
[0.409s] Level 5:colcon.colcon_core.verb:set package 'yolov8_msgs' build argument 'cmake_target_skip_unavailable' from command line to 'False'
[0.409s] Level 5:colcon.colcon_core.verb:set package 'yolov8_msgs' build argument 'cmake_clean_cache' from command line to 'False'
[0.409s] Level 5:colcon.colcon_core.verb:set package 'yolov8_msgs' build argument 'cmake_clean_first' from command line to 'False'
[0.409s] Level 5:colcon.colcon_core.verb:set package 'yolov8_msgs' build argument 'cmake_force_configure' from command line to 'False'
[0.409s] Level 5:colcon.colcon_core.verb:set package 'yolov8_msgs' build argument 'ament_cmake_args' from command line to 'None'
[0.409s] Level 5:colcon.colcon_core.verb:set package 'yolov8_msgs' build argument 'catkin_cmake_args' from command line to 'None'
[0.409s] Level 5:colcon.colcon_core.verb:set package 'yolov8_msgs' build argument 'catkin_skip_building_tests' from command line to 'False'
[0.409s] DEBUG:colcon.colcon_core.verb:Building package 'yolov8_msgs' with the following arguments: {'ament_cmake_args': None, 'build_base': '/home/surya/ros2_ws/src/build/yolov8_msgs', 'catkin_cmake_args': None, 'catkin_skip_building_tests': False, 'cmake_args': None, 'cmake_clean_cache': False, 'cmake_clean_first': False, 'cmake_force_configure': False, 'cmake_target': None, 'cmake_target_skip_unavailable': False, 'install_base': '/home/surya/ros2_ws/src/install/yolov8_msgs', 'merge_install': False, 'path': '/home/surya/ros2_ws/src/yolov8_msgs', 'symlink_install': False, 'test_result_base': None}
[0.409s] INFO:colcon.colcon_core.executor:Executing jobs using 'parallel' executor
[0.411s] DEBUG:colcon.colcon_parallel_executor.executor.parallel:run_until_complete
[0.411s] INFO:colcon.colcon_ros.task.ament_cmake.build:Building ROS package in '/home/surya/ros2_ws/src/yolov8_msgs' with build type 'ament_cmake'
[0.411s] INFO:colcon.colcon_cmake.task.cmake.build:Building CMake package in '/home/surya/ros2_ws/src/yolov8_msgs'
[0.414s] INFO:colcon.colcon_core.plugin_system:Skipping extension 'colcon_core.shell.bat': Not used on non-Windows systems
[0.414s] INFO:colcon.colcon_core.shell:Skip shell extension 'powershell' for command environment: Not usable outside of PowerShell
[0.414s] DEBUG:colcon.colcon_core.shell:Skip shell extension 'dsv' for command environment
[0.425s] DEBUG:colcon.colcon_core.event_handler.log_command:Invoking command in '/home/surya/ros2_ws/src/build/yolov8_msgs': CMAKE_PREFIX_PATH=${CMAKE_PREFIX_PATH}:/home/surya/ros2_ws/install/turtlesim_controller:/home/surya/ros2_ws/install/opencv_ros:/home/surya/ros2_ws/install/opencv:/home/surya/ros2_ws/install/lidar_based_contoller:/opt/ros/humble /usr/bin/cmake /home/surya/ros2_ws/src/yolov8_msgs -DCMAKE_INSTALL_PREFIX=/home/surya/ros2_ws/src/install/yolov8_msgs
[1.382s] DEBUG:colcon.colcon_core.event_handler.log_command:Invoked command in '/home/surya/ros2_ws/src/build/yolov8_msgs' returned '0': CMAKE_PREFIX_PATH=${CMAKE_PREFIX_PATH}:/home/surya/ros2_ws/install/turtlesim_controller:/home/surya/ros2_ws/install/opencv_ros:/home/surya/ros2_ws/install/opencv:/home/surya/ros2_ws/install/lidar_based_contoller:/opt/ros/humble /usr/bin/cmake /home/surya/ros2_ws/src/yolov8_msgs -DCMAKE_INSTALL_PREFIX=/home/surya/ros2_ws/src/install/yolov8_msgs
[1.384s] DEBUG:colcon.colcon_core.event_handler.log_command:Invoking command in '/home/surya/ros2_ws/src/build/yolov8_msgs': CMAKE_PREFIX_PATH=${CMAKE_PREFIX_PATH}:/home/surya/ros2_ws/install/turtlesim_controller:/home/surya/ros2_ws/install/opencv_ros:/home/surya/ros2_ws/install/opencv:/home/surya/ros2_ws/install/lidar_based_contoller:/opt/ros/humble /usr/bin/cmake --build /home/surya/ros2_ws/src/build/yolov8_msgs -- -j16 -l16
[2.887s] DEBUG:colcon.colcon_core.event_handler.log_command:Invoked command in '/home/surya/ros2_ws/src/build/yolov8_msgs' returned '0': CMAKE_PREFIX_PATH=${CMAKE_PREFIX_PATH}:/home/surya/ros2_ws/install/turtlesim_controller:/home/surya/ros2_ws/install/opencv_ros:/home/surya/ros2_ws/install/opencv:/home/surya/ros2_ws/install/lidar_based_contoller:/opt/ros/humble /usr/bin/cmake --build /home/surya/ros2_ws/src/build/yolov8_msgs -- -j16 -l16
[2.896s] DEBUG:colcon.colcon_core.event_handler.log_command:Invoking command in '/home/surya/ros2_ws/src/build/yolov8_msgs': CMAKE_PREFIX_PATH=${CMAKE_PREFIX_PATH}:/home/surya/ros2_ws/install/turtlesim_controller:/home/surya/ros2_ws/install/opencv_ros:/home/surya/ros2_ws/install/opencv:/home/surya/ros2_ws/install/lidar_based_contoller:/opt/ros/humble /usr/bin/cmake --install /home/surya/ros2_ws/src/build/yolov8_msgs
[2.956s] Level 1:colcon.colcon_core.environment:create_environment_scripts_only(yolov8_msgs)
[2.957s] DEBUG:colcon.colcon_core.event_handler.log_command:Invoked command in '/home/surya/ros2_ws/src/build/yolov8_msgs' returned '0': CMAKE_PREFIX_PATH=${CMAKE_PREFIX_PATH}:/home/surya/ros2_ws/install/turtlesim_controller:/home/surya/ros2_ws/install/opencv_ros:/home/surya/ros2_ws/install/opencv:/home/surya/ros2_ws/install/lidar_based_contoller:/opt/ros/humble /usr/bin/cmake --install /home/surya/ros2_ws/src/build/yolov8_msgs
[2.959s] Level 1:colcon.colcon_core.environment:checking '/home/surya/ros2_ws/src/install/yolov8_msgs' for CMake module files
[2.959s] Level 1:colcon.colcon_core.environment:checking '/home/surya/ros2_ws/src/install/yolov8_msgs' for CMake config files
[2.959s] Level 1:colcon.colcon_core.shell:create_environment_hook('yolov8_msgs', 'cmake_prefix_path')
[2.960s] INFO:colcon.colcon_core.shell:Creating environment hook '/home/surya/ros2_ws/src/install/yolov8_msgs/share/yolov8_msgs/hook/cmake_prefix_path.ps1'
[2.960s] INFO:colcon.colcon_core.shell:Creating environment descriptor '/home/surya/ros2_ws/src/install/yolov8_msgs/share/yolov8_msgs/hook/cmake_prefix_path.dsv'
[2.960s] INFO:colcon.colcon_core.shell:Creating environment hook '/home/surya/ros2_ws/src/install/yolov8_msgs/share/yolov8_msgs/hook/cmake_prefix_path.sh'
[2.961s] Level 1:colcon.colcon_core.environment:checking '/home/surya/ros2_ws/src/install/yolov8_msgs/lib'
[2.961s] Level 1:colcon.colcon_core.shell:create_environment_hook('yolov8_msgs', 'ld_library_path_lib')
[2.961s] INFO:colcon.colcon_core.shell:Creating environment hook '/home/surya/ros2_ws/src/install/yolov8_msgs/share/yolov8_msgs/hook/ld_library_path_lib.ps1'
[2.962s] INFO:colcon.colcon_core.shell:Creating environment descriptor '/home/surya/ros2_ws/src/install/yolov8_msgs/share/yolov8_msgs/hook/ld_library_path_lib.dsv'
[2.962s] INFO:colcon.colcon_core.shell:Creating environment hook '/home/surya/ros2_ws/src/install/yolov8_msgs/share/yolov8_msgs/hook/ld_library_path_lib.sh'
[2.962s] Level 1:colcon.colcon_core.environment:checking '/home/surya/ros2_ws/src/install/yolov8_msgs/bin'
[2.962s] Level 1:colcon.colcon_core.environment:checking '/home/surya/ros2_ws/src/install/yolov8_msgs/lib/pkgconfig/yolov8_msgs.pc'
[2.962s] Level 1:colcon.colcon_core.environment:checking '/home/surya/ros2_ws/src/install/yolov8_msgs/lib/python3.10/site-packages'
[2.962s] Level 1:colcon.colcon_core.environment:checking '/home/surya/ros2_ws/src/install/yolov8_msgs/bin'
[2.962s] INFO:colcon.colcon_core.shell:Creating package script '/home/surya/ros2_ws/src/install/yolov8_msgs/share/yolov8_msgs/package.ps1'
[2.963s] INFO:colcon.colcon_core.shell:Creating package descriptor '/home/surya/ros2_ws/src/install/yolov8_msgs/share/yolov8_msgs/package.dsv'
[2.963s] INFO:colcon.colcon_core.shell:Creating package script '/home/surya/ros2_ws/src/install/yolov8_msgs/share/yolov8_msgs/package.sh'
[2.964s] INFO:colcon.colcon_core.shell:Creating package script '/home/surya/ros2_ws/src/install/yolov8_msgs/share/yolov8_msgs/package.bash'
[2.964s] INFO:colcon.colcon_core.shell:Creating package script '/home/surya/ros2_ws/src/install/yolov8_msgs/share/yolov8_msgs/package.zsh'
[2.965s] Level 1:colcon.colcon_core.environment:create_file_with_runtime_dependencies(/home/surya/ros2_ws/src/install/yolov8_msgs/share/colcon-core/packages/yolov8_msgs)
[2.965s] Level 1:colcon.colcon_core.environment:create_environment_scripts_only(yolov8_msgs)
[2.965s] Level 1:colcon.colcon_core.environment:checking '/home/surya/ros2_ws/src/install/yolov8_msgs' for CMake module files
[2.966s] Level 1:colcon.colcon_core.environment:checking '/home/surya/ros2_ws/src/install/yolov8_msgs' for CMake config files
[2.966s] Level 1:colcon.colcon_core.shell:create_environment_hook('yolov8_msgs', 'cmake_prefix_path')
[2.966s] INFO:colcon.colcon_core.shell:Creating environment hook '/home/surya/ros2_ws/src/install/yolov8_msgs/share/yolov8_msgs/hook/cmake_prefix_path.ps1'
[2.966s] INFO:colcon.colcon_core.shell:Creating environment descriptor '/home/surya/ros2_ws/src/install/yolov8_msgs/share/yolov8_msgs/hook/cmake_prefix_path.dsv'
[2.967s] INFO:colcon.colcon_core.shell:Creating environment hook '/home/surya/ros2_ws/src/install/yolov8_msgs/share/yolov8_msgs/hook/cmake_prefix_path.sh'
[2.967s] Level 1:colcon.colcon_core.environment:checking '/home/surya/ros2_ws/src/install/yolov8_msgs/lib'
[2.967s] Level 1:colcon.colcon_core.shell:create_environment_hook('yolov8_msgs', 'ld_library_path_lib')
[2.967s] INFO:colcon.colcon_core.shell:Creating environment hook '/home/surya/ros2_ws/src/install/yolov8_msgs/share/yolov8_msgs/hook/ld_library_path_lib.ps1'
[2.967s] INFO:colcon.colcon_core.shell:Creating environment descriptor '/home/surya/ros2_ws/src/install/yolov8_msgs/share/yolov8_msgs/hook/ld_library_path_lib.dsv'
[2.968s] INFO:colcon.colcon_core.shell:Creating environment hook '/home/surya/ros2_ws/src/install/yolov8_msgs/share/yolov8_msgs/hook/ld_library_path_lib.sh'
[2.968s] Level 1:colcon.colcon_core.environment:checking '/home/surya/ros2_ws/src/install/yolov8_msgs/bin'
[2.968s] Level 1:colcon.colcon_core.environment:checking '/home/surya/ros2_ws/src/install/yolov8_msgs/lib/pkgconfig/yolov8_msgs.pc'
[2.968s] Level 1:colcon.colcon_core.environment:checking '/home/surya/ros2_ws/src/install/yolov8_msgs/lib/python3.10/site-packages'
[2.968s] Level 1:colcon.colcon_core.environment:checking '/home/surya/ros2_ws/src/install/yolov8_msgs/bin'
[2.968s] INFO:colcon.colcon_core.shell:Creating package script '/home/surya/ros2_ws/src/install/yolov8_msgs/share/yolov8_msgs/package.ps1'
[2.969s] INFO:colcon.colcon_core.shell:Creating package descriptor '/home/surya/ros2_ws/src/install/yolov8_msgs/share/yolov8_msgs/package.dsv'
[2.969s] INFO:colcon.colcon_core.shell:Creating package script '/home/surya/ros2_ws/src/install/yolov8_msgs/share/yolov8_msgs/package.sh'
[2.969s] INFO:colcon.colcon_core.shell:Creating package script '/home/surya/ros2_ws/src/install/yolov8_msgs/share/yolov8_msgs/package.bash'
[2.970s] INFO:colcon.colcon_core.shell:Creating package script '/home/surya/ros2_ws/src/install/yolov8_msgs/share/yolov8_msgs/package.zsh'
[2.970s] Level 1:colcon.colcon_core.environment:create_file_with_runtime_dependencies(/home/surya/ros2_ws/src/install/yolov8_msgs/share/colcon-core/packages/yolov8_msgs)
[2.970s] DEBUG:colcon.colcon_parallel_executor.executor.parallel:closing loop
[2.970s] DEBUG:colcon.colcon_parallel_executor.executor.parallel:loop closed
[2.970s] DEBUG:colcon.colcon_parallel_executor.executor.parallel:run_until_complete finished with '0'
[2.970s] DEBUG:colcon.colcon_core.event_reactor:joining thread
[2.975s] INFO:colcon.colcon_core.plugin_system:Skipping extension 'colcon_notification.desktop_notification.terminal_notifier': Not used on non-Darwin systems
[2.975s] INFO:colcon.colcon_core.plugin_system:Skipping extension 'colcon_notification.desktop_notification.win32': Not used on non-Windows systems
[2.975s] INFO:colcon.colcon_notification.desktop_notification:Sending desktop notification using 'notify2'
[2.983s] DEBUG:colcon.colcon_core.event_reactor:joined thread
[2.984s] INFO:colcon.colcon_core.shell:Creating prefix script '/home/surya/ros2_ws/src/install/local_setup.ps1'
[2.985s] INFO:colcon.colcon_core.shell:Creating prefix util module '/home/surya/ros2_ws/src/install/_local_setup_util_ps1.py'
[2.986s] INFO:colcon.colcon_core.shell:Creating prefix chain script '/home/surya/ros2_ws/src/install/setup.ps1'
[2.986s] INFO:colcon.colcon_core.shell:Creating prefix script '/home/surya/ros2_ws/src/install/local_setup.sh'
[2.987s] INFO:colcon.colcon_core.shell:Creating prefix util module '/home/surya/ros2_ws/src/install/_local_setup_util_sh.py'
[2.987s] INFO:colcon.colcon_core.shell:Creating prefix chain script '/home/surya/ros2_ws/src/install/setup.sh'
[2.988s] INFO:colcon.colcon_core.shell:Creating prefix script '/home/surya/ros2_ws/src/install/local_setup.bash'
[2.989s] INFO:colcon.colcon_core.shell:Creating prefix chain script '/home/surya/ros2_ws/src/install/setup.bash'
[2.989s] INFO:colcon.colcon_core.shell:Creating prefix script '/home/surya/ros2_ws/src/install/local_setup.zsh'
[2.990s] INFO:colcon.colcon_core.shell:Creating prefix chain script '/home/surya/ros2_ws/src/install/setup.zsh'
