/home/surya/ros2_ws/src/action_server/install/action_server/lib/python3.10/site-packages/action_server/rotation_server.py
/home/surya/ros2_ws/src/action_server/install/action_server/lib/python3.10/site-packages/action_server/action_client.py
/home/surya/ros2_ws/src/action_server/install/action_server/lib/python3.10/site-packages/action_server/action_server.py
/home/surya/ros2_ws/src/action_server/install/action_server/lib/python3.10/site-packages/action_server/__init__.py
/home/surya/ros2_ws/src/action_server/install/action_server/lib/python3.10/site-packages/action_server/rotation_client.py
/home/surya/ros2_ws/src/action_server/install/action_server/lib/python3.10/site-packages/action_server/__pycache__/rotation_server.cpython-310.pyc
/home/surya/ros2_ws/src/action_server/install/action_server/lib/python3.10/site-packages/action_server/__pycache__/action_client.cpython-310.pyc
/home/surya/ros2_ws/src/action_server/install/action_server/lib/python3.10/site-packages/action_server/__pycache__/action_server.cpython-310.pyc
/home/surya/ros2_ws/src/action_server/install/action_server/lib/python3.10/site-packages/action_server/__pycache__/__init__.cpython-310.pyc
/home/surya/ros2_ws/src/action_server/install/action_server/lib/python3.10/site-packages/action_server/__pycache__/rotation_client.cpython-310.pyc
/home/surya/ros2_ws/src/action_server/install/action_server/share/ament_index/resource_index/packages/action_server
/home/surya/ros2_ws/src/action_server/install/action_server/share/action_server/package.xml
/home/surya/ros2_ws/src/action_server/install/action_server/lib/python3.10/site-packages/action_server-0.0.0-py3.10.egg-info/dependency_links.txt
/home/surya/ros2_ws/src/action_server/install/action_server/lib/python3.10/site-packages/action_server-0.0.0-py3.10.egg-info/requires.txt
/home/surya/ros2_ws/src/action_server/install/action_server/lib/python3.10/site-packages/action_server-0.0.0-py3.10.egg-info/zip-safe
/home/surya/ros2_ws/src/action_server/install/action_server/lib/python3.10/site-packages/action_server-0.0.0-py3.10.egg-info/top_level.txt
/home/surya/ros2_ws/src/action_server/install/action_server/lib/python3.10/site-packages/action_server-0.0.0-py3.10.egg-info/entry_points.txt
/home/surya/ros2_ws/src/action_server/install/action_server/lib/python3.10/site-packages/action_server-0.0.0-py3.10.egg-info/PKG-INFO
/home/surya/ros2_ws/src/action_server/install/action_server/lib/python3.10/site-packages/action_server-0.0.0-py3.10.egg-info/SOURCES.txt
/home/surya/ros2_ws/src/action_server/install/action_server/lib/action_server/rotation_client
/home/surya/ros2_ws/src/action_server/install/action_server/lib/action_server/rotation_server
