[0.013s] Invoking command in '/home/surya/ros2_ws/src/launcher/build/launcher': CMAKE_PREFIX_PATH=${CMAKE_PREFIX_PATH}:/home/surya/ros2_ws/install/week1:/home/surya/ros2_ws/install/tweak:/home/surya/ros2_ws/install/tutorial_interfaces:/home/surya/ros2_ws/install/turtlesim_controller:/home/surya/ros2_ws/install/simple_server:/home/surya/ros2_ws/install/service:/home/surya/ros2_ws/install/second_robot:/home/surya/ros2_ws/install/opencv:/home/surya/ros2_ws/install/my_simulation_launch:/home/surya/ros2_ws/install/my_robot_controller:/home/surya/ros2_ws/install/game:/home/surya/install/tweak:/home/surya/install/simple_server:/home/surya/install/opencv:/opt/ros/humble /usr/bin/cmake /home/surya/ros2_ws/src/launcher -DCMAKE_INSTALL_PREFIX=/home/surya/ros2_ws/src/launcher/install/launcher
[0.107s] -- The C compiler identification is GNU 11.4.0
[0.180s] -- The CXX compiler identification is GNU 11.4.0
[0.191s] -- Detecting C compiler ABI info
[0.271s] -- Detecting C compiler ABI info - done
[0.276s] -- Check for working C compiler: /usr/bin/cc - skipped
[0.277s] -- Detecting C compile features
[0.278s] -- Detecting C compile features - done
[0.281s] -- Detecting CXX compiler ABI info
[0.366s] -- Detecting CXX compiler ABI info - done
[0.371s] -- Check for working CXX compiler: /usr/bin/c++ - skipped
[0.371s] -- Detecting CXX compile features
[0.372s] -- Detecting CXX compile features - done
[0.379s] -- Found ament_cmake: 1.3.11 (/opt/ros/humble/share/ament_cmake/cmake)
[0.540s] -- Found Python3: /usr/bin/python3 (found version "3.10.12") found components: Interpreter 
[0.663s] -- Found ament_lint_auto: 0.12.12 (/opt/ros/humble/share/ament_lint_auto/cmake)
[0.758s] -- Added test 'cppcheck' to perform static code analysis on C / C++ code
[0.758s] -- Configured cppcheck include dirs: 
[0.758s] -- Configured cppcheck exclude dirs and/or files: 
[0.759s] -- Added test 'flake8' to check Python code syntax and style conventions
[0.761s] -- Added test 'lint_cmake' to check CMake code style
[0.762s] -- Added test 'pep257' to check Python code against some of the docstring style conventions in PEP 257
[0.767s] -- Added test 'uncrustify' to check C / C++ code style
[0.768s] -- Configured uncrustify additional arguments: 
[0.769s] -- Added test 'xmllint' to check XML markup files
[0.771s] -- Configuring done
[0.773s] -- Generating done
[0.775s] -- Build files have been written to: /home/surya/ros2_ws/src/launcher/build/launcher
[0.780s] Invoked command in '/home/surya/ros2_ws/src/launcher/build/launcher' returned '0': CMAKE_PREFIX_PATH=${CMAKE_PREFIX_PATH}:/home/surya/ros2_ws/install/week1:/home/surya/ros2_ws/install/tweak:/home/surya/ros2_ws/install/tutorial_interfaces:/home/surya/ros2_ws/install/turtlesim_controller:/home/surya/ros2_ws/install/simple_server:/home/surya/ros2_ws/install/service:/home/surya/ros2_ws/install/second_robot:/home/surya/ros2_ws/install/opencv:/home/surya/ros2_ws/install/my_simulation_launch:/home/surya/ros2_ws/install/my_robot_controller:/home/surya/ros2_ws/install/game:/home/surya/install/tweak:/home/surya/install/simple_server:/home/surya/install/opencv:/opt/ros/humble /usr/bin/cmake /home/surya/ros2_ws/src/launcher -DCMAKE_INSTALL_PREFIX=/home/surya/ros2_ws/src/launcher/install/launcher
[0.782s] Invoking command in '/home/surya/ros2_ws/src/launcher/build/launcher': CMAKE_PREFIX_PATH=${CMAKE_PREFIX_PATH}:/home/surya/ros2_ws/install/week1:/home/surya/ros2_ws/install/tweak:/home/surya/ros2_ws/install/tutorial_interfaces:/home/surya/ros2_ws/install/turtlesim_controller:/home/surya/ros2_ws/install/simple_server:/home/surya/ros2_ws/install/service:/home/surya/ros2_ws/install/second_robot:/home/surya/ros2_ws/install/opencv:/home/surya/ros2_ws/install/my_simulation_launch:/home/surya/ros2_ws/install/my_robot_controller:/home/surya/ros2_ws/install/game:/home/surya/install/tweak:/home/surya/install/simple_server:/home/surya/install/opencv:/opt/ros/humble /usr/bin/cmake --build /home/surya/ros2_ws/src/launcher/build/launcher -- -j16 -l16
[0.824s] Invoked command in '/home/surya/ros2_ws/src/launcher/build/launcher' returned '0': CMAKE_PREFIX_PATH=${CMAKE_PREFIX_PATH}:/home/surya/ros2_ws/install/week1:/home/surya/ros2_ws/install/tweak:/home/surya/ros2_ws/install/tutorial_interfaces:/home/surya/ros2_ws/install/turtlesim_controller:/home/surya/ros2_ws/install/simple_server:/home/surya/ros2_ws/install/service:/home/surya/ros2_ws/install/second_robot:/home/surya/ros2_ws/install/opencv:/home/surya/ros2_ws/install/my_simulation_launch:/home/surya/ros2_ws/install/my_robot_controller:/home/surya/ros2_ws/install/game:/home/surya/install/tweak:/home/surya/install/simple_server:/home/surya/install/opencv:/opt/ros/humble /usr/bin/cmake --build /home/surya/ros2_ws/src/launcher/build/launcher -- -j16 -l16
[0.836s] Invoking command in '/home/surya/ros2_ws/src/launcher/build/launcher': CMAKE_PREFIX_PATH=${CMAKE_PREFIX_PATH}:/home/surya/ros2_ws/install/week1:/home/surya/ros2_ws/install/tweak:/home/surya/ros2_ws/install/tutorial_interfaces:/home/surya/ros2_ws/install/turtlesim_controller:/home/surya/ros2_ws/install/simple_server:/home/surya/ros2_ws/install/service:/home/surya/ros2_ws/install/second_robot:/home/surya/ros2_ws/install/opencv:/home/surya/ros2_ws/install/my_simulation_launch:/home/surya/ros2_ws/install/my_robot_controller:/home/surya/ros2_ws/install/game:/home/surya/install/tweak:/home/surya/install/simple_server:/home/surya/install/opencv:/opt/ros/humble /usr/bin/cmake --install /home/surya/ros2_ws/src/launcher/build/launcher
[0.842s] -- Install configuration: ""
[0.842s] -- Installing: /home/surya/ros2_ws/src/launcher/install/launcher/share/launcher/launch
[0.842s] -- Installing: /home/surya/ros2_ws/src/launcher/install/launcher/share/launcher/launch/launcher.launch.py
[0.842s] -- Installing: /home/surya/ros2_ws/src/launcher/install/launcher/share/ament_index/resource_index/package_run_dependencies/launcher
[0.843s] -- Installing: /home/surya/ros2_ws/src/launcher/install/launcher/share/ament_index/resource_index/parent_prefix_path/launcher
[0.843s] -- Installing: /home/surya/ros2_ws/src/launcher/install/launcher/share/launcher/environment/ament_prefix_path.sh
[0.843s] -- Installing: /home/surya/ros2_ws/src/launcher/install/launcher/share/launcher/environment/ament_prefix_path.dsv
[0.843s] -- Installing: /home/surya/ros2_ws/src/launcher/install/launcher/share/launcher/environment/path.sh
[0.843s] -- Installing: /home/surya/ros2_ws/src/launcher/install/launcher/share/launcher/environment/path.dsv
[0.843s] -- Installing: /home/surya/ros2_ws/src/launcher/install/launcher/share/launcher/local_setup.bash
[0.844s] -- Installing: /home/surya/ros2_ws/src/launcher/install/launcher/share/launcher/local_setup.sh
[0.844s] -- Installing: /home/surya/ros2_ws/src/launcher/install/launcher/share/launcher/local_setup.zsh
[0.844s] -- Installing: /home/surya/ros2_ws/src/launcher/install/launcher/share/launcher/local_setup.dsv
[0.844s] -- Installing: /home/surya/ros2_ws/src/launcher/install/launcher/share/launcher/package.dsv
[0.844s] -- Installing: /home/surya/ros2_ws/src/launcher/install/launcher/share/ament_index/resource_index/packages/launcher
[0.844s] -- Installing: /home/surya/ros2_ws/src/launcher/install/launcher/share/launcher/cmake/launcherConfig.cmake
[0.844s] -- Installing: /home/surya/ros2_ws/src/launcher/install/launcher/share/launcher/cmake/launcherConfig-version.cmake
[0.844s] -- Installing: /home/surya/ros2_ws/src/launcher/install/launcher/share/launcher/package.xml
[0.846s] Invoked command in '/home/surya/ros2_ws/src/launcher/build/launcher' returned '0': CMAKE_PREFIX_PATH=${CMAKE_PREFIX_PATH}:/home/surya/ros2_ws/install/week1:/home/surya/ros2_ws/install/tweak:/home/surya/ros2_ws/install/tutorial_interfaces:/home/surya/ros2_ws/install/turtlesim_controller:/home/surya/ros2_ws/install/simple_server:/home/surya/ros2_ws/install/service:/home/surya/ros2_ws/install/second_robot:/home/surya/ros2_ws/install/opencv:/home/surya/ros2_ws/install/my_simulation_launch:/home/surya/ros2_ws/install/my_robot_controller:/home/surya/ros2_ws/install/game:/home/surya/install/tweak:/home/surya/install/simple_server:/home/surya/install/opencv:/opt/ros/humble /usr/bin/cmake --install /home/surya/ros2_ws/src/launcher/build/launcher
