[0.119s] DEBUG:colcon:Command line arguments: ['/usr/bin/colcon', 'build', '--packages-select', 'launcher']
[0.119s] DEBUG:colcon:Parsed command line arguments: Namespace(log_base=None, log_level=None, verb_name='build', build_base='build', install_base='install', merge_install=False, symlink_install=False, test_result_base=None, continue_on_error=False, executor='parallel', parallel_workers=16, event_handlers=None, ignore_user_meta=False, metas=['./colcon.meta'], base_paths=['.'], packages_ignore=None, packages_ignore_regex=None, paths=None, packages_up_to=None, packages_up_to_regex=None, packages_above=None, packages_above_and_dependencies=None, packages_above_depth=None, packages_select_by_dep=None, packages_skip_by_dep=None, packages_skip_up_to=None, packages_select_build_failed=False, packages_skip_build_finished=False, packages_select_test_failures=False, packages_skip_test_passed=False, packages_select=['launcher'], packages_skip=None, packages_select_regex=None, packages_skip_regex=None, packages_start=None, packages_end=None, allow_overriding=[], cmake_args=None, cmake_target=None, cmake_target_skip_unavailable=False, cmake_clean_cache=False, cmake_clean_first=False, cmake_force_configure=False, ament_cmake_args=None, catkin_cmake_args=None, catkin_skip_building_tests=False, verb_parser=<colcon_defaults.argument_parser.defaults.DefaultArgumentsDecorator object at 0x7fa59d7984c0>, verb_extension=<colcon_core.verb.build.BuildVerb object at 0x7fa59d757fa0>, main=<bound method BuildVerb.main of <colcon_core.verb.build.BuildVerb object at 0x7fa59d757fa0>>)
[0.248s] Level 1:colcon.colcon_core.package_discovery:discover_packages(colcon_meta) check parameters
[0.248s] Level 1:colcon.colcon_core.package_discovery:discover_packages(recursive) check parameters
[0.248s] Level 1:colcon.colcon_core.package_discovery:discover_packages(ignore) check parameters
[0.248s] Level 1:colcon.colcon_core.package_discovery:discover_packages(path) check parameters
[0.248s] Level 1:colcon.colcon_core.package_discovery:discover_packages(colcon_meta) discover
[0.248s] Level 1:colcon.colcon_core.package_discovery:discover_packages(recursive) discover
[0.248s] INFO:colcon.colcon_core.package_discovery:Crawling recursively for packages in '/home/surya/ros2_ws/src/launcher'
[0.248s] Level 1:colcon.colcon_core.package_identification:_identify(.) by extensions ['ignore', 'ignore_ament_install']
[0.248s] Level 1:colcon.colcon_core.package_identification:_identify(.) by extension 'ignore'
[0.248s] Level 1:colcon.colcon_core.package_identification:_identify(.) by extension 'ignore_ament_install'
[0.248s] Level 1:colcon.colcon_core.package_identification:_identify(.) by extensions ['colcon_pkg']
[0.248s] Level 1:colcon.colcon_core.package_identification:_identify(.) by extension 'colcon_pkg'
[0.248s] Level 1:colcon.colcon_core.package_identification:_identify(.) by extensions ['colcon_meta']
[0.248s] Level 1:colcon.colcon_core.package_identification:_identify(.) by extension 'colcon_meta'
[0.249s] Level 1:colcon.colcon_core.package_identification:_identify(.) by extensions ['ros']
[0.249s] Level 1:colcon.colcon_core.package_identification:_identify(.) by extension 'ros'
[0.258s] DEBUG:colcon.colcon_core.package_identification:Package '.' with type 'ros.ament_cmake' and name 'launcher'
[0.258s] Level 1:colcon.colcon_core.package_discovery:discover_packages(recursive) using defaults
[0.258s] Level 1:colcon.colcon_core.package_discovery:discover_packages(ignore) discover
[0.258s] Level 1:colcon.colcon_core.package_discovery:discover_packages(ignore) using defaults
[0.258s] Level 1:colcon.colcon_core.package_discovery:discover_packages(path) discover
[0.258s] Level 1:colcon.colcon_core.package_discovery:discover_packages(path) using defaults
[0.291s] Level 1:colcon.colcon_core.package_discovery:discover_packages(prefix_path) check parameters
[0.292s] Level 1:colcon.colcon_core.package_discovery:discover_packages(prefix_path) discover
[0.296s] DEBUG:colcon.colcon_installed_package_information.package_discovery:Found 16 installed packages in /home/surya/ros2_ws/install
[0.297s] DEBUG:colcon.colcon_installed_package_information.package_discovery:Found 3 installed packages in /home/surya/turtlebot3_ws/install
[0.297s] DEBUG:colcon.colcon_installed_package_information.package_discovery:Found 4 installed packages in /home/surya/install
[0.298s] DEBUG:colcon.colcon_installed_package_information.package_discovery:Found 1 installed packages in /home/surya/ros2_ws/src/install
[0.299s] DEBUG:colcon.colcon_installed_package_information.package_discovery:Found 352 installed packages in /opt/ros/humble
[0.300s] Level 1:colcon.colcon_core.package_discovery:discover_packages(prefix_path) using defaults
[0.349s] Level 5:colcon.colcon_core.verb:set package 'launcher' build argument 'cmake_args' from command line to 'None'
[0.349s] Level 5:colcon.colcon_core.verb:set package 'launcher' build argument 'cmake_target' from command line to 'None'
[0.349s] Level 5:colcon.colcon_core.verb:set package 'launcher' build argument 'cmake_target_skip_unavailable' from command line to 'False'
[0.349s] Level 5:colcon.colcon_core.verb:set package 'launcher' build argument 'cmake_clean_cache' from command line to 'False'
[0.349s] Level 5:colcon.colcon_core.verb:set package 'launcher' build argument 'cmake_clean_first' from command line to 'False'
[0.349s] Level 5:colcon.colcon_core.verb:set package 'launcher' build argument 'cmake_force_configure' from command line to 'False'
[0.349s] Level 5:colcon.colcon_core.verb:set package 'launcher' build argument 'ament_cmake_args' from command line to 'None'
[0.349s] Level 5:colcon.colcon_core.verb:set package 'launcher' build argument 'catkin_cmake_args' from command line to 'None'
[0.349s] Level 5:colcon.colcon_core.verb:set package 'launcher' build argument 'catkin_skip_building_tests' from command line to 'False'
[0.349s] DEBUG:colcon.colcon_core.verb:Building package 'launcher' with the following arguments: {'ament_cmake_args': None, 'build_base': '/home/surya/ros2_ws/src/launcher/build/launcher', 'catkin_cmake_args': None, 'catkin_skip_building_tests': False, 'cmake_args': None, 'cmake_clean_cache': False, 'cmake_clean_first': False, 'cmake_force_configure': False, 'cmake_target': None, 'cmake_target_skip_unavailable': False, 'install_base': '/home/surya/ros2_ws/src/launcher/install/launcher', 'merge_install': False, 'path': '/home/surya/ros2_ws/src/launcher', 'symlink_install': False, 'test_result_base': None}
[0.349s] INFO:colcon.colcon_core.executor:Executing jobs using 'parallel' executor
[0.350s] DEBUG:colcon.colcon_parallel_executor.executor.parallel:run_until_complete
[0.350s] INFO:colcon.colcon_ros.task.ament_cmake.build:Building ROS package in '/home/surya/ros2_ws/src/launcher' with build type 'ament_cmake'
[0.350s] INFO:colcon.colcon_cmake.task.cmake.build:Building CMake package in '/home/surya/ros2_ws/src/launcher'
[0.354s] INFO:colcon.colcon_core.plugin_system:Skipping extension 'colcon_core.shell.bat': Not used on non-Windows systems
[0.354s] INFO:colcon.colcon_core.shell:Skip shell extension 'powershell' for command environment: Not usable outside of PowerShell
[0.354s] DEBUG:colcon.colcon_core.shell:Skip shell extension 'dsv' for command environment
[0.363s] DEBUG:colcon.colcon_core.event_handler.log_command:Invoking command in '/home/surya/ros2_ws/src/launcher/build/launcher': CMAKE_PREFIX_PATH=${CMAKE_PREFIX_PATH}:/home/surya/ros2_ws/install/week1:/home/surya/ros2_ws/install/tweak:/home/surya/ros2_ws/install/tutorial_interfaces:/home/surya/ros2_ws/install/turtlesim_controller:/home/surya/ros2_ws/install/simple_server:/home/surya/ros2_ws/install/service:/home/surya/ros2_ws/install/second_robot:/home/surya/ros2_ws/install/opencv:/home/surya/ros2_ws/install/my_simulation_launch:/home/surya/ros2_ws/install/my_robot_controller:/home/surya/ros2_ws/install/game:/home/surya/install/tweak:/home/surya/install/simple_server:/home/surya/install/opencv:/opt/ros/humble /usr/bin/cmake /home/surya/ros2_ws/src/launcher -DCMAKE_INSTALL_PREFIX=/home/surya/ros2_ws/src/launcher/install/launcher
[1.131s] DEBUG:colcon.colcon_core.event_handler.log_command:Invoked command in '/home/surya/ros2_ws/src/launcher/build/launcher' returned '0': CMAKE_PREFIX_PATH=${CMAKE_PREFIX_PATH}:/home/surya/ros2_ws/install/week1:/home/surya/ros2_ws/install/tweak:/home/surya/ros2_ws/install/tutorial_interfaces:/home/surya/ros2_ws/install/turtlesim_controller:/home/surya/ros2_ws/install/simple_server:/home/surya/ros2_ws/install/service:/home/surya/ros2_ws/install/second_robot:/home/surya/ros2_ws/install/opencv:/home/surya/ros2_ws/install/my_simulation_launch:/home/surya/ros2_ws/install/my_robot_controller:/home/surya/ros2_ws/install/game:/home/surya/install/tweak:/home/surya/install/simple_server:/home/surya/install/opencv:/opt/ros/humble /usr/bin/cmake /home/surya/ros2_ws/src/launcher -DCMAKE_INSTALL_PREFIX=/home/surya/ros2_ws/src/launcher/install/launcher
[1.133s] DEBUG:colcon.colcon_core.event_handler.log_command:Invoking command in '/home/surya/ros2_ws/src/launcher/build/launcher': CMAKE_PREFIX_PATH=${CMAKE_PREFIX_PATH}:/home/surya/ros2_ws/install/week1:/home/surya/ros2_ws/install/tweak:/home/surya/ros2_ws/install/tutorial_interfaces:/home/surya/ros2_ws/install/turtlesim_controller:/home/surya/ros2_ws/install/simple_server:/home/surya/ros2_ws/install/service:/home/surya/ros2_ws/install/second_robot:/home/surya/ros2_ws/install/opencv:/home/surya/ros2_ws/install/my_simulation_launch:/home/surya/ros2_ws/install/my_robot_controller:/home/surya/ros2_ws/install/game:/home/surya/install/tweak:/home/surya/install/simple_server:/home/surya/install/opencv:/opt/ros/humble /usr/bin/cmake --build /home/surya/ros2_ws/src/launcher/build/launcher -- -j16 -l16
[1.175s] DEBUG:colcon.colcon_core.event_handler.log_command:Invoked command in '/home/surya/ros2_ws/src/launcher/build/launcher' returned '0': CMAKE_PREFIX_PATH=${CMAKE_PREFIX_PATH}:/home/surya/ros2_ws/install/week1:/home/surya/ros2_ws/install/tweak:/home/surya/ros2_ws/install/tutorial_interfaces:/home/surya/ros2_ws/install/turtlesim_controller:/home/surya/ros2_ws/install/simple_server:/home/surya/ros2_ws/install/service:/home/surya/ros2_ws/install/second_robot:/home/surya/ros2_ws/install/opencv:/home/surya/ros2_ws/install/my_simulation_launch:/home/surya/ros2_ws/install/my_robot_controller:/home/surya/ros2_ws/install/game:/home/surya/install/tweak:/home/surya/install/simple_server:/home/surya/install/opencv:/opt/ros/humble /usr/bin/cmake --build /home/surya/ros2_ws/src/launcher/build/launcher -- -j16 -l16
[1.187s] DEBUG:colcon.colcon_core.event_handler.log_command:Invoking command in '/home/surya/ros2_ws/src/launcher/build/launcher': CMAKE_PREFIX_PATH=${CMAKE_PREFIX_PATH}:/home/surya/ros2_ws/install/week1:/home/surya/ros2_ws/install/tweak:/home/surya/ros2_ws/install/tutorial_interfaces:/home/surya/ros2_ws/install/turtlesim_controller:/home/surya/ros2_ws/install/simple_server:/home/surya/ros2_ws/install/service:/home/surya/ros2_ws/install/second_robot:/home/surya/ros2_ws/install/opencv:/home/surya/ros2_ws/install/my_simulation_launch:/home/surya/ros2_ws/install/my_robot_controller:/home/surya/ros2_ws/install/game:/home/surya/install/tweak:/home/surya/install/simple_server:/home/surya/install/opencv:/opt/ros/humble /usr/bin/cmake --install /home/surya/ros2_ws/src/launcher/build/launcher
[1.196s] Level 1:colcon.colcon_core.environment:create_environment_scripts_only(launcher)
[1.197s] DEBUG:colcon.colcon_core.event_handler.log_command:Invoked command in '/home/surya/ros2_ws/src/launcher/build/launcher' returned '0': CMAKE_PREFIX_PATH=${CMAKE_PREFIX_PATH}:/home/surya/ros2_ws/install/week1:/home/surya/ros2_ws/install/tweak:/home/surya/ros2_ws/install/tutorial_interfaces:/home/surya/ros2_ws/install/turtlesim_controller:/home/surya/ros2_ws/install/simple_server:/home/surya/ros2_ws/install/service:/home/surya/ros2_ws/install/second_robot:/home/surya/ros2_ws/install/opencv:/home/surya/ros2_ws/install/my_simulation_launch:/home/surya/ros2_ws/install/my_robot_controller:/home/surya/ros2_ws/install/game:/home/surya/install/tweak:/home/surya/install/simple_server:/home/surya/install/opencv:/opt/ros/humble /usr/bin/cmake --install /home/surya/ros2_ws/src/launcher/build/launcher
[1.201s] Level 1:colcon.colcon_core.environment:checking '/home/surya/ros2_ws/src/launcher/install/launcher' for CMake module files
[1.202s] Level 1:colcon.colcon_core.environment:checking '/home/surya/ros2_ws/src/launcher/install/launcher' for CMake config files
[1.202s] Level 1:colcon.colcon_core.shell:create_environment_hook('launcher', 'cmake_prefix_path')
[1.202s] INFO:colcon.colcon_core.shell:Creating environment hook '/home/surya/ros2_ws/src/launcher/install/launcher/share/launcher/hook/cmake_prefix_path.ps1'
[1.203s] INFO:colcon.colcon_core.shell:Creating environment descriptor '/home/surya/ros2_ws/src/launcher/install/launcher/share/launcher/hook/cmake_prefix_path.dsv'
[1.203s] INFO:colcon.colcon_core.shell:Creating environment hook '/home/surya/ros2_ws/src/launcher/install/launcher/share/launcher/hook/cmake_prefix_path.sh'
[1.204s] Level 1:colcon.colcon_core.environment:checking '/home/surya/ros2_ws/src/launcher/install/launcher/bin'
[1.204s] Level 1:colcon.colcon_core.environment:checking '/home/surya/ros2_ws/src/launcher/install/launcher/lib/pkgconfig/launcher.pc'
[1.204s] Level 1:colcon.colcon_core.environment:checking '/home/surya/ros2_ws/src/launcher/install/launcher/lib/python3.10/site-packages'
[1.205s] Level 1:colcon.colcon_core.environment:checking '/home/surya/ros2_ws/src/launcher/install/launcher/bin'
[1.205s] INFO:colcon.colcon_core.shell:Creating package script '/home/surya/ros2_ws/src/launcher/install/launcher/share/launcher/package.ps1'
[1.205s] INFO:colcon.colcon_core.shell:Creating package descriptor '/home/surya/ros2_ws/src/launcher/install/launcher/share/launcher/package.dsv'
[1.206s] INFO:colcon.colcon_core.shell:Creating package script '/home/surya/ros2_ws/src/launcher/install/launcher/share/launcher/package.sh'
[1.207s] INFO:colcon.colcon_core.shell:Creating package script '/home/surya/ros2_ws/src/launcher/install/launcher/share/launcher/package.bash'
[1.207s] INFO:colcon.colcon_core.shell:Creating package script '/home/surya/ros2_ws/src/launcher/install/launcher/share/launcher/package.zsh'
[1.208s] Level 1:colcon.colcon_core.environment:create_file_with_runtime_dependencies(/home/surya/ros2_ws/src/launcher/install/launcher/share/colcon-core/packages/launcher)
[1.209s] Level 1:colcon.colcon_core.environment:create_environment_scripts_only(launcher)
[1.209s] Level 1:colcon.colcon_core.environment:checking '/home/surya/ros2_ws/src/launcher/install/launcher' for CMake module files
[1.210s] Level 1:colcon.colcon_core.environment:checking '/home/surya/ros2_ws/src/launcher/install/launcher' for CMake config files
[1.210s] Level 1:colcon.colcon_core.shell:create_environment_hook('launcher', 'cmake_prefix_path')
[1.210s] INFO:colcon.colcon_core.shell:Creating environment hook '/home/surya/ros2_ws/src/launcher/install/launcher/share/launcher/hook/cmake_prefix_path.ps1'
[1.210s] INFO:colcon.colcon_core.shell:Creating environment descriptor '/home/surya/ros2_ws/src/launcher/install/launcher/share/launcher/hook/cmake_prefix_path.dsv'
[1.211s] INFO:colcon.colcon_core.shell:Creating environment hook '/home/surya/ros2_ws/src/launcher/install/launcher/share/launcher/hook/cmake_prefix_path.sh'
[1.211s] Level 1:colcon.colcon_core.environment:checking '/home/surya/ros2_ws/src/launcher/install/launcher/bin'
[1.211s] Level 1:colcon.colcon_core.environment:checking '/home/surya/ros2_ws/src/launcher/install/launcher/lib/pkgconfig/launcher.pc'
[1.211s] Level 1:colcon.colcon_core.environment:checking '/home/surya/ros2_ws/src/launcher/install/launcher/lib/python3.10/site-packages'
[1.211s] Level 1:colcon.colcon_core.environment:checking '/home/surya/ros2_ws/src/launcher/install/launcher/bin'
[1.212s] INFO:colcon.colcon_core.shell:Creating package script '/home/surya/ros2_ws/src/launcher/install/launcher/share/launcher/package.ps1'
[1.212s] INFO:colcon.colcon_core.shell:Creating package descriptor '/home/surya/ros2_ws/src/launcher/install/launcher/share/launcher/package.dsv'
[1.212s] INFO:colcon.colcon_core.shell:Creating package script '/home/surya/ros2_ws/src/launcher/install/launcher/share/launcher/package.sh'
[1.212s] INFO:colcon.colcon_core.shell:Creating package script '/home/surya/ros2_ws/src/launcher/install/launcher/share/launcher/package.bash'
[1.213s] INFO:colcon.colcon_core.shell:Creating package script '/home/surya/ros2_ws/src/launcher/install/launcher/share/launcher/package.zsh'
[1.213s] Level 1:colcon.colcon_core.environment:create_file_with_runtime_dependencies(/home/surya/ros2_ws/src/launcher/install/launcher/share/colcon-core/packages/launcher)
[1.213s] DEBUG:colcon.colcon_parallel_executor.executor.parallel:closing loop
[1.213s] DEBUG:colcon.colcon_parallel_executor.executor.parallel:loop closed
[1.214s] DEBUG:colcon.colcon_parallel_executor.executor.parallel:run_until_complete finished with '0'
[1.214s] DEBUG:colcon.colcon_core.event_reactor:joining thread
[1.220s] INFO:colcon.colcon_core.plugin_system:Skipping extension 'colcon_notification.desktop_notification.terminal_notifier': Not used on non-Darwin systems
[1.220s] INFO:colcon.colcon_core.plugin_system:Skipping extension 'colcon_notification.desktop_notification.win32': Not used on non-Windows systems
[1.220s] INFO:colcon.colcon_notification.desktop_notification:Sending desktop notification using 'notify2'
[1.235s] DEBUG:colcon.colcon_core.event_reactor:joined thread
[1.236s] INFO:colcon.colcon_core.shell:Creating prefix script '/home/surya/ros2_ws/src/launcher/install/local_setup.ps1'
[1.237s] INFO:colcon.colcon_core.shell:Creating prefix util module '/home/surya/ros2_ws/src/launcher/install/_local_setup_util_ps1.py'
[1.238s] INFO:colcon.colcon_core.shell:Creating prefix chain script '/home/surya/ros2_ws/src/launcher/install/setup.ps1'
[1.240s] INFO:colcon.colcon_core.shell:Creating prefix script '/home/surya/ros2_ws/src/launcher/install/local_setup.sh'
[1.240s] INFO:colcon.colcon_core.shell:Creating prefix util module '/home/surya/ros2_ws/src/launcher/install/_local_setup_util_sh.py'
[1.241s] INFO:colcon.colcon_core.shell:Creating prefix chain script '/home/surya/ros2_ws/src/launcher/install/setup.sh'
[1.242s] INFO:colcon.colcon_core.shell:Creating prefix script '/home/surya/ros2_ws/src/launcher/install/local_setup.bash'
[1.242s] INFO:colcon.colcon_core.shell:Creating prefix chain script '/home/surya/ros2_ws/src/launcher/install/setup.bash'
[1.244s] INFO:colcon.colcon_core.shell:Creating prefix script '/home/surya/ros2_ws/src/launcher/install/local_setup.zsh'
[1.244s] INFO:colcon.colcon_core.shell:Creating prefix chain script '/home/surya/ros2_ws/src/launcher/install/setup.zsh'
